./kv/release/tests/db/kv_bench --cache_size=8388608 --db=/mnt/shunzi/test-data/wipdb/kv_ycsb --threads=8 --open_files=40000 --num=100000000 --range=100000000 --reads=2000000 --partition=100 --write_buffer_size=2097152 --batch_size=1000 --stats_interval=1000000 --bloom_bits=16 --low_pool=3 --high_pool=3 --value_size=100 --direct_io=false --histogram=true --log=true --skiplistrep=false --benchmarks=loadreverse,ycsba,ycsbb,ycsbc,ycsbf,ycsbd,ycsbe,stats --ycsb_ops_num=8000000 --seek_nexts=100 --use_existing_db=true --print_wa=true --log_dio=true --hugepage=true 
Bench num: 100000000, range: 100000000
Keys:       16 bytes each
Values:     100 bytes each (50 bytes after compression)
Entries:    100000000
RawSize:    11062.6 MB (estimated)
FileSize:   6294.3 MB (estimated)
WARNING: Snappy compression is not enabled
------------------------------------------------
Write buffer: 2048.00 KB. Compression: 0. 
Restore 100 pivots
Recover seq# 120002000, log# 143, min log#140026612649984, file# 11863
using restored pivots
Log_Recover_Time, 0.0000, BucketCount, 100 , Log_size, 0.0 ,MB
loadreverse  : 4160701.000 micros/op 0 ops/sec;
Microseconds per op:
Count: 0 Average: 0.0000  StdDev: 0.00
Min: 0  Median: 0.0000  Max: 0
Percentiles: P50: 0.00 P75: 0.00 P99: 0.00 P99.9: 0.00 P99.99: 0.00
------------------------------------------------------

2022/06/30-12:27:46  ... thread 7: (1000000,1000000) ops and (24433.3,24433.3) ops/second in (40.927817,40.927817) seconds
2022/06/30-12:27:46  ... thread 5: (1000000,1000000) ops and (24369.9,24369.9) ops/second in (41.034176,41.034176) seconds
2022/06/30-12:27:46  ... thread 2: (1000000,1000000) ops and (24292.2,24292.2) ops/second in (41.165552,41.165552) seconds
2022/06/30-12:27:46  ... thread 6: (1000000,1000000) ops and (24569.0,24569.0) ops/second in (40.701750,40.701750) seconds
2022/06/30-12:27:46  ... thread 4: (1000000,1000000) ops and (24552.7,24552.7) ops/second in (40.728758,40.728758) seconds
2022/06/30-12:27:46  ... thread 1: (1000000,1000000) ops and (24562.5,24562.5) ops/second in (40.712412,40.712412) seconds
2022/06/30-12:27:46  ... thread 3: (1000000,1000000) ops and (24239.7,24239.7) ops/second in (41.254631,41.254631) seconds
2022/06/30-12:27:47  ... thread 0: (1000000,1000000) ops and (24315.5,24315.5) ops/second in (41.126034,41.126034) seconds
2022/06/30-12:28:07  ... thread 7: (1000000,2000000) ops and (46757.4,32095.1) ops/second in (21.386983,62.314800) seconds
2022/06/30-12:28:08  ... thread 2: (1000000,2000000) ops and (46793.7,31981.6) ops/second in (21.370376,62.535928) seconds
2022/06/30-12:28:08  ... thread 6: (1000000,2000000) ops and (46733.2,32206.2) ops/second in (21.398045,62.099795) seconds
2022/06/30-12:28:08  ... thread 5: (1000000,2000000) ops and (46498.1,31979.3) ops/second in (21.506271,62.540447) seconds
2022/06/30-12:28:08  ... thread 4: (1000000,2000000) ops and (46843.8,32218.4) ops/second in (21.347527,62.076285) seconds
2022/06/30-12:28:08  ... thread 3: (1000000,2000000) ops and (46694.7,31913.0) ops/second in (21.415717,62.670348) seconds
2022/06/30-12:28:08  ... thread 1: (1000000,2000000) ops and (46012.7,32027.9) ops/second in (21.733119,62.445531) seconds
2022/06/30-12:28:08  ... thread 0: (1000000,2000000) ops and (46217.8,31866.0) ops/second in (21.636694,62.762728) seconds
2022/06/30-12:28:28  ... thread 7: (1000000,3000000) ops and (47820.5,36046.3) ops/second in (20.911513,83.226313) seconds
2022/06/30-12:28:29  ... thread 6: (1000000,3000000) ops and (47698.6,36116.4) ops/second in (20.964997,83.064792) seconds
2022/06/30-12:28:29  ... thread 2: (1000000,3000000) ops and (46697.9,35735.5) ops/second in (21.414220,83.950148) seconds
2022/06/30-12:28:29  ... thread 3: (1000000,3000000) ops and (47012.0,35739.2) ops/second in (21.271154,83.941502) seconds
2022/06/30-12:28:29  ... thread 4: (1000000,3000000) ops and (46587.9,35910.5) ops/second in (21.464781,83.541066) seconds
2022/06/30-12:28:29  ... thread 5: (1000000,3000000) ops and (46430.7,35681.2) ops/second in (21.537452,84.077899) seconds
2022/06/30-12:28:29  ... thread 1: (1000000,3000000) ops and (46865.3,35806.7) ops/second in (21.337737,83.783268) seconds
2022/06/30-12:28:30  ... thread 0: (1000000,3000000) ops and (45991.0,35500.4) ops/second in (21.743388,84.506116) seconds
2022/06/30-12:28:50  ... thread 7: (1000000,4000000) ops and (45347.6,37994.6) ops/second in (22.051863,105.278176) seconds
2022/06/30-12:28:50  ... thread 6: (1000000,4000000) ops and (45572.9,38092.5) ops/second in (21.942864,105.007656) seconds
2022/06/30-12:28:51  ... thread 2: (1000000,4000000) ops and (45434.0,37750.1) ops/second in (22.009942,105.960090) seconds
2022/06/30-12:28:51  ... thread 3: (1000000,4000000) ops and (45412.2,37749.4) ops/second in (22.020499,105.962001) seconds
2022/06/30-12:28:51  ... thread 4: (1000000,4000000) ops and (44791.6,37783.4) ops/second in (22.325618,105.866684) seconds
2022/06/30-12:28:52  ... thread 5: (1000000,4000000) ops and (44427.4,37528.2) ops/second in (22.508614,106.586513) seconds
2022/06/30-12:28:52  ... thread 1: (1000000,4000000) ops and (44041.4,37562.5) ops/second in (22.705907,106.489175) seconds
2022/06/30-12:28:52  ... thread 0: (1000000,4000000) ops and (44985.2,37475.8) ops/second in (22.229546,106.735662) seconds
2022/06/30-12:29:13  ... thread 6: (1000000,5000000) ops and (45209.2,39330.7) ops/second in (22.119384,127.127040) seconds
2022/06/30-12:29:13  ... thread 7: (1000000,5000000) ops and (44267.0,39102.7) ops/second in (22.590177,127.868353) seconds
2022/06/30-12:29:13  ... thread 2: (1000000,5000000) ops and (44445.5,38922.8) ops/second in (22.499451,128.459541) seconds
2022/06/30-12:29:14  ... thread 3: (1000000,5000000) ops and (44308.2,38901.1) ops/second in (22.569164,128.531165) seconds
2022/06/30-12:29:14  ... thread 5: (1000000,5000000) ops and (45211.0,38848.5) ops/second in (22.118530,128.705043) seconds
2022/06/30-12:29:14  ... thread 4: (1000000,5000000) ops and (44452.2,38952.1) ops/second in (22.496060,128.362744) seconds
2022/06/30-12:29:14  ... thread 1: (1000000,5000000) ops and (44592.5,38785.4) ops/second in (22.425298,128.914473) seconds
2022/06/30-12:29:15  ... thread 0: (1000000,5000000) ops and (44415.4,38684.6) ops/second in (22.514701,129.250363) seconds
2022/06/30-12:29:35  ... thread 6: (1000000,6000000) ops and (45610.5,40254.5) ops/second in (21.924771,149.051811) seconds
2022/06/30-12:29:35  ... thread 7: (1000000,6000000) ops and (46295.6,40142.2) ops/second in (21.600334,149.468687) seconds
2022/06/30-12:29:36  ... thread 3: (1000000,6000000) ops and (45583.9,39875.4) ops/second in (21.937562,150.468727) seconds
2022/06/30-12:29:36  ... thread 2: (1000000,6000000) ops and (44412.0,39741.4) ops/second in (22.516422,150.975963) seconds
2022/06/30-12:29:36  ... thread 4: (1000000,6000000) ops and (45149.3,39864.1) ops/second in (22.148728,150.511472) seconds
2022/06/30-12:29:36  ... thread 5: (1000000,6000000) ops and (44837.0,39733.0) ops/second in (22.302994,151.008037) seconds
2022/06/30-12:29:37  ... thread 1: (1000000,6000000) ops and (44615.3,39648.9) ops/second in (22.413818,151.328291) seconds
2022/06/30-12:29:37  ... thread 0: (1000000,6000000) ops and (44187.5,39504.6) ops/second in (22.630849,151.881212) seconds
2022/06/30-12:29:57  ... thread 7: (1000000,7000000) ops and (45160.7,40789.7) ops/second in (22.143156,171.611843) seconds
2022/06/30-12:29:57  ... thread 6: (1000000,7000000) ops and (44666.2,40830.6) ops/second in (22.388283,171.440094) seconds
2022/06/30-12:29:58  ... thread 3: (1000000,7000000) ops and (45383.1,40578.9) ops/second in (22.034653,172.503380) seconds
2022/06/30-12:29:58  ... thread 2: (1000000,7000000) ops and (45453.9,40468.0) ops/second in (22.000305,172.976268) seconds
2022/06/30-12:29:58  ... thread 5: (1000000,7000000) ops and (44962.1,40404.3) ops/second in (22.240939,173.248976) seconds
2022/06/30-12:29:59  ... thread 4: (1000000,7000000) ops and (44487.0,40464.8) ops/second in (22.478487,172.989959) seconds
2022/06/30-12:29:59  ... thread 1: (1000000,7000000) ops and (45027.6,40337.2) ops/second in (22.208581,173.536872) seconds
2022/06/30-12:30:00  ... thread 0: (1000000,7000000) ops and (44116.4,40103.5) ops/second in (22.667299,174.548511) seconds
2022/06/30-12:30:19  ... thread 7: (1000000,8000000) ops and (45169.2,41290.1) ops/second in (22.138967,193.750810) seconds
2022/06/30-12:30:19  ... thread 6: (1000000,8000000) ops and (44739.8,41281.5) ops/second in (22.351483,193.791577) seconds
2022/06/30-12:30:20  ... thread 2: (1000000,8000000) ops and (45855.5,41071.2) ops/second in (21.807623,194.783891) seconds
2022/06/30-12:30:20  ... thread 3: (1000000,8000000) ops and (44563.9,41037.6) ops/second in (22.439708,194.943088) seconds
2022/06/30-12:30:20  ... thread 5: (1000000,8000000) ops and (46041.7,41032.3) ops/second in (21.719459,194.968435) seconds
2022/06/30-12:30:21  ... thread 1: (1000000,8000000) ops and (46559.8,41022.6) ops/second in (21.477772,195.014644) seconds
2022/06/30-12:30:21  ... thread 0: (1000000,8000000) ops and (47735.3,40921.3) ops/second in (20.948855,195.497366) seconds
2022/06/30-12:30:21  ... thread 4: (1000000,8000000) ops and (44259.3,40903.1) ops/second in (22.594118,195.584077) seconds
ycsba        :       3.064 micros/op 326344 ops/sec;   36.1 MB/s (4000000 of 8000000 found)
Microseconds per op:
Count: 64000000 Average: 24.3490  StdDev: 47.85
Min: 0  Median: 18.0462  Max: 115596
Percentiles: P50: 18.05 P75: 22.68 P99: 77.96 P99.9: 707.07 P99.99: 11979.24
------------------------------------------------------
[       0,       1 ]    36852   0.058%   0.058% 
(       1,       2 ]    68695   0.107%   0.165% 
(       2,       3 ]   131937   0.206%   0.371% 
(       3,       4 ]   348037   0.544%   0.915% 
(       4,       6 ]   908135   1.419%   2.334% 
(       6,      10 ]  3598017   5.622%   7.956% #
(      10,      15 ] 15213199  23.771%  31.726% #####
(      15,      22 ] 26874984  41.992%  73.719% ########
(      22,      34 ] 14533265  22.708%  96.427% #####
(      34,      51 ]  1503827   2.350%  98.776% 
(      51,      76 ]   134960   0.211%  98.987% 
(      76,     110 ]   140674   0.220%  99.207% 
(     110,     170 ]   276421   0.432%  99.639% 
(     170,     250 ]    92961   0.145%  99.784% 
(     250,     380 ]    32175   0.050%  99.835% 
(     380,     580 ]    29176   0.046%  99.880% 
(     580,     870 ]    28950   0.045%  99.925% 
(     870,    1300 ]    18354   0.029%  99.954% 
(    1300,    1900 ]     6998   0.011%  99.965% 
(    1900,    2900 ]     2409   0.004%  99.969% 
(    2900,    4400 ]     1959   0.003%  99.972% 
(    4400,    6600 ]     1303   0.002%  99.974% 
(    6600,    9900 ]     4624   0.007%  99.981% 
(    9900,   14000 ]    11216   0.018%  99.999% 
(   14000,   22000 ]      442   0.001%  99.999% 
(   22000,   33000 ]      245   0.000% 100.000% 
(   33000,   50000 ]      103   0.000% 100.000% 
(   50000,   75000 ]       41   0.000% 100.000% 
(   75000,  110000 ]       33   0.000% 100.000% 
(  110000,  170000 ]        8   0.000% 100.000% 

2022/06/30-12:30:47  ... thread 3: (1000000,1000000) ops and (44150.6,44150.6) ops/second in (22.649773,22.649773) seconds
2022/06/30-12:30:47  ... thread 1: (1000000,1000000) ops and (43874.1,43874.1) ops/second in (22.792503,22.792503) seconds
2022/06/30-12:30:47  ... thread 6: (1000000,1000000) ops and (43926.4,43926.4) ops/second in (22.765353,22.765353) seconds
2022/06/30-12:30:47  ... thread 0: (1000000,1000000) ops and (42967.4,42967.4) ops/second in (23.273446,23.273446) seconds
2022/06/30-12:30:48  ... thread 4: (1000000,1000000) ops and (42253.7,42253.7) ops/second in (23.666547,23.666547) seconds
2022/06/30-12:30:49  ... thread 2: (1000000,1000000) ops and (41405.4,41405.4) ops/second in (24.151435,24.151435) seconds
2022/06/30-12:30:49  ... thread 7: (1000000,1000000) ops and (41069.8,41069.8) ops/second in (24.348793,24.348793) seconds
2022/06/30-12:30:50  ... thread 5: (1000000,1000000) ops and (39937.4,39937.4) ops/second in (25.039190,25.039190) seconds
2022/06/30-12:31:10  ... thread 3: (1000000,2000000) ops and (42838.7,43484.7) ops/second in (23.343376,45.993149) seconds
2022/06/30-12:31:10  ... thread 6: (1000000,2000000) ops and (43272.8,43597.2) ops/second in (23.109192,45.874545) seconds
2022/06/30-12:31:10  ... thread 1: (1000000,2000000) ops and (42786.4,43323.4) ops/second in (23.371913,46.164416) seconds
2022/06/30-12:31:11  ... thread 0: (1000000,2000000) ops and (42619.3,42792.6) ops/second in (23.463566,46.737012) seconds
2022/06/30-12:31:13  ... thread 4: (1000000,2000000) ops and (41022.4,41628.9) ops/second in (24.376951,48.043498) seconds
2022/06/30-12:31:13  ... thread 2: (1000000,2000000) ops and (41829.7,41616.5) ops/second in (23.906474,48.057909) seconds
2022/06/30-12:31:14  ... thread 7: (1000000,2000000) ops and (40483.8,40774.7) ops/second in (24.701257,49.050050) seconds
2022/06/30-12:31:14  ... thread 5: (1000000,2000000) ops and (40792.7,40360.5) ops/second in (24.514216,49.553406) seconds
2022/06/30-12:31:33  ... thread 3: (1000000,3000000) ops and (42830.5,43264.4) ops/second in (23.347848,69.340997) seconds
2022/06/30-12:31:34  ... thread 6: (1000000,3000000) ops and (42851.5,43345.7) ops/second in (23.336419,69.210964) seconds
2022/06/30-12:31:34  ... thread 1: (1000000,3000000) ops and (42919.1,43187.8) ops/second in (23.299673,69.464089) seconds
2022/06/30-12:31:34  ... thread 0: (1000000,3000000) ops and (42651.0,42745.3) ops/second in (23.446106,70.183118) seconds
2022/06/30-12:31:37  ... thread 2: (1000000,3000000) ops and (41150.1,41459.8) ops/second in (24.301297,72.359206) seconds
2022/06/30-12:31:37  ... thread 4: (1000000,3000000) ops and (40826.7,41358.1) ops/second in (24.493755,72.537253) seconds
2022/06/30-12:31:38  ... thread 7: (1000000,3000000) ops and (41505.5,41015.4) ops/second in (24.093220,73.143270) seconds
2022/06/30-12:31:39  ... thread 5: (1000000,3000000) ops and (41112.9,40608.2) ops/second in (24.323264,73.876670) seconds
2022/06/30-12:31:56  ... thread 3: (1000000,4000000) ops and (43635.6,43356.6) ops/second in (22.917062,92.258059) seconds
2022/06/30-12:31:56  ... thread 6: (1000000,4000000) ops and (43576.3,43403.1) ops/second in (22.948249,92.159213) seconds
2022/06/30-12:31:57  ... thread 1: (1000000,4000000) ops and (43000.0,43140.7) ops/second in (23.255808,92.719897) seconds
2022/06/30-12:31:58  ... thread 0: (1000000,4000000) ops and (42699.0,42733.7) ops/second in (23.419760,93.602878) seconds
2022/06/30-12:32:01  ... thread 2: (1000000,4000000) ops and (42730.3,41770.3) ops/second in (23.402612,95.761818) seconds
2022/06/30-12:32:01  ... thread 4: (1000000,4000000) ops and (42848.3,41720.8) ops/second in (23.338149,95.875402) seconds
2022/06/30-12:32:02  ... thread 7: (1000000,4000000) ops and (41958.2,41247.1) ops/second in (23.833241,96.976511) seconds
2022/06/30-12:32:02  ... thread 5: (1000000,4000000) ops and (42610.2,41090.9) ops/second in (23.468548,97.345218) seconds
2022/06/30-12:32:19  ... thread 3: (1000000,5000000) ops and (44591.3,43598.1) ops/second in (22.425911,114.683970) seconds
2022/06/30-12:32:19  ... thread 6: (1000000,5000000) ops and (44652.4,43647.4) ops/second in (22.395224,114.554437) seconds
2022/06/30-12:32:20  ... thread 1: (1000000,5000000) ops and (43962.8,43302.6) ops/second in (22.746525,115.466422) seconds
2022/06/30-12:32:20  ... thread 0: (1000000,5000000) ops and (43978.5,42977.0) ops/second in (22.738362,116.341240) seconds
2022/06/30-12:32:24  ... thread 2: (1000000,5000000) ops and (42577.4,41929.3) ops/second in (23.486635,119.248453) seconds
2022/06/30-12:32:24  ... thread 4: (1000000,5000000) ops and (42091.1,41794.3) ops/second in (23.758000,119.633402) seconds
2022/06/30-12:32:25  ... thread 7: (1000000,5000000) ops and (42492.0,41490.2) ops/second in (23.533861,120.510372) seconds
2022/06/30-12:32:26  ... thread 5: (1000000,5000000) ops and (42495.0,41364.2) ops/second in (23.532207,120.877425) seconds
2022/06/30-12:32:42  ... thread 6: (1000000,6000000) ops and (44146.4,43729.8) ops/second in (22.651884,137.206321) seconds
2022/06/30-12:32:42  ... thread 3: (1000000,6000000) ops and (43829.6,43636.5) ops/second in (22.815617,137.499587) seconds
2022/06/30-12:32:42  ... thread 1: (1000000,6000000) ops and (44055.8,43426.4) ops/second in (22.698476,138.164898) seconds
2022/06/30-12:32:43  ... thread 0: (1000000,6000000) ops and (44031.4,43149.2) ops/second in (22.711083,139.052323) seconds
2022/06/30-12:32:47  ... thread 2: (1000000,6000000) ops and (42775.6,42068.0) ops/second in (23.377802,142.626255) seconds
2022/06/30-12:32:48  ... thread 4: (1000000,6000000) ops and (42057.1,41837.9) ops/second in (23.777187,143.410589) seconds
2022/06/30-12:32:50  ... thread 7: (1000000,6000000) ops and (41284.0,41455.7) ops/second in (24.222485,144.732857) seconds
2022/06/30-12:32:50  ... thread 5: (1000000,6000000) ops and (41758.1,41429.4) ops/second in (23.947437,144.824862) seconds
2022/06/30-12:33:04  ... thread 3: (1000000,7000000) ops and (44110.4,43703.6) ops/second in (22.670392,160.169979) seconds
2022/06/30-12:33:04  ... thread 6: (1000000,7000000) ops and (43747.4,43732.3) ops/second in (22.858516,160.064837) seconds
2022/06/30-12:33:05  ... thread 1: (1000000,7000000) ops and (44546.1,43582.9) ops/second in (22.448673,160.613571) seconds
2022/06/30-12:33:06  ... thread 0: (1000000,7000000) ops and (44066.4,43277.9) ops/second in (22.693041,161.745364) seconds
2022/06/30-12:33:12  ... thread 2: (1000000,7000000) ops and (41471.8,41981.8) ops/second in (24.112755,166.739010) seconds
2022/06/30-12:33:13  ... thread 4: (1000000,7000000) ops and (41025.5,41719.9) ops/second in (24.375102,167.785691) seconds
2022/06/30-12:33:13  ... thread 7: (1000000,7000000) ops and (42490.1,41600.4) ops/second in (23.534915,168.267772) seconds
2022/06/30-12:33:13  ... thread 5: (1000000,7000000) ops and (42032.0,41514.4) ops/second in (23.791403,168.616265) seconds
2022/06/30-12:33:27  ... thread 3: (1000000,8000000) ops and (44390.7,43788.3) ops/second in (22.527257,182.697236) seconds
2022/06/30-12:33:27  ... thread 6: (1000000,8000000) ops and (43775.9,43737.7) ops/second in (22.843609,182.908446) seconds
2022/06/30-12:33:28  ... thread 1: (1000000,8000000) ops and (43203.2,43535.0) ops/second in (23.146442,183.760013) seconds
2022/06/30-12:33:29  ... thread 0: (1000000,8000000) ops and (43633.3,43322.0) ops/second in (22.918264,184.663628) seconds
2022/06/30-12:33:34  ... thread 2: (1000000,8000000) ops and (44799.4,42314.4) ops/second in (22.321719,189.060729) seconds
2022/06/30-12:33:35  ... thread 4: (1000000,8000000) ops and (45091.2,42113.5) ops/second in (22.177256,189.962947) seconds
2022/06/30-12:33:35  ... thread 7: (1000000,8000000) ops and (45115.2,42009.5) ops/second in (22.165492,190.433264) seconds
2022/06/30-12:33:35  ... thread 5: (1000000,8000000) ops and (45703.1,41995.5) ops/second in (21.880340,190.496605) seconds
ycsbb        :       2.989 micros/op 334504 ops/sec;   37.0 MB/s (7600000 of 8000000 found)
Microseconds per op:
Count: 64000000 Average: 23.3435  StdDev: 54.21
Min: 0  Median: 22.0731  Max: 17777
Percentiles: P50: 22.07 P75: 29.27 P99: 49.79 P99.9: 71.10 P99.99: 103.12
------------------------------------------------------
[       0,       1 ]   154643   0.242%   0.242% 
(       1,       2 ]   123999   0.194%   0.435% 
(       2,       3 ]    49459   0.077%   0.513% 
(       3,       4 ]   140816   0.220%   0.733% 
(       4,       6 ]   696328   1.088%   1.821% 
(       6,      10 ]  2777838   4.340%   6.161% #
(      10,      15 ]  6531748  10.206%  16.367% ##
(      15,      22 ] 21362597  33.379%  49.746% #######
(      22,      34 ] 26690482  41.704%  91.450% ########
(      34,      51 ]  5201089   8.127%  99.577% ##
(      51,      76 ]   257504   0.402%  99.979% 
(      76,     110 ]     8896   0.014%  99.993% 
(     110,     170 ]     1340   0.002%  99.995% 
(     170,     250 ]      553   0.001%  99.996% 
(     250,     380 ]      142   0.000%  99.996% 
(     380,     580 ]      222   0.000%  99.996% 
(     580,     870 ]      122   0.000%  99.997% 
(     870,    1300 ]      104   0.000%  99.997% 
(    1300,    1900 ]       60   0.000%  99.997% 
(    1900,    2900 ]      201   0.000%  99.997% 
(    2900,    4400 ]      173   0.000%  99.997% 
(    4400,    6600 ]      140   0.000%  99.998% 
(    6600,    9900 ]      598   0.001%  99.999% 
(    9900,   14000 ]      898   0.001% 100.000% 
(   14000,   22000 ]       48   0.000% 100.000% 

2022/06/30-12:34:01  ... thread 6: (1000000,1000000) ops and (44007.3,44007.3) ops/second in (22.723517,22.723517) seconds
2022/06/30-12:34:01  ... thread 3: (1000000,1000000) ops and (43274.0,43274.0) ops/second in (23.108541,23.108541) seconds
2022/06/30-12:34:01  ... thread 4: (1000000,1000000) ops and (42126.2,42126.2) ops/second in (23.738186,23.738186) seconds
2022/06/30-12:34:02  ... thread 1: (1000000,1000000) ops and (41994.0,41994.0) ops/second in (23.812935,23.812935) seconds
2022/06/30-12:34:02  ... thread 5: (1000000,1000000) ops and (42632.9,42632.9) ops/second in (23.456080,23.456080) seconds
2022/06/30-12:34:02  ... thread 0: (1000000,1000000) ops and (42079.0,42079.0) ops/second in (23.764824,23.764824) seconds
2022/06/30-12:34:02  ... thread 7: (1000000,1000000) ops and (42039.9,42039.9) ops/second in (23.786919,23.786919) seconds
2022/06/30-12:34:02  ... thread 2: (1000000,1000000) ops and (41410.6,41410.6) ops/second in (24.148423,24.148423) seconds
2022/06/30-12:34:23  ... thread 6: (1000000,2000000) ops and (45602.0,44790.5) ops/second in (21.928842,44.652359) seconds
2022/06/30-12:34:24  ... thread 5: (1000000,2000000) ops and (43953.0,43282.9) ops/second in (22.751574,46.207654) seconds
2022/06/30-12:34:25  ... thread 3: (1000000,2000000) ops and (42349.4,42806.7) ops/second in (23.613097,46.721638) seconds
2022/06/30-12:34:25  ... thread 7: (1000000,2000000) ops and (43678.2,42843.4) ops/second in (22.894697,46.681616) seconds
2022/06/30-12:34:25  ... thread 4: (1000000,2000000) ops and (42292.8,42209.3) ops/second in (23.644706,47.382892) seconds
2022/06/30-12:34:25  ... thread 2: (1000000,2000000) ops and (43488.6,42424.2) ops/second in (22.994521,47.142944) seconds
2022/06/30-12:34:25  ... thread 0: (1000000,2000000) ops and (42785.5,42429.3) ops/second in (23.372402,47.137226) seconds
2022/06/30-12:34:26  ... thread 1: (1000000,2000000) ops and (41383.6,41686.5) ops/second in (24.164175,47.977110) seconds
2022/06/30-12:34:46  ... thread 6: (1000000,3000000) ops and (42558.5,44020.9) ops/second in (23.497086,68.149445) seconds
2022/06/30-12:34:47  ... thread 5: (1000000,3000000) ops and (43507.3,43357.4) ops/second in (22.984638,69.192292) seconds
2022/06/30-12:34:48  ... thread 7: (1000000,3000000) ops and (43502.9,43061.0) ops/second in (22.986981,69.668597) seconds
2022/06/30-12:34:48  ... thread 3: (1000000,3000000) ops and (42349.7,42653.3) ops/second in (23.612926,70.334564) seconds
2022/06/30-12:34:48  ... thread 2: (1000000,3000000) ops and (43825.2,42881.1) ops/second in (22.817943,69.960887) seconds
2022/06/30-12:34:48  ... thread 4: (1000000,3000000) ops and (42961.2,42457.0) ops/second in (23.276818,70.659710) seconds
2022/06/30-12:34:48  ... thread 0: (1000000,3000000) ops and (43621.2,42819.3) ops/second in (22.924612,70.061838) seconds
2022/06/30-12:34:50  ... thread 1: (1000000,3000000) ops and (41795.7,41722.9) ops/second in (23.925893,71.903003) seconds
2022/06/30-12:35:10  ... thread 6: (1000000,4000000) ops and (41965.0,43488.3) ops/second in (23.829401,91.978846) seconds
2022/06/30-12:35:11  ... thread 5: (1000000,4000000) ops and (43275.1,43336.8) ops/second in (23.107962,92.300254) seconds
2022/06/30-12:35:11  ... thread 2: (1000000,4000000) ops and (43909.9,43133.8) ops/second in (22.773909,92.734796) seconds
2022/06/30-12:35:11  ... thread 0: (1000000,4000000) ops and (44023.2,43114.1) ops/second in (22.715281,92.777119) seconds
2022/06/30-12:35:11  ... thread 7: (1000000,4000000) ops and (43200.9,43095.9) ops/second in (23.147652,92.816249) seconds
2022/06/30-12:35:12  ... thread 4: (1000000,4000000) ops and (41857.3,42305.5) ops/second in (23.890690,94.550400) seconds
2022/06/30-12:35:12  ... thread 3: (1000000,4000000) ops and (41401.5,42333.3) ops/second in (24.153698,94.488262) seconds
2022/06/30-12:35:14  ... thread 1: (1000000,4000000) ops and (42019.7,41796.7) ops/second in (23.798341,95.701344) seconds
2022/06/30-12:35:32  ... thread 6: (1000000,5000000) ops and (44117.1,43612.6) ops/second in (22.666972,114.645818) seconds
2022/06/30-12:35:33  ... thread 5: (1000000,5000000) ops and (44596.6,43583.1) ops/second in (22.423231,114.723485) seconds
2022/06/30-12:35:33  ... thread 0: (1000000,5000000) ops and (45130.1,43502.8) ops/second in (22.158142,114.935261) seconds
2022/06/30-12:35:34  ... thread 7: (1000000,5000000) ops and (44376.5,43346.1) ops/second in (22.534450,115.350699) seconds
2022/06/30-12:35:34  ... thread 2: (1000000,5000000) ops and (44007.0,43305.6) ops/second in (22.723636,115.458432) seconds
2022/06/30-12:35:36  ... thread 4: (1000000,5000000) ops and (42457.5,42335.8) ops/second in (23.552963,118.103363) seconds
2022/06/30-12:35:36  ... thread 3: (1000000,5000000) ops and (41911.5,42248.3) ops/second in (23.859787,118.348049) seconds
2022/06/30-12:35:38  ... thread 1: (1000000,5000000) ops and (41002.4,41635.4) ops/second in (24.388846,120.090190) seconds
2022/06/30-12:35:56  ... thread 5: (1000000,6000000) ops and (44302.2,43701.3) ops/second in (22.572253,137.295738) seconds
2022/06/30-12:35:56  ... thread 0: (1000000,6000000) ops and (43842.7,43559.0) ops/second in (22.808834,137.744095) seconds
2022/06/30-12:35:56  ... thread 6: (1000000,6000000) ops and (42265.4,43382.1) ops/second in (23.660031,138.305849) seconds
2022/06/30-12:35:57  ... thread 7: (1000000,6000000) ops and (43631.6,43393.4) ops/second in (22.919166,138.269865) seconds
2022/06/30-12:35:57  ... thread 2: (1000000,6000000) ops and (43691.5,43369.5) ops/second in (22.887746,138.346178) seconds
2022/06/30-12:36:00  ... thread 4: (1000000,6000000) ops and (41469.3,42188.9) ops/second in (24.114251,142.217614) seconds
2022/06/30-12:36:00  ... thread 3: (1000000,6000000) ops and (41479.0,42118.1) ops/second in (24.108605,142.456654) seconds
2022/06/30-12:36:01  ... thread 1: (1000000,6000000) ops and (42554.6,41785.8) ops/second in (23.499209,143.589399) seconds
2022/06/30-12:36:18  ... thread 5: (1000000,7000000) ops and (44426.6,43803.4) ops/second in (22.509035,159.804773) seconds
2022/06/30-12:36:18  ... thread 0: (1000000,7000000) ops and (44972.5,43755.5) ops/second in (22.235814,159.979909) seconds
2022/06/30-12:36:19  ... thread 7: (1000000,7000000) ops and (44960.9,43610.6) ops/second in (22.241528,160.511393) seconds
2022/06/30-12:36:19  ... thread 6: (1000000,7000000) ops and (43645.2,43419.5) ops/second in (22.912053,161.217902) seconds
2022/06/30-12:36:19  ... thread 2: (1000000,7000000) ops and (44307.6,43501.0) ops/second in (22.569509,160.915687) seconds
2022/06/30-12:36:23  ... thread 4: (1000000,7000000) ops and (43273.2,42340.4) ops/second in (23.109010,165.326624) seconds
2022/06/30-12:36:24  ... thread 3: (1000000,7000000) ops and (41548.0,42035.7) ops/second in (24.068529,166.525183) seconds
2022/06/30-12:36:25  ... thread 1: (1000000,7000000) ops and (41740.3,41779.3) ops/second in (23.957677,167.547076) seconds
2022/06/30-12:36:41  ... thread 5: (1000000,8000000) ops and (43469.6,43761.4) ops/second in (23.004593,182.809366) seconds
2022/06/30-12:36:41  ... thread 0: (1000000,8000000) ops and (43608.3,43737.0) ops/second in (22.931423,182.911332) seconds
2022/06/30-12:36:42  ... thread 7: (1000000,8000000) ops and (43480.8,43594.3) ops/second in (22.998665,183.510058) seconds
2022/06/30-12:36:42  ... thread 6: (1000000,8000000) ops and (43033.4,43370.9) ops/second in (23.237739,184.455641) seconds
2022/06/30-12:36:43  ... thread 2: (1000000,8000000) ops and (42827.3,43415.7) ops/second in (23.349585,184.265272) seconds
2022/06/30-12:36:46  ... thread 4: (1000000,8000000) ops and (43723.9,42508.6) ops/second in (22.870775,188.197399) seconds
2022/06/30-12:36:47  ... thread 3: (1000000,8000000) ops and (44407.1,42318.2) ops/second in (22.518927,189.044110) seconds
2022/06/30-12:36:48  ... thread 1: (1000000,8000000) ops and (44488.3,42099.7) ops/second in (22.477829,190.024905) seconds
ycsbc        :       2.973 micros/op 336341 ops/sec;   37.2 MB/s (8000000 of 8000000 found)
Microseconds per op:
Count: 64000000 Average: 23.2065  StdDev: 9.16
Min: 0  Median: 21.8939  Max: 4130
Percentiles: P50: 21.89 P75: 29.09 P99: 49.60 P99.9: 69.94 P99.99: 89.73
------------------------------------------------------
[       0,       1 ]   225118   0.352%   0.352% 
(       1,       2 ]   148816   0.233%   0.584% 
(       2,       3 ]    44903   0.070%   0.654% 
(       3,       4 ]    12799   0.020%   0.674% 
(       4,       6 ]    12621   0.020%   0.694% 
(       6,      10 ]  1485720   2.321%   3.016% 
(      10,      15 ]  7234483  11.304%  14.319% ##
(      15,      22 ] 23186849  36.229%  50.549% #######
(      22,      34 ] 26492976  41.395%  91.944% ########
(      34,      51 ]  4920802   7.689%  99.633% ##
(      51,      76 ]   225560   0.352%  99.985% 
(      76,     110 ]     7311   0.011%  99.997% 
(     110,     170 ]      995   0.002%  99.998% 
(     170,     250 ]      445   0.001%  99.999% 
(     250,     380 ]       96   0.000%  99.999% 
(     380,     580 ]      195   0.000% 100.000% 
(     580,     870 ]       37   0.000% 100.000% 
(     870,    1300 ]       40   0.000% 100.000% 
(    1300,    1900 ]       33   0.000% 100.000% 
(    1900,    2900 ]      183   0.000% 100.000% 
(    2900,    4400 ]       18   0.000% 100.000% 

2022/06/30-12:37:22  ... thread 1: (1000000,1000000) ops and (32018.6,32018.6) ops/second in (31.231884,31.231884) seconds
2022/06/30-12:37:22  ... thread 2: (1000000,1000000) ops and (31949.1,31949.1) ops/second in (31.299740,31.299740) seconds
2022/06/30-12:37:23  ... thread 3: (1000000,1000000) ops and (31599.7,31599.7) ops/second in (31.645887,31.645887) seconds
2022/06/30-12:37:23  ... thread 6: (1000000,1000000) ops and (31415.7,31415.7) ops/second in (31.831197,31.831197) seconds
2022/06/30-12:37:23  ... thread 5: (1000000,1000000) ops and (31461.1,31461.1) ops/second in (31.785309,31.785309) seconds
2022/06/30-12:37:25  ... thread 7: (1000000,1000000) ops and (30248.4,30248.4) ops/second in (33.059620,33.059620) seconds
2022/06/30-12:37:25  ... thread 4: (1000000,1000000) ops and (30206.1,30206.1) ops/second in (33.105919,33.105919) seconds
2022/06/30-12:37:25  ... thread 0: (1000000,1000000) ops and (29699.1,29699.1) ops/second in (33.671071,33.671071) seconds
2022/06/30-12:37:54  ... thread 3: (1000000,2000000) ops and (31836.7,31717.7) ops/second in (31.410328,63.056215) seconds
2022/06/30-12:37:54  ... thread 1: (1000000,2000000) ops and (31530.4,31772.6) ops/second in (31.715374,62.947258) seconds
2022/06/30-12:37:55  ... thread 2: (1000000,2000000) ops and (31016.4,31475.9) ops/second in (32.241008,63.540748) seconds
2022/06/30-12:37:55  ... thread 6: (1000000,2000000) ops and (31149.8,31282.2) ops/second in (32.102921,63.934118) seconds
2022/06/30-12:37:56  ... thread 5: (1000000,2000000) ops and (30731.6,31092.0) ops/second in (32.539837,64.325146) seconds
2022/06/30-12:37:57  ... thread 4: (1000000,2000000) ops and (30622.0,30412.6) ops/second in (32.656210,65.762129) seconds
2022/06/30-12:37:58  ... thread 7: (1000000,2000000) ops and (30228.6,30238.5) ops/second in (33.081206,66.140826) seconds
2022/06/30-12:37:59  ... thread 0: (1000000,2000000) ops and (29943.9,29821.0) ops/second in (33.395746,67.066817) seconds
2022/06/30-12:38:26  ... thread 1: (1000000,3000000) ops and (31801.8,31782.4) ops/second in (31.444747,94.392005) seconds
2022/06/30-12:38:26  ... thread 3: (1000000,3000000) ops and (31447.0,31627.0) ops/second in (31.799531,94.855746) seconds
2022/06/30-12:38:26  ... thread 2: (1000000,3000000) ops and (31772.9,31574.3) ops/second in (31.473349,95.014097) seconds
2022/06/30-12:38:27  ... thread 6: (1000000,3000000) ops and (31508.0,31357.1) ops/second in (31.737964,95.672082) seconds
2022/06/30-12:38:28  ... thread 5: (1000000,3000000) ops and (31615.8,31264.7) ops/second in (31.629775,95.954921) seconds
2022/06/30-12:38:30  ... thread 4: (1000000,3000000) ops and (30972.3,30596.9) ops/second in (32.286906,98.049035) seconds
2022/06/30-12:38:30  ... thread 7: (1000000,3000000) ops and (30910.0,30459.1) ops/second in (32.352019,98.492845) seconds
2022/06/30-12:38:33  ... thread 0: (1000000,3000000) ops and (29322.4,29652.9) ops/second in (34.103585,101.170402) seconds
2022/06/30-12:38:58  ... thread 1: (1000000,4000000) ops and (30935.5,31566.3) ops/second in (32.325362,126.717367) seconds
2022/06/30-12:38:58  ... thread 3: (1000000,4000000) ops and (30690.5,31387.5) ops/second in (32.583416,127.439162) seconds
2022/06/30-12:38:59  ... thread 6: (1000000,4000000) ops and (30883.8,31237.4) ops/second in (32.379434,128.051516) seconds
2022/06/30-12:39:00  ... thread 2: (1000000,4000000) ops and (29363.0,30990.8) ops/second in (34.056500,129.070597) seconds
2022/06/30-12:39:01  ... thread 5: (1000000,4000000) ops and (30149.6,30978.2) ops/second in (33.167967,129.122888) seconds
2022/06/30-12:39:03  ... thread 4: (1000000,4000000) ops and (29744.0,30379.1) ops/second in (33.620266,131.669301) seconds
2022/06/30-12:39:04  ... thread 7: (1000000,4000000) ops and (29885.9,30313.7) ops/second in (33.460601,131.953446) seconds
2022/06/30-12:39:07  ... thread 0: (1000000,4000000) ops and (29605.6,29641.1) ops/second in (33.777352,134.947754) seconds
2022/06/30-12:39:31  ... thread 1: (1000000,5000000) ops and (30496.4,31346.4) ops/second in (32.790808,159.508175) seconds
2022/06/30-12:39:32  ... thread 3: (1000000,5000000) ops and (29967.7,31092.9) ops/second in (33.369289,160.808451) seconds
2022/06/30-12:39:32  ... thread 6: (1000000,5000000) ops and (30613.6,31110.6) ops/second in (32.665208,160.716724) seconds
2022/06/30-12:39:33  ... thread 2: (1000000,5000000) ops and (30661.4,30924.4) ops/second in (32.614247,161.684844) seconds
2022/06/30-12:39:35  ... thread 5: (1000000,5000000) ops and (28788.8,30514.1) ops/second in (34.735672,163.858560) seconds
2022/06/30-12:39:37  ... thread 4: (1000000,5000000) ops and (30080.7,30319.0) ops/second in (33.243855,164.913156) seconds
2022/06/30-12:39:38  ... thread 7: (1000000,5000000) ops and (29415.3,30129.7) ops/second in (33.995929,165.949375) seconds
2022/06/30-12:39:40  ... thread 0: (1000000,5000000) ops and (29865.2,29685.6) ops/second in (33.483800,168.431554) seconds
2022/06/30-12:40:04  ... thread 1: (1000000,6000000) ops and (30289.9,31165.2) ops/second in (33.014354,192.522529) seconds
2022/06/30-12:40:05  ... thread 6: (1000000,6000000) ops and (30430.6,30995.2) ops/second in (32.861694,193.578418) seconds
2022/06/30-12:40:05  ... thread 3: (1000000,6000000) ops and (29718.1,30855.0) ops/second in (33.649569,194.458020) seconds
2022/06/30-12:40:06  ... thread 2: (1000000,6000000) ops and (29836.4,30737.6) ops/second in (33.516098,195.200942) seconds
2022/06/30-12:40:10  ... thread 5: (1000000,6000000) ops and (28736.5,30202.7) ops/second in (34.798908,198.657468) seconds
2022/06/30-12:40:11  ... thread 4: (1000000,6000000) ops and (29010.7,30092.8) ops/second in (34.470074,199.383230) seconds
2022/06/30-12:40:11  ... thread 7: (1000000,6000000) ops and (29599.1,30039.9) ops/second in (33.784785,199.734160) seconds
2022/06/30-12:40:14  ... thread 0: (1000000,6000000) ops and (29353.1,29629.7) ops/second in (34.067939,202.499493) seconds
2022/06/30-12:40:37  ... thread 1: (1000000,7000000) ops and (30340.8,31044.7) ops/second in (32.958888,225.481417) seconds
2022/06/30-12:40:38  ... thread 6: (1000000,7000000) ops and (29887.2,30831.9) ops/second in (33.459090,227.037508) seconds
2022/06/30-12:40:39  ... thread 3: (1000000,7000000) ops and (29665.9,30679.3) ops/second in (33.708773,228.166793) seconds
2022/06/30-12:40:40  ... thread 2: (1000000,7000000) ops and (29994.2,30629.1) ops/second in (33.339802,228.540744) seconds
2022/06/30-12:40:45  ... thread 4: (1000000,7000000) ops and (29719.6,30038.9) ops/second in (33.647836,233.031066) seconds
2022/06/30-12:40:45  ... thread 7: (1000000,7000000) ops and (29782.0,30002.8) ops/second in (33.577321,233.311481) seconds
2022/06/30-12:40:45  ... thread 5: (1000000,7000000) ops and (28500.4,29947.2) ops/second in (35.087231,233.744699) seconds
2022/06/30-12:40:48  ... thread 0: (1000000,7000000) ops and (29325.2,29585.8) ops/second in (34.100334,236.599827) seconds
2022/06/30-12:41:12  ... thread 1: (1000000,8000000) ops and (28308.2,30674.0) ops/second in (35.325456,260.806873) seconds
2022/06/30-12:41:13  ... thread 6: (1000000,8000000) ops and (28456.4,30513.5) ops/second in (35.141465,262.178973) seconds
2022/06/30-12:41:14  ... thread 3: (1000000,8000000) ops and (28555.4,30396.7) ops/second in (35.019621,263.186414) seconds
2022/06/30-12:41:15  ... thread 2: (1000000,8000000) ops and (28200.8,30303.0) ops/second in (35.459943,264.000687) seconds
2022/06/30-12:41:19  ... thread 4: (1000000,8000000) ops and (29270.8,29940.7) ops/second in (34.163715,267.194781) seconds
2022/06/30-12:41:19  ... thread 7: (1000000,8000000) ops and (29249.3,29906.5) ops/second in (34.188888,267.500369) seconds
2022/06/30-12:41:19  ... thread 5: (1000000,8000000) ops and (29374.2,29874.4) ops/second in (34.043448,267.788147) seconds
2022/06/30-12:41:21  ... thread 0: (1000000,8000000) ops and (30699.7,29720.6) ops/second in (32.573658,269.173485) seconds
ycsbf        :       4.216 micros/op 237184 ops/sec;   26.2 MB/s (8000000 of 8000000 found)
Microseconds per op:
Count: 64000000 Average: 33.1536  StdDev: 20.30
Min: 0  Median: 29.0147  Max: 67333
Percentiles: P50: 29.01 P75: 38.48 P99: 71.28 P99.9: 98.16 P99.99: 10830.08
------------------------------------------------------
[       0,       1 ]    44243   0.069%   0.069% 
(       1,       2 ]    74319   0.116%   0.185% 
(       2,       3 ]    31723   0.050%   0.235% 
(       3,       4 ]    15540   0.024%   0.259% 
(       4,       6 ]    26973   0.042%   0.301% 
(       6,      10 ]   537311   0.840%   1.141% 
(      10,      15 ]  3283655   5.131%   6.272% #
(      15,      22 ] 12104893  18.914%  25.185% ####
(      22,      34 ] 27168184  42.450%  67.636% ########
(      34,      51 ] 17876509  27.932%  95.568% ######
(      51,      76 ]  2708196   4.232%  99.799% #
(      76,     110 ]    98889   0.155%  99.954% 
(     110,     170 ]     6568   0.010%  99.964% 
(     170,     250 ]     2078   0.003%  99.967% 
(     250,     380 ]      406   0.001%  99.968% 
(     380,     580 ]      553   0.001%  99.969% 
(     580,     870 ]      533   0.001%  99.970% 
(     870,    1300 ]      544   0.001%  99.970% 
(    1300,    1900 ]      331   0.001%  99.971% 
(    1900,    2900 ]      749   0.001%  99.972% 
(    2900,    4400 ]     1212   0.002%  99.974% 
(    4400,    6600 ]     2080   0.003%  99.977% 
(    6600,    9900 ]     6384   0.010%  99.987% 
(    9900,   14000 ]     7613   0.012%  99.999% 
(   14000,   22000 ]      466   0.001% 100.000% 
(   22000,   33000 ]       34   0.000% 100.000% 
(   33000,   50000 ]        6   0.000% 100.000% 
(   50000,   75000 ]        8   0.000% 100.000% 

2022/06/30-12:41:50  ... thread 3: (1000000,1000000) ops and (40209.0,40209.0) ops/second in (24.870053,24.870053) seconds
2022/06/30-12:41:50  ... thread 2: (1000000,1000000) ops and (40155.3,40155.3) ops/second in (24.903325,24.903325) seconds
2022/06/30-12:41:50  ... thread 5: (1000000,1000000) ops and (40191.6,40191.6) ops/second in (24.880837,24.880837) seconds
2022/06/30-12:41:50  ... thread 7: (1000000,1000000) ops and (40174.3,40174.3) ops/second in (24.891542,24.891542) seconds
2022/06/30-12:41:51  ... thread 4: (1000000,1000000) ops and (38706.8,38706.8) ops/second in (25.835251,25.835251) seconds
2022/06/30-12:41:52  ... thread 1: (1000000,1000000) ops and (37687.5,37687.5) ops/second in (26.533969,26.533969) seconds
2022/06/30-12:41:52  ... thread 0: (1000000,1000000) ops and (36987.6,36987.6) ops/second in (27.036090,27.036090) seconds
2022/06/30-12:41:52  ... thread 6: (1000000,1000000) ops and (37046.5,37046.5) ops/second in (26.993069,26.993069) seconds
2022/06/30-12:42:15  ... thread 5: (1000000,2000000) ops and (40046.8,40119.1) ops/second in (24.970760,49.851597) seconds
2022/06/30-12:42:16  ... thread 3: (1000000,2000000) ops and (39504.7,39853.8) ops/second in (25.313422,50.183475) seconds
2022/06/30-12:42:16  ... thread 7: (1000000,2000000) ops and (39470.3,39819.2) ops/second in (25.335517,50.227059) seconds
2022/06/30-12:42:16  ... thread 2: (1000000,2000000) ops and (39276.0,39710.8) ops/second in (25.460826,50.364151) seconds
2022/06/30-12:42:17  ... thread 4: (1000000,2000000) ops and (38117.1,38409.7) ops/second in (26.234959,52.070210) seconds
2022/06/30-12:42:18  ... thread 1: (1000000,2000000) ops and (37772.8,37730.1) ops/second in (26.474072,53.008041) seconds
2022/06/30-12:42:18  ... thread 6: (1000000,2000000) ops and (38515.0,37766.5) ops/second in (25.963910,52.956979) seconds
2022/06/30-12:42:19  ... thread 0: (1000000,2000000) ops and (38176.4,37572.6) ops/second in (26.194195,53.230285) seconds
2022/06/30-12:42:41  ... thread 5: (1000000,3000000) ops and (39617.5,39950.5) ops/second in (25.241376,75.092973) seconds
2022/06/30-12:42:41  ... thread 7: (1000000,3000000) ops and (39790.7,39809.7) ops/second in (25.131508,75.358567) seconds
2022/06/30-12:42:41  ... thread 3: (1000000,3000000) ops and (39124.5,39607.7) ops/second in (25.559403,75.742878) seconds
2022/06/30-12:42:42  ... thread 2: (1000000,3000000) ops and (38570.0,39323.1) ops/second in (25.926856,76.291007) seconds
2022/06/30-12:42:43  ... thread 4: (1000000,3000000) ops and (38512.7,38444.0) ops/second in (25.965431,78.035641) seconds
2022/06/30-12:42:44  ... thread 1: (1000000,3000000) ops and (38184.1,37880.2) ops/second in (26.188912,79.196953) seconds
2022/06/30-12:42:44  ... thread 6: (1000000,3000000) ops and (38387.1,37971.1) ops/second in (26.050405,79.007384) seconds
2022/06/30-12:42:45  ... thread 0: (1000000,3000000) ops and (37978.0,37706.8) ops/second in (26.331066,79.561351) seconds
2022/06/30-12:43:06  ... thread 7: (1000000,4000000) ops and (40409.7,39958.0) ops/second in (24.746546,100.105113) seconds
2022/06/30-12:43:06  ... thread 5: (1000000,4000000) ops and (39573.1,39855.5) ops/second in (25.269695,100.362668) seconds
2022/06/30-12:43:06  ... thread 3: (1000000,4000000) ops and (39795.2,39654.4) ops/second in (25.128689,100.871567) seconds
2022/06/30-12:43:06  ... thread 2: (1000000,4000000) ops and (40515.7,39614.6) ops/second in (24.681775,100.972782) seconds
2022/06/30-12:43:09  ... thread 4: (1000000,4000000) ops and (38893.9,38555.5) ops/second in (25.710977,103.746618) seconds
2022/06/30-12:43:10  ... thread 1: (1000000,4000000) ops and (39030.1,38161.3) ops/second in (25.621234,104.818187) seconds
2022/06/30-12:43:10  ... thread 6: (1000000,4000000) ops and (38643.4,38137.0) ops/second in (25.877634,104.885018) seconds
2022/06/30-12:43:11  ... thread 0: (1000000,4000000) ops and (38669.3,37942.9) ops/second in (25.860303,105.421654) seconds
2022/06/30-12:43:31  ... thread 5: (1000000,5000000) ops and (39918.7,39868.1) ops/second in (25.050939,125.413607) seconds
2022/06/30-12:43:31  ... thread 3: (1000000,5000000) ops and (40059.0,39734.7) ops/second in (24.963168,125.834735) seconds
2022/06/30-12:43:31  ... thread 7: (1000000,5000000) ops and (38848.0,39730.9) ops/second in (25.741364,125.846477) seconds
2022/06/30-12:43:32  ... thread 2: (1000000,5000000) ops and (39575.9,39606.9) ops/second in (25.267906,126.240688) seconds
2022/06/30-12:43:34  ... thread 4: (1000000,5000000) ops and (38881.4,38620.2) ops/second in (25.719225,129.465843) seconds
2022/06/30-12:43:36  ... thread 6: (1000000,5000000) ops and (39169.0,38339.0) ops/second in (25.530405,130.415423) seconds
2022/06/30-12:43:36  ... thread 1: (1000000,5000000) ops and (38322.0,38193.3) ops/second in (26.094694,130.912881) seconds
2022/06/30-12:43:37  ... thread 0: (1000000,5000000) ops and (38010.2,37956.3) ops/second in (26.308749,131.730403) seconds
2022/06/30-12:43:56  ... thread 5: (1000000,6000000) ops and (39810.7,39858.5) ops/second in (25.118898,150.532505) seconds
2022/06/30-12:43:57  ... thread 3: (1000000,6000000) ops and (39665.6,39723.1) ops/second in (25.210738,151.045473) seconds
2022/06/30-12:43:57  ... thread 7: (1000000,6000000) ops and (39520.5,39695.7) ops/second in (25.303296,151.149773) seconds
2022/06/30-12:43:57  ... thread 2: (1000000,6000000) ops and (39421.0,39575.8) ops/second in (25.367210,151.607898) seconds
2022/06/30-12:44:00  ... thread 4: (1000000,6000000) ops and (39110.9,38701.1) ops/second in (25.568328,155.034171) seconds
2022/06/30-12:44:02  ... thread 6: (1000000,6000000) ops and (38322.0,38336.2) ops/second in (26.094693,156.510116) seconds
2022/06/30-12:44:02  ... thread 1: (1000000,6000000) ops and (38202.3,38194.8) ops/second in (26.176407,157.089288) seconds
2022/06/30-12:44:03  ... thread 0: (1000000,6000000) ops and (37944.9,37954.4) ops/second in (26.353972,158.084375) seconds
2022/06/30-12:44:21  ... thread 5: (1000000,7000000) ops and (39906.0,39865.3) ops/second in (25.058911,175.591416) seconds
2022/06/30-12:44:22  ... thread 3: (1000000,7000000) ops and (39796.6,39733.6) ops/second in (25.127773,176.173246) seconds
2022/06/30-12:44:22  ... thread 7: (1000000,7000000) ops and (39821.6,39713.7) ops/second in (25.112004,176.261777) seconds
2022/06/30-12:44:22  ... thread 2: (1000000,7000000) ops and (39745.0,39599.9) ops/second in (25.160422,176.768320) seconds
2022/06/30-12:44:26  ... thread 4: (1000000,7000000) ops and (38916.5,38731.8) ops/second in (25.696040,180.730211) seconds
2022/06/30-12:44:28  ... thread 6: (1000000,7000000) ops and (38349.8,38338.1) ops/second in (26.075731,182.585847) seconds
2022/06/30-12:44:29  ... thread 1: (1000000,7000000) ops and (37836.1,38143.2) ops/second in (26.429764,183.519052) seconds
2022/06/30-12:44:30  ... thread 0: (1000000,7000000) ops and (38229.9,37993.5) ops/second in (26.157534,184.241909) seconds
2022/06/30-12:44:46  ... thread 5: (1000000,8000000) ops and (39951.7,39876.1) ops/second in (25.030210,200.621626) seconds
2022/06/30-12:44:47  ... thread 7: (1000000,8000000) ops and (39613.2,39701.1) ops/second in (25.244103,201.505880) seconds
2022/06/30-12:44:47  ... thread 3: (1000000,8000000) ops and (39299.4,39678.8) ops/second in (25.445710,201.618956) seconds
2022/06/30-12:44:48  ... thread 2: (1000000,8000000) ops and (39283.7,39560.1) ops/second in (25.455858,202.224178) seconds
2022/06/30-12:44:51  ... thread 4: (1000000,8000000) ops and (39835.9,38866.4) ops/second in (25.102995,205.833206) seconds
2022/06/30-12:44:53  ... thread 6: (1000000,8000000) ops and (40482.0,38593.6) ops/second in (24.702342,207.288189) seconds
2022/06/30-12:44:54  ... thread 1: (1000000,8000000) ops and (39941.3,38359.0) ops/second in (25.036760,208.555812) seconds
2022/06/30-12:44:54  ... thread 0: (1000000,8000000) ops and (41044.2,38349.8) ops/second in (24.363991,208.605900) seconds
ycsbd        :       3.266 micros/op 306196 ops/sec;   33.9 MB/s (7600000 of 8000000 found)
Microseconds per op:
Count: 64000000 Average: 25.5665  StdDev: 58.14
Min: 0  Median: 24.9241  Max: 30708
Percentiles: P50: 24.92 P75: 31.78 P99: 55.74 P99.9: 74.97 P99.99: 108.00
------------------------------------------------------
[       0,       1 ]   402100   0.628%   0.628% 
(       1,       2 ]   250689   0.392%   1.020% 
(       2,       3 ]    86022   0.134%   1.154% 
(       3,       4 ]   165061   0.258%   1.412% 
(       4,       6 ]   736551   1.151%   2.563% 
(       6,      10 ]  3273989   5.116%   7.679% #
(      10,      15 ]  6228613   9.732%  17.411% ##
(      15,      22 ] 14028363  21.919%  39.330% ####
(      22,      34 ] 28023630  43.787%  83.117% #########
(      34,      51 ] 10022934  15.661%  98.778% ###
(      51,      76 ]   748927   1.170%  99.948% 
(      76,     110 ]    28392   0.044%  99.993% 
(     110,     170 ]     1641   0.003%  99.995% 
(     170,     250 ]      456   0.001%  99.996% 
(     250,     380 ]      122   0.000%  99.996% 
(     380,     580 ]      240   0.000%  99.996% 
(     580,     870 ]      120   0.000%  99.997% 
(     870,    1300 ]       58   0.000%  99.997% 
(    1300,    1900 ]       83   0.000%  99.997% 
(    1900,    2900 ]      106   0.000%  99.997% 
(    2900,    4400 ]      139   0.000%  99.997% 
(    4400,    6600 ]      150   0.000%  99.997% 
(    6600,    9900 ]      470   0.001%  99.998% 
(    9900,   14000 ]     1066   0.002% 100.000% 
(   14000,   22000 ]       70   0.000% 100.000% 
(   22000,   33000 ]        8   0.000% 100.000% 

2022/06/30-13:06:12  ... thread 2: (1000000,1000000) ops and (784.5,784.5) ops/second in (1274.744119,1274.744119) seconds
2022/06/30-13:06:15  ... thread 5: (1000000,1000000) ops and (782.5,782.5) ops/second in (1277.889425,1277.889425) seconds
2022/06/30-13:06:15  ... thread 3: (1000000,1000000) ops and (782.7,782.7) ops/second in (1277.705118,1277.705118) seconds
2022/06/30-13:06:17  ... thread 7: (1000000,1000000) ops and (781.6,781.6) ops/second in (1279.417635,1279.417635) seconds
2022/06/30-13:06:18  ... thread 4: (1000000,1000000) ops and (780.4,780.4) ops/second in (1281.391603,1281.391603) seconds
2022/06/30-13:06:19  ... thread 6: (1000000,1000000) ops and (780.3,780.3) ops/second in (1281.504830,1281.504830) seconds
2022/06/30-13:06:20  ... thread 0: (1000000,1000000) ops and (779.7,779.7) ops/second in (1282.592811,1282.592811) seconds
2022/06/30-13:06:23  ... thread 1: (1000000,1000000) ops and (778.0,778.0) ops/second in (1285.382594,1285.382594) seconds
2022/06/30-13:27:03  ... thread 2: (1000000,2000000) ops and (799.4,791.9) ops/second in (1250.923062,2525.667181) seconds
2022/06/30-13:27:04  ... thread 3: (1000000,2000000) ops and (801.0,791.7) ops/second in (1248.423459,2526.128577) seconds
2022/06/30-13:27:05  ... thread 5: (1000000,2000000) ops and (800.2,791.3) ops/second in (1249.704018,2527.593443) seconds
2022/06/30-13:27:08  ... thread 6: (1000000,2000000) ops and (800.3,790.2) ops/second in (1249.497999,2531.002829) seconds
2022/06/30-13:27:08  ... thread 4: (1000000,2000000) ops and (800.0,790.1) ops/second in (1249.970007,2531.361610) seconds
2022/06/30-13:27:10  ... thread 7: (1000000,2000000) ops and (798.4,789.9) ops/second in (1252.484779,2531.902414) seconds
2022/06/30-13:27:11  ... thread 0: (1000000,2000000) ops and (799.7,789.6) ops/second in (1250.391953,2532.984764) seconds
2022/06/30-13:27:12  ... thread 1: (1000000,2000000) ops and (800.4,789.0) ops/second in (1249.361432,2534.744026) seconds
ycsbe        :     158.461 micros/op 6310 ops/sec;   66.4 MB/s (2643 of 2000000 found)
Microseconds per op:
Count: 16000000 Average: 1265.0865  StdDev: 98.01
Min: 3  Median: 1095.6825  Max: 22598
Percentiles: P50: 1095.68 P75: 1741.97 P99: 5019.30 P99.9: 8054.76 P99.99: 9875.10
------------------------------------------------------
(       2,       3 ]      695   0.004%   0.004% 
(       3,       4 ]    15882   0.099%   0.104% 
(       4,       6 ]    30157   0.188%   0.292% 
(       6,      10 ]   321209   2.008%   2.300% 
(      10,      15 ]   320036   2.000%   4.300% 
(      15,      22 ]    36380   0.227%   4.527% 
(      22,      34 ]     9577   0.060%   4.587% 
(      34,      51 ]     1423   0.009%   4.596% 
(      51,      76 ]     1606   0.010%   4.606% 
(      76,     110 ]     5621   0.035%   4.641% 
(     110,     170 ]    72856   0.455%   5.097% 
(     170,     250 ]   548052   3.425%   8.522% #
(     250,     380 ]  1115531   6.972%  15.494% #
(     380,     580 ]  1627839  10.174%  25.668% ##
(     580,     870 ]  2148565  13.429%  39.096% ###
(     870,    1300 ]  3323986  20.775%  59.871% ####
(    1300,    1900 ]  3286110  20.538%  80.410% ####
(    1900,    2900 ]  2188063  13.675%  94.085% ###
(    2900,    4400 ]   734503   4.591%  98.676% #
(    4400,    6600 ]   184401   1.153%  99.828% 
(    6600,    9900 ]    26105   0.163%  99.991% 
(    9900,   14000 ]     1340   0.008% 100.000% 
(   14000,   22000 ]       62   0.000% 100.000% 
(   22000,   33000 ]        1   0.000% 100.000% 


                               Compactions
Level Time(sec) Read(MB) Write(MB)
--------------------------------------------------
  0    113.29     0.00   7973.35
  1     71.37  8513.54   8266.45
  2    113.08 15546.98  13065.16
BucketCount: 100
WriteAmplification: 3.6754
TotalSize(MB): 22336.90

seq# 152864976, log# 214, min log#204, file# 18454
