./kv/release/tests/db/kv_bench --cache_size=8388608 --db=/mnt/shunzi/test-data/wipdb/kv_ycsb --threads=8 --open_files=40000 --num=100000000 --range=100000000 --reads=2000000 --partition=100 --write_buffer_size=2097152 --batch_size=1000 --stats_interval=1000000 --bloom_bits=16 --low_pool=3 --high_pool=3 --value_size=100 --direct_io=false --histogram=true --log=true --skiplistrep=true --benchmarks=loadreverse,ycsba,ycsbb,ycsbc,ycsbf,ycsbd,ycsbe,stats --ycsb_ops_num=8000000 --seek_nexts=100 --use_existing_db=true --print_wa=true --log_dio=true --hugepage=true 
Bench num: 100000000, range: 100000000
Keys:       16 bytes each
Values:     100 bytes each (50 bytes after compression)
Entries:    100000000
RawSize:    11062.6 MB (estimated)
FileSize:   6294.3 MB (estimated)
WARNING: Snappy compression is not enabled
------------------------------------------------
Write buffer: 2048.00 KB. Compression: 0. 
Restore 100 pivots
Recover seq# 120002000, log# 143, min log#140026612649984, file# 11863
using restored pivots
Log_Recover_Time, 0.0000, BucketCount, 100 , Log_size, 0.0 ,MB
loadreverse  : 4231564.000 micros/op 0 ops/sec;
Microseconds per op:
Count: 0 Average: 0.0000  StdDev: 0.00
Min: 0  Median: 0.0000  Max: 0
Percentiles: P50: 0.00 P75: 0.00 P99: 0.00 P99.9: 0.00 P99.99: 0.00
------------------------------------------------------

2022/06/30-12:05:03  ... thread 6: (1000000,1000000) ops and (24456.4,24456.4) ops/second in (40.889099,40.889099) seconds
2022/06/30-12:05:03  ... thread 1: (1000000,1000000) ops and (24471.8,24471.8) ops/second in (40.863420,40.863420) seconds
2022/06/30-12:05:03  ... thread 4: (1000000,1000000) ops and (24404.8,24404.8) ops/second in (40.975516,40.975516) seconds
2022/06/30-12:05:03  ... thread 2: (1000000,1000000) ops and (24613.5,24613.5) ops/second in (40.628141,40.628141) seconds
2022/06/30-12:05:03  ... thread 3: (1000000,1000000) ops and (24335.4,24335.4) ops/second in (41.092338,41.092338) seconds
2022/06/30-12:05:04  ... thread 7: (1000000,1000000) ops and (24290.1,24290.1) ops/second in (41.168995,41.168995) seconds
2022/06/30-12:05:04  ... thread 5: (1000000,1000000) ops and (24212.3,24212.3) ops/second in (41.301276,41.301276) seconds
2022/06/30-12:05:04  ... thread 0: (1000000,1000000) ops and (24158.5,24158.5) ops/second in (41.393336,41.393336) seconds
2022/06/30-12:05:26  ... thread 4: (1000000,2000000) ops and (44964.1,31637.8) ops/second in (22.239978,63.215494) seconds
2022/06/30-12:05:26  ... thread 6: (1000000,2000000) ops and (44767.8,31632.3) ops/second in (22.337482,63.226581) seconds
2022/06/30-12:05:26  ... thread 3: (1000000,2000000) ops and (44733.9,31522.5) ops/second in (22.354395,63.446733) seconds
2022/06/30-12:05:26  ... thread 1: (1000000,2000000) ops and (44441.6,31563.2) ops/second in (22.501438,63.364858) seconds
2022/06/30-12:05:26  ... thread 2: (1000000,2000000) ops and (44352.2,31658.1) ops/second in (22.546774,63.174915) seconds
2022/06/30-12:05:26  ... thread 7: (1000000,2000000) ops and (44853.1,31513.9) ops/second in (22.295013,63.464008) seconds
2022/06/30-12:05:26  ... thread 5: (1000000,2000000) ops and (44559.5,31375.9) ops/second in (22.441901,63.743177) seconds
2022/06/30-12:05:27  ... thread 0: (1000000,2000000) ops and (44488.6,31313.1) ops/second in (22.477672,63.871008) seconds
2022/06/30-12:05:48  ... thread 6: (1000000,3000000) ops and (43675.4,34834.0) ops/second in (22.896179,86.122760) seconds
2022/06/30-12:05:49  ... thread 4: (1000000,3000000) ops and (43265.3,34750.9) ops/second in (23.113188,86.328682) seconds
2022/06/30-12:05:49  ... thread 1: (1000000,3000000) ops and (43502.5,34741.5) ops/second in (22.987196,86.352054) seconds
2022/06/30-12:05:49  ... thread 2: (1000000,3000000) ops and (43634.5,34846.2) ops/second in (22.917664,86.092579) seconds
2022/06/30-12:05:49  ... thread 3: (1000000,3000000) ops and (43297.8,34665.0) ops/second in (23.095882,86.542615) seconds
2022/06/30-12:05:49  ... thread 7: (1000000,3000000) ops and (43182.0,34633.3) ops/second in (23.157806,86.621814) seconds
2022/06/30-12:05:50  ... thread 0: (1000000,3000000) ops and (43356.3,34508.3) ops/second in (23.064689,86.935697) seconds
2022/06/30-12:05:50  ... thread 5: (1000000,3000000) ops and (42716.4,34422.1) ops/second in (23.410205,87.153382) seconds
2022/06/30-12:06:12  ... thread 6: (1000000,4000000) ops and (43403.4,36642.6) ops/second in (23.039660,109.162420) seconds
2022/06/30-12:06:12  ... thread 4: (1000000,4000000) ops and (43444.8,36581.0) ops/second in (23.017692,109.346374) seconds
2022/06/30-12:06:12  ... thread 1: (1000000,4000000) ops and (43172.3,36524.7) ops/second in (23.163005,109.515059) seconds
2022/06/30-12:06:12  ... thread 3: (1000000,4000000) ops and (43092.3,36446.9) ops/second in (23.205994,109.748609) seconds
2022/06/30-12:06:13  ... thread 2: (1000000,4000000) ops and (41680.2,36335.6) ops/second in (23.992191,110.084770) seconds
2022/06/30-12:06:13  ... thread 7: (1000000,4000000) ops and (42369.6,36289.8) ops/second in (23.601845,110.223659) seconds
2022/06/30-12:06:14  ... thread 5: (1000000,4000000) ops and (42143.3,36074.4) ops/second in (23.728565,110.881947) seconds
2022/06/30-12:06:14  ... thread 0: (1000000,4000000) ops and (41742.3,36071.1) ops/second in (23.956496,110.892193) seconds
2022/06/30-12:06:36  ... thread 6: (1000000,5000000) ops and (41695.3,37552.8) ops/second in (23.983503,133.145923) seconds
2022/06/30-12:06:36  ... thread 4: (1000000,5000000) ops and (41480.2,37466.0) ops/second in (24.107874,133.454248) seconds
2022/06/30-12:06:36  ... thread 3: (1000000,5000000) ops and (41583.3,37370.1) ops/second in (24.048123,133.796732) seconds
2022/06/30-12:06:36  ... thread 1: (1000000,5000000) ops and (41313.4,37391.5) ops/second in (24.205223,133.720282) seconds
2022/06/30-12:06:37  ... thread 2: (1000000,5000000) ops and (40889.1,37163.4) ops/second in (24.456371,134.541141) seconds
2022/06/30-12:06:37  ... thread 7: (1000000,5000000) ops and (40933.2,37132.3) ops/second in (24.430074,134.653733) seconds
2022/06/30-12:06:38  ... thread 5: (1000000,5000000) ops and (41354.7,37019.8) ops/second in (24.181073,135.063020) seconds
2022/06/30-12:06:38  ... thread 0: (1000000,5000000) ops and (40370.5,36856.1) ops/second in (24.770535,135.662728) seconds
2022/06/30-12:06:59  ... thread 6: (1000000,6000000) ops and (42887.5,38347.8) ops/second in (23.316825,156.462748) seconds
2022/06/30-12:06:59  ... thread 4: (1000000,6000000) ops and (42856.7,38268.3) ops/second in (23.333593,156.787841) seconds
2022/06/30-12:06:59  ... thread 1: (1000000,6000000) ops and (42975.2,38219.1) ops/second in (23.269215,156.989497) seconds
2022/06/30-12:07:00  ... thread 3: (1000000,6000000) ops and (42483.1,38135.1) ops/second in (23.538746,157.335478) seconds
2022/06/30-12:07:01  ... thread 7: (1000000,6000000) ops and (42789.1,37968.9) ops/second in (23.370464,158.024197) seconds
2022/06/30-12:07:01  ... thread 2: (1000000,6000000) ops and (42492.7,37956.8) ops/second in (23.533445,158.074586) seconds
2022/06/30-12:07:01  ... thread 5: (1000000,6000000) ops and (42196.3,37792.5) ops/second in (23.698772,158.761792) seconds
2022/06/30-12:07:02  ... thread 0: (1000000,6000000) ops and (42848.8,37735.7) ops/second in (23.337860,159.000588) seconds
2022/06/30-12:07:22  ... thread 6: (1000000,7000000) ops and (43001.5,38950.0) ops/second in (23.254983,179.717731) seconds
2022/06/30-12:07:22  ... thread 4: (1000000,7000000) ops and (43506.1,38938.0) ops/second in (22.985268,179.773109) seconds
2022/06/30-12:07:22  ... thread 1: (1000000,7000000) ops and (43334.1,38874.6) ops/second in (23.076529,180.066026) seconds
2022/06/30-12:07:23  ... thread 3: (1000000,7000000) ops and (42909.9,38751.1) ops/second in (23.304658,180.640136) seconds
2022/06/30-12:07:24  ... thread 7: (1000000,7000000) ops and (43130.3,38629.3) ops/second in (23.185556,181.209753) seconds
2022/06/30-12:07:24  ... thread 2: (1000000,7000000) ops and (42425.0,38536.6) ops/second in (23.571012,181.645598) seconds
2022/06/30-12:07:25  ... thread 5: (1000000,7000000) ops and (42774.8,38432.0) ops/second in (23.378257,182.140049) seconds
2022/06/30-12:07:25  ... thread 0: (1000000,7000000) ops and (42453.6,38344.5) ops/second in (23.555124,182.555712) seconds
2022/06/30-12:07:45  ... thread 6: (1000000,8000000) ops and (43351.1,39450.6) ops/second in (23.067459,202.785190) seconds
2022/06/30-12:07:46  ... thread 4: (1000000,8000000) ops and (42683.0,39369.8) ops/second in (23.428525,203.201634) seconds
2022/06/30-12:07:46  ... thread 1: (1000000,8000000) ops and (43131.3,39360.2) ops/second in (23.185004,203.251030) seconds
2022/06/30-12:07:46  ... thread 3: (1000000,8000000) ops and (42994.9,39235.2) ops/second in (23.258566,203.898702) seconds
2022/06/30-12:07:47  ... thread 7: (1000000,8000000) ops and (43881.0,39215.9) ops/second in (22.788888,203.998641) seconds
2022/06/30-12:07:47  ... thread 2: (1000000,8000000) ops and (43724.4,39116.7) ops/second in (22.870507,204.516105) seconds
2022/06/30-12:07:47  ... thread 5: (1000000,8000000) ops and (44441.3,39092.7) ops/second in (22.501589,204.641638) seconds
2022/06/30-12:07:48  ... thread 0: (1000000,8000000) ops and (44417.5,39011.2) ops/second in (22.513630,205.069342) seconds
ycsba        :       3.210 micros/op 311495 ops/sec;   34.5 MB/s (4000000 of 8000000 found)
Microseconds per op:
Count: 64000000 Average: 25.4900  StdDev: 30.95
Min: 1  Median: 21.3388  Max: 132009
Percentiles: P50: 21.34 P75: 28.97 P99: 71.21 P99.9: 590.51 P99.99: 1768.51
------------------------------------------------------
[       0,       1 ]     2029   0.003%   0.003% 
(       1,       2 ]    35636   0.056%   0.059% 
(       2,       3 ]    63834   0.100%   0.159% 
(       3,       4 ]    83194   0.130%   0.289% 
(       4,       6 ]   405329   0.633%   0.922% 
(       6,      10 ]  1345068   2.102%   3.024% 
(      10,      15 ]  8520737  13.314%  16.337% ###
(      15,      22 ] 23791326  37.174%  53.511% #######
(      22,      34 ] 23678827  36.998%  90.509% #######
(      34,      51 ]  5255108   8.211%  98.720% ##
(      51,      76 ]   221307   0.346%  99.066% 
(      76,     110 ]   157516   0.246%  99.312% 
(     110,     170 ]   236972   0.370%  99.683% 
(     170,     250 ]    75129   0.117%  99.800% 
(     250,     380 ]    30250   0.047%  99.847% 
(     380,     580 ]    32541   0.051%  99.898% 
(     580,     870 ]    33014   0.052%  99.950% 
(     870,    1300 ]    20178   0.032%  99.981% 
(    1300,    1900 ]     7178   0.011%  99.992% 
(    1900,    2900 ]     2404   0.004%  99.996% 
(    2900,    4400 ]      946   0.001%  99.998% 
(    4400,    6600 ]      480   0.001%  99.998% 
(    6600,    9900 ]      180   0.000%  99.999% 
(    9900,   14000 ]      111   0.000%  99.999% 
(   14000,   22000 ]      241   0.000%  99.999% 
(   22000,   33000 ]      222   0.000% 100.000% 
(   33000,   50000 ]      127   0.000% 100.000% 
(   50000,   75000 ]       43   0.000% 100.000% 
(   75000,  110000 ]       49   0.000% 100.000% 
(  110000,  170000 ]       24   0.000% 100.000% 

2022/06/30-12:08:13  ... thread 4: (1000000,1000000) ops and (45510.0,45510.0) ops/second in (21.973209,21.973209) seconds
2022/06/30-12:08:14  ... thread 3: (1000000,1000000) ops and (44607.7,44607.7) ops/second in (22.417632,22.417632) seconds
2022/06/30-12:08:14  ... thread 1: (1000000,1000000) ops and (44595.0,44595.0) ops/second in (22.424054,22.424054) seconds
2022/06/30-12:08:14  ... thread 6: (1000000,1000000) ops and (44256.7,44256.7) ops/second in (22.595473,22.595473) seconds
2022/06/30-12:08:14  ... thread 7: (1000000,1000000) ops and (43542.8,43542.8) ops/second in (22.965918,22.965918) seconds
2022/06/30-12:08:15  ... thread 5: (1000000,1000000) ops and (42127.3,42127.3) ops/second in (23.737602,23.737602) seconds
2022/06/30-12:08:15  ... thread 2: (1000000,1000000) ops and (41868.5,41868.5) ops/second in (23.884326,23.884326) seconds
2022/06/30-12:08:15  ... thread 0: (1000000,1000000) ops and (41705.8,41705.8) ops/second in (23.977454,23.977454) seconds
2022/06/30-12:08:36  ... thread 4: (1000000,2000000) ops and (43601.2,44535.1) ops/second in (22.935144,44.908353) seconds
2022/06/30-12:08:37  ... thread 1: (1000000,2000000) ops and (43235.4,43904.6) ops/second in (23.129215,45.553269) seconds
2022/06/30-12:08:37  ... thread 6: (1000000,2000000) ops and (43270.4,43758.0) ops/second in (23.110506,45.705979) seconds
2022/06/30-12:08:38  ... thread 3: (1000000,2000000) ops and (41618.7,43061.4) ops/second in (24.027644,46.445276) seconds
2022/06/30-12:08:38  ... thread 7: (1000000,2000000) ops and (41716.8,42610.2) ops/second in (23.971173,46.937091) seconds
2022/06/30-12:08:39  ... thread 5: (1000000,2000000) ops and (41277.0,41697.8) ops/second in (24.226545,47.964147) seconds
2022/06/30-12:08:39  ... thread 2: (1000000,2000000) ops and (41124.8,41493.3) ops/second in (24.316234,48.200560) seconds
2022/06/30-12:08:39  ... thread 0: (1000000,2000000) ops and (41120.1,41410.9) ops/second in (24.319034,48.296488) seconds
2022/06/30-12:09:00  ... thread 4: (1000000,3000000) ops and (42960.0,43997.4) ops/second in (23.277480,68.185833) seconds
2022/06/30-12:09:00  ... thread 6: (1000000,3000000) ops and (44205.8,43906.2) ops/second in (22.621482,68.327461) seconds
2022/06/30-12:09:00  ... thread 1: (1000000,3000000) ops and (43634.8,43814.3) ops/second in (22.917498,68.470767) seconds
2022/06/30-12:09:01  ... thread 3: (1000000,3000000) ops and (42810.2,42977.4) ops/second in (23.358929,69.804205) seconds
2022/06/30-12:09:02  ... thread 7: (1000000,3000000) ops and (42646.4,42622.3) ops/second in (23.448631,70.385722) seconds
2022/06/30-12:09:03  ... thread 5: (1000000,3000000) ops and (41006.4,41464.8) ops/second in (24.386438,72.350585) seconds
2022/06/30-12:09:04  ... thread 2: (1000000,3000000) ops and (41048.3,41343.9) ops/second in (24.361532,72.562092) seconds
2022/06/30-12:09:04  ... thread 0: (1000000,3000000) ops and (40426.2,41077.4) ops/second in (24.736415,73.032903) seconds
2022/06/30-12:09:23  ... thread 4: (1000000,4000000) ops and (42592.6,43637.6) ops/second in (23.478275,91.664108) seconds
2022/06/30-12:09:23  ... thread 1: (1000000,4000000) ops and (42589.4,43501.5) ops/second in (23.480025,91.950792) seconds
2022/06/30-12:09:23  ... thread 6: (1000000,4000000) ops and (42113.6,43443.9) ops/second in (23.745287,92.072748) seconds
2022/06/30-12:09:25  ... thread 3: (1000000,4000000) ops and (42151.6,42767.9) ops/second in (23.723917,93.528122) seconds
2022/06/30-12:09:26  ... thread 7: (1000000,4000000) ops and (40614.7,42102.0) ops/second in (24.621605,95.007327) seconds
2022/06/30-12:09:28  ... thread 5: (1000000,4000000) ops and (40349.8,41180.3) ops/second in (24.783279,97.133864) seconds
2022/06/30-12:09:29  ... thread 0: (1000000,4000000) ops and (40211.9,40857.5) ops/second in (24.868230,97.901133) seconds
2022/06/30-12:09:29  ... thread 2: (1000000,4000000) ops and (39023.5,40738.3) ops/second in (25.625559,98.187651) seconds
2022/06/30-12:09:47  ... thread 4: (1000000,5000000) ops and (42032.1,43306.7) ops/second in (23.791351,115.455459) seconds
2022/06/30-12:09:47  ... thread 1: (1000000,5000000) ops and (41782.6,43146.5) ops/second in (23.933380,115.884172) seconds
2022/06/30-12:09:47  ... thread 6: (1000000,5000000) ops and (41958.4,43138.4) ops/second in (23.833146,115.905894) seconds
2022/06/30-12:09:49  ... thread 3: (1000000,5000000) ops and (42254.1,42664.1) ops/second in (23.666332,117.194454) seconds
2022/06/30-12:09:50  ... thread 7: (1000000,5000000) ops and (41262.1,41931.3) ops/second in (24.235311,119.242638) seconds
2022/06/30-12:09:53  ... thread 5: (1000000,5000000) ops and (39893.4,40916.3) ops/second in (25.066790,122.200654) seconds
2022/06/30-12:09:54  ... thread 0: (1000000,5000000) ops and (40558.5,40797.4) ops/second in (24.655718,122.556851) seconds
2022/06/30-12:09:54  ... thread 2: (1000000,5000000) ops and (39710.5,40528.5) ops/second in (25.182257,123.369908) seconds
2022/06/30-12:10:11  ... thread 6: (1000000,6000000) ops and (42738.1,43071.2) ops/second in (23.398328,139.304222) seconds
2022/06/30-12:10:11  ... thread 4: (1000000,6000000) ops and (41668.4,43024.8) ops/second in (23.999019,139.454478) seconds
2022/06/30-12:10:11  ... thread 1: (1000000,6000000) ops and (42036.3,42957.4) ops/second in (23.788947,139.673119) seconds
2022/06/30-12:10:12  ... thread 3: (1000000,6000000) ops and (41966.3,42546.2) ops/second in (23.828652,141.023106) seconds
2022/06/30-12:10:15  ... thread 7: (1000000,6000000) ops and (40826.4,41743.0) ops/second in (24.493964,143.736602) seconds
2022/06/30-12:10:17  ... thread 5: (1000000,6000000) ops and (41260.9,40973.3) ops/second in (24.236044,146.436698) seconds
2022/06/30-12:10:18  ... thread 0: (1000000,6000000) ops and (40166.2,40690.8) ops/second in (24.896535,147.453386) seconds
2022/06/30-12:10:19  ... thread 2: (1000000,6000000) ops and (40635.3,40546.3) ops/second in (24.609130,147.979038) seconds
2022/06/30-12:10:34  ... thread 6: (1000000,7000000) ops and (42810.1,43033.7) ops/second in (23.358955,162.663177) seconds
2022/06/30-12:10:34  ... thread 4: (1000000,7000000) ops and (42585.4,42961.5) ops/second in (23.482220,162.936698) seconds
2022/06/30-12:10:35  ... thread 1: (1000000,7000000) ops and (42256.9,42855.9) ops/second in (23.664796,163.337915) seconds
2022/06/30-12:10:36  ... thread 3: (1000000,7000000) ops and (42664.0,42563.0) ops/second in (23.438957,164.462063) seconds
2022/06/30-12:10:39  ... thread 7: (1000000,7000000) ops and (40712.6,41592.6) ops/second in (24.562428,168.299030) seconds
2022/06/30-12:10:42  ... thread 5: (1000000,7000000) ops and (40407.4,40891.5) ops/second in (24.747956,171.184654) seconds
2022/06/30-12:10:43  ... thread 0: (1000000,7000000) ops and (41180.9,40760.1) ops/second in (24.283104,171.736490) seconds
2022/06/30-12:10:43  ... thread 2: (1000000,7000000) ops and (40827.6,40586.2) ops/second in (24.493207,172.472245) seconds
2022/06/30-12:10:56  ... thread 6: (1000000,8000000) ops and (44625.1,43226.4) ops/second in (22.408924,185.072101) seconds
2022/06/30-12:10:57  ... thread 4: (1000000,8000000) ops and (43718.2,43054.6) ops/second in (22.873767,185.810465) seconds
2022/06/30-12:10:58  ... thread 1: (1000000,8000000) ops and (43891.4,42982.7) ops/second in (22.783498,186.121413) seconds
2022/06/30-12:10:58  ... thread 3: (1000000,8000000) ops and (44379.0,42781.8) ops/second in (22.533174,186.995237) seconds
2022/06/30-12:11:02  ... thread 7: (1000000,8000000) ops and (44232.9,41905.3) ops/second in (22.607630,190.906660) seconds
2022/06/30-12:11:05  ... thread 0: (1000000,8000000) ops and (45266.7,41273.8) ops/second in (22.091281,193.827771) seconds
2022/06/30-12:11:05  ... thread 5: (1000000,8000000) ops and (43880.7,41242.7) ops/second in (22.789084,193.973738) seconds
2022/06/30-12:11:06  ... thread 2: (1000000,8000000) ops and (44499.0,41037.3) ops/second in (22.472435,194.944680) seconds
ycsbb        :       3.046 micros/op 328280 ops/sec;   36.3 MB/s (7600000 of 8000000 found)
Microseconds per op:
Count: 64000000 Average: 23.7133  StdDev: 14.96
Min: 0  Median: 23.0188  Max: 17808
Percentiles: P50: 23.02 P75: 29.66 P99: 49.78 P99.9: 70.79 P99.99: 99.11
------------------------------------------------------
[       0,       1 ]     8949   0.014%   0.014% 
(       1,       2 ]   100409   0.157%   0.171% 
(       2,       3 ]   131508   0.205%   0.376% 
(       3,       4 ]    80505   0.126%   0.502% 
(       4,       6 ]   319550   0.499%   1.001% 
(       6,      10 ]  2213831   3.459%   4.461% #
(      10,      15 ]  5511925   8.612%  13.073% ##
(      15,      22 ] 21179619  33.093%  46.166% #######
(      22,      34 ] 28902434  45.160%  91.326% #########
(      34,      51 ]  5291422   8.268%  99.594% ##
(      51,      76 ]   247408   0.387%  99.981% 
(      76,     110 ]     8886   0.014%  99.994% 
(     110,     170 ]     1406   0.002%  99.997% 
(     170,     250 ]      635   0.001%  99.998% 
(     250,     380 ]      318   0.000%  99.998% 
(     380,     580 ]      419   0.001%  99.999% 
(     580,     870 ]      186   0.000%  99.999% 
(     870,    1300 ]      176   0.000%  99.999% 
(    1300,    1900 ]      165   0.000% 100.000% 
(    1900,    2900 ]      143   0.000% 100.000% 
(    2900,    4400 ]       56   0.000% 100.000% 
(    4400,    6600 ]       19   0.000% 100.000% 
(    6600,    9900 ]        7   0.000% 100.000% 
(   14000,   22000 ]       24   0.000% 100.000% 

2022/06/30-12:11:33  ... thread 0: (1000000,1000000) ops and (42039.3,42039.3) ops/second in (23.787278,23.787278) seconds
2022/06/30-12:11:33  ... thread 6: (1000000,1000000) ops and (41233.1,41233.1) ops/second in (24.252377,24.252377) seconds
2022/06/30-12:11:33  ... thread 7: (1000000,1000000) ops and (42077.1,42077.1) ops/second in (23.765906,23.765906) seconds
2022/06/30-12:11:33  ... thread 1: (1000000,1000000) ops and (41352.9,41352.9) ops/second in (24.182125,24.182125) seconds
2022/06/30-12:11:34  ... thread 4: (1000000,1000000) ops and (41410.1,41410.1) ops/second in (24.148725,24.148725) seconds
2022/06/30-12:11:34  ... thread 2: (1000000,1000000) ops and (41312.4,41312.4) ops/second in (24.205798,24.205798) seconds
2022/06/30-12:11:34  ... thread 3: (1000000,1000000) ops and (40473.1,40473.1) ops/second in (24.707775,24.707775) seconds
2022/06/30-12:11:35  ... thread 5: (1000000,1000000) ops and (40192.3,40192.3) ops/second in (24.880374,24.880374) seconds
2022/06/30-12:11:56  ... thread 7: (1000000,2000000) ops and (43550.1,42800.9) ops/second in (22.962039,46.727945) seconds
2022/06/30-12:11:57  ... thread 4: (1000000,2000000) ops and (43464.4,42412.4) ops/second in (23.007323,47.156048) seconds
2022/06/30-12:11:57  ... thread 6: (1000000,2000000) ops and (42388.9,41803.0) ops/second in (23.591091,47.843468) seconds
2022/06/30-12:11:57  ... thread 0: (1000000,2000000) ops and (41088.0,41558.2) ops/second in (24.337985,48.125263) seconds
2022/06/30-12:11:57  ... thread 2: (1000000,2000000) ops and (42832.4,42058.7) ops/second in (23.346834,47.552632) seconds
2022/06/30-12:11:58  ... thread 1: (1000000,2000000) ops and (41104.7,41228.4) ops/second in (24.328122,48.510247) seconds
2022/06/30-12:11:58  ... thread 3: (1000000,2000000) ops and (41182.6,40824.7) ops/second in (24.282120,48.989895) seconds
2022/06/30-12:11:58  ... thread 5: (1000000,2000000) ops and (42212.5,41177.7) ops/second in (23.689663,48.570037) seconds
2022/06/30-12:12:19  ... thread 7: (1000000,3000000) ops and (43391.4,42996.0) ops/second in (23.046067,69.774012) seconds
2022/06/30-12:12:20  ... thread 4: (1000000,3000000) ops and (43512.3,42772.8) ops/second in (22.982015,70.138063) seconds
2022/06/30-12:12:20  ... thread 2: (1000000,3000000) ops and (44171.9,42740.2) ops/second in (22.638829,70.191461) seconds
2022/06/30-12:12:20  ... thread 6: (1000000,3000000) ops and (42566.6,42054.5) ops/second in (23.492610,71.336078) seconds
2022/06/30-12:12:21  ... thread 0: (1000000,3000000) ops and (42591.1,41896.9) ops/second in (23.479086,71.604349) seconds
2022/06/30-12:12:22  ... thread 5: (1000000,3000000) ops and (42946.1,41750.7) ops/second in (23.284987,71.855024) seconds
2022/06/30-12:12:22  ... thread 1: (1000000,3000000) ops and (41665.6,41373.1) ops/second in (24.000613,72.510860) seconds
2022/06/30-12:12:23  ... thread 3: (1000000,3000000) ops and (39906.0,40513.8) ops/second in (25.058891,74.048786) seconds
2022/06/30-12:12:42  ... thread 7: (1000000,4000000) ops and (43930.6,43225.9) ops/second in (22.763194,92.537206) seconds
2022/06/30-12:12:43  ... thread 2: (1000000,4000000) ops and (43192.8,42852.5) ops/second in (23.151994,93.343455) seconds
2022/06/30-12:12:43  ... thread 4: (1000000,4000000) ops and (42490.7,42701.9) ops/second in (23.534572,93.672635) seconds
2022/06/30-12:12:44  ... thread 6: (1000000,4000000) ops and (42015.3,42044.6) ops/second in (23.800878,95.136956) seconds
2022/06/30-12:12:45  ... thread 5: (1000000,4000000) ops and (43315.8,42131.3) ops/second in (23.086272,94.941296) seconds
2022/06/30-12:12:45  ... thread 0: (1000000,4000000) ops and (40768.0,41608.8) ops/second in (24.529069,96.133418) seconds
2022/06/30-12:12:46  ... thread 1: (1000000,4000000) ops and (41011.4,41282.1) ops/second in (24.383439,96.894299) seconds
2022/06/30-12:12:48  ... thread 3: (1000000,4000000) ops and (40698.0,40559.7) ops/second in (24.571250,98.620036) seconds
2022/06/30-12:13:06  ... thread 2: (1000000,5000000) ops and (43933.7,43064.5) ops/second in (22.761552,116.105007) seconds
2022/06/30-12:13:06  ... thread 7: (1000000,5000000) ops and (41667.7,42905.0) ops/second in (23.999418,116.536624) seconds
2022/06/30-12:13:07  ... thread 4: (1000000,5000000) ops and (43160.6,42792.9) ops/second in (23.169270,116.841905) seconds
2022/06/30-12:13:08  ... thread 6: (1000000,5000000) ops and (42588.4,42152.3) ops/second in (23.480554,118.617510) seconds
2022/06/30-12:13:08  ... thread 5: (1000000,5000000) ops and (42610.2,42226.2) ops/second in (23.468564,118.409860) seconds
2022/06/30-12:13:09  ... thread 0: (1000000,5000000) ops and (41313.0,41549.3) ops/second in (24.205476,120.338894) seconds
2022/06/30-12:13:11  ... thread 1: (1000000,5000000) ops and (41040.0,41233.5) ops/second in (24.366454,121.260753) seconds
2022/06/30-12:13:12  ... thread 3: (1000000,5000000) ops and (41778.6,40797.8) ops/second in (23.935710,122.555746) seconds
2022/06/30-12:13:29  ... thread 2: (1000000,6000000) ops and (43808.8,43186.8) ops/second in (22.826456,138.931463) seconds
2022/06/30-12:13:29  ... thread 7: (1000000,6000000) ops and (43553.8,43011.8) ops/second in (22.960108,139.496732) seconds
2022/06/30-12:13:30  ... thread 4: (1000000,6000000) ops and (43079.3,42840.3) ops/second in (23.213021,140.054926) seconds
2022/06/30-12:13:31  ... thread 5: (1000000,6000000) ops and (43549.8,42441.2) ops/second in (22.962224,141.372084) seconds
2022/06/30-12:13:32  ... thread 6: (1000000,6000000) ops and (40919.4,41941.7) ops/second in (24.438303,143.055813) seconds
2022/06/30-12:13:34  ... thread 0: (1000000,6000000) ops and (40910.0,41441.4) ops/second in (24.443931,144.782825) seconds
2022/06/30-12:13:35  ... thread 1: (1000000,6000000) ops and (41110.3,41212.9) ops/second in (24.324816,145.585569) seconds
2022/06/30-12:13:37  ... thread 3: (1000000,6000000) ops and (40058.9,40672.7) ops/second in (24.963232,147.518978) seconds
2022/06/30-12:13:51  ... thread 2: (1000000,7000000) ops and (43716.6,43261.7) ops/second in (22.874606,161.806069) seconds
2022/06/30-12:13:52  ... thread 7: (1000000,7000000) ops and (43416.4,43069.1) ops/second in (23.032751,162.529483) seconds
2022/06/30-12:13:53  ... thread 4: (1000000,7000000) ops and (43250.3,42898.4) ops/second in (23.121208,163.176134) seconds
2022/06/30-12:13:54  ... thread 5: (1000000,7000000) ops and (42862.8,42500.9) ops/second in (23.330248,164.702332) seconds
2022/06/30-12:13:56  ... thread 6: (1000000,7000000) ops and (41848.7,41928.4) ops/second in (23.895632,166.951445) seconds
2022/06/30-12:13:58  ... thread 0: (1000000,7000000) ops and (41449.9,41442.6) ops/second in (24.125521,168.908346) seconds
2022/06/30-12:13:59  ... thread 1: (1000000,7000000) ops and (41491.2,41252.4) ops/second in (24.101508,169.687077) seconds
2022/06/30-12:14:00  ... thread 3: (1000000,7000000) ops and (42015.6,40859.3) ops/second in (23.800679,171.319657) seconds
2022/06/30-12:14:15  ... thread 2: (1000000,8000000) ops and (42710.6,43192.0) ops/second in (23.413393,185.219462) seconds
2022/06/30-12:14:16  ... thread 7: (1000000,8000000) ops and (42645.4,43015.7) ops/second in (23.449192,185.978675) seconds
2022/06/30-12:14:16  ... thread 4: (1000000,8000000) ops and (42575.6,42857.8) ops/second in (23.487607,186.663741) seconds
2022/06/30-12:14:18  ... thread 5: (1000000,8000000) ops and (42573.7,42510.0) ops/second in (23.488687,188.191019) seconds
2022/06/30-12:14:20  ... thread 6: (1000000,8000000) ops and (42369.9,41983.1) ops/second in (23.601637,190.553082) seconds
2022/06/30-12:14:21  ... thread 0: (1000000,8000000) ops and (42953.1,41625.6) ops/second in (23.281225,192.189571) seconds
2022/06/30-12:14:22  ... thread 1: (1000000,8000000) ops and (42675.2,41425.0) ops/second in (23.432797,193.119874) seconds
2022/06/30-12:14:24  ... thread 3: (1000000,8000000) ops and (42935.5,41107.8) ops/second in (23.290754,194.610411) seconds
ycsbc        :       3.044 micros/op 328518 ops/sec;   36.3 MB/s (8000000 of 8000000 found)
Microseconds per op:
Count: 64000000 Average: 23.6957  StdDev: 9.01
Min: 0  Median: 22.6489  Max: 5352
Percentiles: P50: 22.65 P75: 29.44 P99: 49.66 P99.9: 70.27 P99.99: 94.21
------------------------------------------------------
[       0,       1 ]    13628   0.021%   0.021% 
(       1,       2 ]   136483   0.213%   0.235% 
(       2,       3 ]   172120   0.269%   0.503% 
(       3,       4 ]    92287   0.144%   0.648% 
(       4,       6 ]    48168   0.075%   0.723% 
(       6,      10 ]   821338   1.283%   2.006% 
(      10,      15 ]  6062733   9.473%  11.479% ##
(      15,      22 ] 23124926  36.133%  47.612% #######
(      22,      34 ] 28261793  44.159%  91.771% #########
(      34,      51 ]  5023179   7.849%  99.620% ##
(      51,      76 ]   232645   0.364%  99.983% 
(      76,     110 ]     8030   0.013%  99.996% 
(     110,     170 ]     1257   0.002%  99.998% 
(     170,     250 ]      646   0.001%  99.999% 
(     250,     380 ]      150   0.000%  99.999% 
(     380,     580 ]      249   0.000%  99.999% 
(     580,     870 ]       62   0.000% 100.000% 
(     870,    1300 ]      100   0.000% 100.000% 
(    1300,    1900 ]       26   0.000% 100.000% 
(    1900,    2900 ]      152   0.000% 100.000% 
(    2900,    4400 ]       27   0.000% 100.000% 
(    4400,    6600 ]        1   0.000% 100.000% 

2022/06/30-12:14:58  ... thread 4: (1000000,1000000) ops and (32623.8,32623.8) ops/second in (30.652474,30.652474) seconds
2022/06/30-12:14:58  ... thread 0: (1000000,1000000) ops and (32448.2,32448.2) ops/second in (30.818359,30.818359) seconds
2022/06/30-12:14:58  ... thread 6: (1000000,1000000) ops and (32138.9,32138.9) ops/second in (31.114896,31.114896) seconds
2022/06/30-12:14:59  ... thread 1: (1000000,1000000) ops and (31775.5,31775.5) ops/second in (31.470832,31.470832) seconds
2022/06/30-12:14:59  ... thread 7: (1000000,1000000) ops and (31072.7,31072.7) ops/second in (32.182638,32.182638) seconds
2022/06/30-12:14:59  ... thread 5: (1000000,1000000) ops and (31578.5,31578.5) ops/second in (31.667087,31.667087) seconds
2022/06/30-12:15:00  ... thread 3: (1000000,1000000) ops and (31075.2,31075.2) ops/second in (32.179996,32.179996) seconds
2022/06/30-12:15:00  ... thread 2: (1000000,1000000) ops and (30645.9,30645.9) ops/second in (32.630781,32.630781) seconds
2022/06/30-12:15:29  ... thread 4: (1000000,2000000) ops and (32055.5,32337.1) ops/second in (31.195943,61.848417) seconds
2022/06/30-12:15:29  ... thread 6: (1000000,2000000) ops and (32242.4,32190.6) ops/second in (31.015085,62.129981) seconds
2022/06/30-12:15:30  ... thread 0: (1000000,2000000) ops and (30985.6,31700.0) ops/second in (32.273077,63.091436) seconds
2022/06/30-12:15:30  ... thread 1: (1000000,2000000) ops and (31748.9,31762.2) ops/second in (31.497183,62.968015) seconds
2022/06/30-12:15:31  ... thread 5: (1000000,2000000) ops and (31614.8,31596.7) ops/second in (31.630733,63.297820) seconds
2022/06/30-12:15:31  ... thread 7: (1000000,2000000) ops and (31446.3,31258.4) ops/second in (31.800259,63.982897) seconds
2022/06/30-12:15:31  ... thread 2: (1000000,2000000) ops and (31962.6,31290.4) ops/second in (31.286547,63.917328) seconds
2022/06/30-12:15:33  ... thread 3: (1000000,2000000) ops and (30181.6,30621.9) ops/second in (33.132732,65.312728) seconds
2022/06/30-12:16:01  ... thread 6: (1000000,3000000) ops and (31677.5,32017.7) ops/second in (31.568153,93.698134) seconds
2022/06/30-12:16:01  ... thread 4: (1000000,3000000) ops and (31043.7,31894.2) ops/second in (32.212681,94.061098) seconds
2022/06/30-12:16:02  ... thread 0: (1000000,3000000) ops and (31375.4,31591.1) ops/second in (31.872084,94.963520) seconds
2022/06/30-12:16:03  ... thread 7: (1000000,3000000) ops and (31326.3,31281.0) ops/second in (31.922084,95.904981) seconds
2022/06/30-12:16:04  ... thread 1: (1000000,3000000) ops and (30196.3,31222.5) ops/second in (33.116646,96.084661) seconds
2022/06/30-12:16:05  ... thread 2: (1000000,3000000) ops and (30082.3,30877.1) ops/second in (33.242102,97.159430) seconds
2022/06/30-12:16:05  ... thread 5: (1000000,3000000) ops and (29482.1,30858.9) ops/second in (33.918919,97.216739) seconds
2022/06/30-12:16:06  ... thread 3: (1000000,3000000) ops and (29794.3,30341.0) ops/second in (33.563480,98.876208) seconds
2022/06/30-12:16:33  ... thread 6: (1000000,4000000) ops and (31004.9,31758.4) ops/second in (32.252979,125.951113) seconds
2022/06/30-12:16:34  ... thread 4: (1000000,4000000) ops and (30734.0,31596.0) ops/second in (32.537278,126.598376) seconds
2022/06/30-12:16:35  ... thread 0: (1000000,4000000) ops and (30271.0,31250.4) ops/second in (33.034920,127.998440) seconds
2022/06/30-12:16:35  ... thread 7: (1000000,4000000) ops and (30940.5,31195.1) ops/second in (32.320080,128.225061) seconds
2022/06/30-12:16:38  ... thread 1: (1000000,4000000) ops and (29479.4,30767.7) ops/second in (33.921959,130.006620) seconds
2022/06/30-12:16:39  ... thread 5: (1000000,4000000) ops and (29555.4,30522.4) ops/second in (33.834729,131.051468) seconds
2022/06/30-12:16:39  ... thread 2: (1000000,4000000) ops and (29447.1,30506.7) ops/second in (33.959219,131.118649) seconds
2022/06/30-12:16:40  ... thread 3: (1000000,4000000) ops and (29704.8,30179.4) ops/second in (33.664630,132.540838) seconds
2022/06/30-12:17:05  ... thread 6: (1000000,5000000) ops and (31138.6,31632.4) ops/second in (32.114449,158.065562) seconds
2022/06/30-12:17:06  ... thread 4: (1000000,5000000) ops and (31281.2,31532.5) ops/second in (31.968041,158.566417) seconds
2022/06/30-12:17:07  ... thread 7: (1000000,5000000) ops and (31296.1,31215.3) ops/second in (31.952877,160.177938) seconds
2022/06/30-12:17:08  ... thread 0: (1000000,5000000) ops and (30526.6,31102.9) ops/second in (32.758306,160.756746) seconds
2022/06/30-12:17:10  ... thread 1: (1000000,5000000) ops and (30367.2,30686.7) ops/second in (32.930240,162.936860) seconds
2022/06/30-12:17:11  ... thread 2: (1000000,5000000) ops and (30509.9,30507.4) ops/second in (32.776216,163.894865) seconds
2022/06/30-12:17:12  ... thread 5: (1000000,5000000) ops and (29871.5,30389.9) ops/second in (33.476693,164.528161) seconds
2022/06/30-12:17:12  ... thread 3: (1000000,5000000) ops and (30999.2,30339.9) ops/second in (32.258905,164.799743) seconds
2022/06/30-12:17:38  ... thread 4: (1000000,6000000) ops and (31094.1,31458.6) ops/second in (32.160422,190.726839) seconds
2022/06/30-12:17:38  ... thread 6: (1000000,6000000) ops and (30248.3,31393.0) ops/second in (33.059755,191.125317) seconds
2022/06/30-12:17:39  ... thread 7: (1000000,6000000) ops and (30804.4,31146.0) ops/second in (32.462909,192.640847) seconds
2022/06/30-12:17:40  ... thread 0: (1000000,6000000) ops and (30787.7,31049.9) ops/second in (32.480467,193.237213) seconds
2022/06/30-12:17:45  ... thread 1: (1000000,6000000) ops and (29050.9,30401.4) ops/second in (34.422332,197.359192) seconds
2022/06/30-12:17:46  ... thread 2: (1000000,6000000) ops and (28601.3,30172.2) ops/second in (34.963475,198.858340) seconds
2022/06/30-12:17:46  ... thread 3: (1000000,6000000) ops and (29328.5,30166.5) ops/second in (34.096525,198.896268) seconds
2022/06/30-12:17:46  ... thread 5: (1000000,6000000) ops and (29048.1,30157.8) ops/second in (34.425622,198.953783) seconds
2022/06/30-12:18:11  ... thread 4: (1000000,7000000) ops and (30043.6,31248.4) ops/second in (33.284962,224.011801) seconds
2022/06/30-12:18:11  ... thread 6: (1000000,7000000) ops and (30303.6,31232.6) ops/second in (32.999330,224.124647) seconds
2022/06/30-12:18:13  ... thread 0: (1000000,7000000) ops and (30522.4,30973.4) ops/second in (32.762841,226.000054) seconds
2022/06/30-12:18:13  ... thread 7: (1000000,7000000) ops and (29757.0,30939.7) ops/second in (33.605488,226.246335) seconds
2022/06/30-12:18:19  ... thread 1: (1000000,7000000) ops and (29361.7,30248.4) ops/second in (34.057935,231.417127) seconds
2022/06/30-12:18:20  ... thread 3: (1000000,7000000) ops and (29682.9,30096.4) ops/second in (33.689462,232.585730) seconds
2022/06/30-12:18:20  ... thread 5: (1000000,7000000) ops and (29646.9,30083.7) ops/second in (33.730288,232.684071) seconds
2022/06/30-12:18:20  ... thread 2: (1000000,7000000) ops and (29347.7,30051.6) ops/second in (34.074217,232.932557) seconds
2022/06/30-12:18:44  ... thread 4: (1000000,8000000) ops and (30400.7,31139.8) ops/second in (32.893992,256.905793) seconds
2022/06/30-12:18:45  ... thread 6: (1000000,8000000) ops and (29875.3,31056.2) ops/second in (33.472459,257.597106) seconds
2022/06/30-12:18:46  ... thread 7: (1000000,8000000) ops and (30338.6,30863.3) ops/second in (32.961318,259.207653) seconds
2022/06/30-12:18:46  ... thread 0: (1000000,8000000) ops and (30011.2,30849.8) ops/second in (33.320866,259.320920) seconds
2022/06/30-12:18:52  ... thread 1: (1000000,8000000) ops and (30116.9,30231.9) ops/second in (33.203937,264.621064) seconds
2022/06/30-12:18:52  ... thread 3: (1000000,8000000) ops and (30844.9,30188.0) ops/second in (32.420230,265.005960) seconds
2022/06/30-12:18:53  ... thread 5: (1000000,8000000) ops and (30637.9,30151.9) ops/second in (32.639322,265.323393) seconds
2022/06/30-12:18:53  ... thread 2: (1000000,8000000) ops and (30743.4,30136.4) ops/second in (32.527300,265.459857) seconds
ycsbf        :       4.158 micros/op 240492 ops/sec;   26.6 MB/s (8000000 of 8000000 found)
Microseconds per op:
Count: 64000000 Average: 32.7100  StdDev: 43.63
Min: 1  Median: 30.7331  Max: 25447
Percentiles: P50: 30.73 P75: 41.41 P99: 73.20 P99.9: 99.35 P99.99: 232.79
------------------------------------------------------
[       0,       1 ]     1902   0.003%   0.003% 
(       1,       2 ]    33631   0.053%   0.056% 
(       2,       3 ]    63015   0.098%   0.154% 
(       3,       4 ]    46557   0.073%   0.227% 
(       4,       6 ]    35002   0.055%   0.281% 
(       6,      10 ]   222584   0.348%   0.629% 
(      10,      15 ]  2395537   3.743%   4.372% #
(      15,      22 ] 10380038  16.219%  20.591% ###
(      22,      34 ] 25862566  40.410%  61.001% ########
(      34,      51 ] 20563342  32.130%  93.132% ######
(      51,      76 ]  4230338   6.610%  99.741% #
(      76,     110 ]   147749   0.231%  99.972% 
(     110,     170 ]     8899   0.014%  99.986% 
(     170,     250 ]     3109   0.005%  99.991% 
(     250,     380 ]     1298   0.002%  99.993% 
(     380,     580 ]     1404   0.002%  99.995% 
(     580,     870 ]      794   0.001%  99.997% 
(     870,    1300 ]      595   0.001%  99.997% 
(    1300,    1900 ]      310   0.000%  99.998% 
(    1900,    2900 ]      403   0.001%  99.999% 
(    2900,    4400 ]      421   0.001%  99.999% 
(    4400,    6600 ]      180   0.000%  99.999% 
(    6600,    9900 ]       65   0.000% 100.000% 
(    9900,   14000 ]        1   0.000% 100.000% 
(   14000,   22000 ]      252   0.000% 100.000% 
(   22000,   33000 ]        8   0.000% 100.000% 

2022/06/30-12:19:23  ... thread 6: (1000000,1000000) ops and (38567.5,38567.5) ops/second in (25.928595,25.928595) seconds
2022/06/30-12:19:23  ... thread 4: (1000000,1000000) ops and (38265.5,38265.5) ops/second in (26.133232,26.133232) seconds
2022/06/30-12:19:23  ... thread 0: (1000000,1000000) ops and (38276.8,38276.8) ops/second in (26.125482,26.125482) seconds
2022/06/30-12:19:24  ... thread 1: (1000000,1000000) ops and (36862.1,36862.1) ops/second in (27.128122,27.128122) seconds
2022/06/30-12:19:25  ... thread 7: (1000000,1000000) ops and (36576.1,36576.1) ops/second in (27.340280,27.340280) seconds
2022/06/30-12:19:25  ... thread 5: (1000000,1000000) ops and (36148.4,36148.4) ops/second in (27.663738,27.663738) seconds
2022/06/30-12:19:25  ... thread 3: (1000000,1000000) ops and (35998.2,35998.2) ops/second in (27.779190,27.779190) seconds
2022/06/30-12:19:27  ... thread 2: (1000000,1000000) ops and (34457.3,34457.3) ops/second in (29.021445,29.021445) seconds
2022/06/30-12:19:49  ... thread 0: (1000000,2000000) ops and (38652.6,38463.8) ops/second in (25.871514,51.996996) seconds
2022/06/30-12:19:49  ... thread 6: (1000000,2000000) ops and (37955.0,38258.8) ops/second in (26.346991,52.275586) seconds
2022/06/30-12:19:50  ... thread 4: (1000000,2000000) ops and (37991.1,38127.8) ops/second in (26.321963,52.455195) seconds
2022/06/30-12:19:50  ... thread 1: (1000000,2000000) ops and (38649.0,37734.4) ops/second in (25.873920,53.002042) seconds
2022/06/30-12:19:52  ... thread 7: (1000000,2000000) ops and (36406.8,36491.2) ops/second in (27.467385,54.807665) seconds
2022/06/30-12:19:52  ... thread 3: (1000000,2000000) ops and (36907.7,36447.3) ops/second in (27.094590,54.873780) seconds
2022/06/30-12:19:53  ... thread 5: (1000000,2000000) ops and (36281.9,36215.0) ops/second in (27.561945,55.225683) seconds
2022/06/30-12:19:54  ... thread 2: (1000000,2000000) ops and (36091.0,35255.2) ops/second in (27.707768,56.729213) seconds
2022/06/30-12:20:14  ... thread 6: (1000000,3000000) ops and (40334.9,38926.7) ops/second in (24.792421,77.068007) seconds
2022/06/30-12:20:14  ... thread 0: (1000000,3000000) ops and (39795.4,38897.6) ops/second in (25.128513,77.125509) seconds
2022/06/30-12:20:15  ... thread 4: (1000000,3000000) ops and (39977.0,38724.9) ops/second in (25.014388,77.469583) seconds
2022/06/30-12:20:15  ... thread 1: (1000000,3000000) ops and (39822.0,38405.5) ops/second in (25.111721,78.113763) seconds
2022/06/30-12:20:19  ... thread 3: (1000000,3000000) ops and (37944.9,36933.2) ops/second in (26.354004,81.227784) seconds
2022/06/30-12:20:19  ... thread 7: (1000000,3000000) ops and (37062.2,36679.6) ops/second in (26.981699,81.789364) seconds
2022/06/30-12:20:20  ... thread 5: (1000000,3000000) ops and (36676.1,36367.4) ops/second in (27.265725,82.491408) seconds
2022/06/30-12:20:21  ... thread 2: (1000000,3000000) ops and (37112.5,35853.3) ops/second in (26.945108,83.674321) seconds
2022/06/30-12:20:39  ... thread 0: (1000000,4000000) ops and (40353.6,39251.7) ops/second in (24.780924,101.906433) seconds
2022/06/30-12:20:39  ... thread 6: (1000000,4000000) ops and (40031.8,39197.2) ops/second in (24.980118,102.048125) seconds
2022/06/30-12:20:40  ... thread 4: (1000000,4000000) ops and (40013.0,39039.1) ops/second in (24.991894,102.461477) seconds
2022/06/30-12:20:41  ... thread 1: (1000000,4000000) ops and (38995.8,38551.4) ops/second in (25.643819,103.757582) seconds
2022/06/30-12:20:46  ... thread 7: (1000000,4000000) ops and (37643.2,36915.8) ops/second in (26.565245,108.354609) seconds
2022/06/30-12:20:46  ... thread 3: (1000000,4000000) ops and (36631.2,36857.2) ops/second in (27.299157,108.526941) seconds
2022/06/30-12:20:48  ... thread 5: (1000000,4000000) ops and (35616.2,36176.7) ops/second in (28.077125,110.568533) seconds
2022/06/30-12:20:49  ... thread 2: (1000000,4000000) ops and (35577.4,35783.9) ops/second in (28.107722,111.782043) seconds
2022/06/30-12:21:04  ... thread 0: (1000000,5000000) ops and (39501.0,39301.3) ops/second in (25.315831,127.222264) seconds
2022/06/30-12:21:05  ... thread 4: (1000000,5000000) ops and (39538.8,39138.0) ops/second in (25.291641,127.753118) seconds
2022/06/30-12:21:05  ... thread 6: (1000000,5000000) ops and (38706.6,39098.1) ops/second in (25.835397,127.883522) seconds
2022/06/30-12:21:07  ... thread 1: (1000000,5000000) ops and (38206.8,38482.0) ops/second in (26.173342,129.930924) seconds
2022/06/30-12:21:12  ... thread 7: (1000000,5000000) ops and (38510.5,37224.1) ops/second in (25.966931,134.321540) seconds
2022/06/30-12:21:13  ... thread 3: (1000000,5000000) ops and (37260.6,36937.2) ops/second in (26.837970,135.364911) seconds
2022/06/30-12:21:15  ... thread 5: (1000000,5000000) ops and (37226.4,36381.8) ops/second in (26.862638,137.431171) seconds
2022/06/30-12:21:17  ... thread 2: (1000000,5000000) ops and (36329.1,35891.7) ops/second in (27.526118,139.308161) seconds
2022/06/30-12:21:30  ... thread 0: (1000000,6000000) ops and (38692.6,39198.5) ops/second in (25.844743,153.067007) seconds
2022/06/30-12:21:30  ... thread 4: (1000000,6000000) ops and (39255.1,39157.5) ops/second in (25.474393,153.227511) seconds
2022/06/30-12:21:31  ... thread 6: (1000000,6000000) ops and (39259.3,39124.9) ops/second in (25.471640,153.355162) seconds
2022/06/30-12:21:32  ... thread 1: (1000000,6000000) ops and (39252.7,38608.3) ops/second in (25.475941,155.406865) seconds
2022/06/30-12:21:39  ... thread 7: (1000000,6000000) ops and (37261.4,37230.3) ops/second in (26.837411,161.158951) seconds
2022/06/30-12:21:41  ... thread 3: (1000000,6000000) ops and (36130.9,36800.3) ops/second in (27.677141,163.042052) seconds
2022/06/30-12:21:42  ... thread 5: (1000000,6000000) ops and (37024.5,36487.4) ops/second in (27.009177,164.440348) seconds
2022/06/30-12:21:44  ... thread 2: (1000000,6000000) ops and (36298.5,35958.8) ops/second in (27.549329,166.857490) seconds
2022/06/30-12:21:55  ... thread 4: (1000000,7000000) ops and (39840.1,39253.5) ops/second in (25.100325,178.327836) seconds
2022/06/30-12:21:56  ... thread 0: (1000000,7000000) ops and (39511.4,39242.9) ops/second in (25.309122,178.376129) seconds
2022/06/30-12:21:56  ... thread 6: (1000000,7000000) ops and (38666.3,39058.7) ops/second in (25.862340,179.217502) seconds
2022/06/30-12:21:58  ... thread 1: (1000000,7000000) ops and (39721.7,38763.5) ops/second in (25.175184,180.582049) seconds
2022/06/30-12:22:04  ... thread 7: (1000000,7000000) ops and (38690.1,37432.1) ops/second in (25.846399,187.005350) seconds
2022/06/30-12:22:07  ... thread 3: (1000000,7000000) ops and (37866.1,36948.9) ops/second in (26.408839,189.450891) seconds
2022/06/30-12:22:09  ... thread 5: (1000000,7000000) ops and (37424.0,36618.3) ops/second in (26.720808,191.161156) seconds
2022/06/30-12:22:11  ... thread 2: (1000000,7000000) ops and (37118.5,36120.0) ops/second in (26.940750,193.798240) seconds
2022/06/30-12:22:20  ... thread 0: (1000000,8000000) ops and (40593.7,39406.8) ops/second in (24.634351,203.010480) seconds
2022/06/30-12:22:20  ... thread 4: (1000000,8000000) ops and (40193.7,39368.7) ops/second in (24.879508,203.207344) seconds
2022/06/30-12:22:21  ... thread 6: (1000000,8000000) ops and (40497.0,39232.9) ops/second in (24.693167,203.910669) seconds
2022/06/30-12:22:23  ... thread 1: (1000000,8000000) ops and (39555.5,38860.8) ops/second in (25.280910,205.862959) seconds
2022/06/30-12:22:29  ... thread 7: (1000000,8000000) ops and (40316.8,37769.9) ops/second in (24.803537,211.808887) seconds
2022/06/30-12:22:32  ... thread 3: (1000000,8000000) ops and (40013.5,37306.0) ops/second in (24.991575,214.442466) seconds
2022/06/30-12:22:33  ... thread 5: (1000000,8000000) ops and (40609.9,37073.8) ops/second in (24.624545,215.785701) seconds
2022/06/30-12:22:34  ... thread 2: (1000000,8000000) ops and (43248.4,36879.9) ops/second in (23.122225,216.920465) seconds
ycsbd        :       3.398 micros/op 294272 ops/sec;   32.6 MB/s (7600000 of 8000000 found)
Microseconds per op:
Count: 64000000 Average: 26.1711  StdDev: 17.60
Min: 0  Median: 25.6490  Max: 20317
Percentiles: P50: 25.65 P75: 32.37 P99: 58.59 P99.9: 75.21 P99.99: 107.92
------------------------------------------------------
[       0,       1 ]    21126   0.033%   0.033% 
(       1,       2 ]   230539   0.360%   0.393% 
(       2,       3 ]   301044   0.470%   0.864% 
(       3,       4 ]   165338   0.258%   1.122% 
(       4,       6 ]   367935   0.575%   1.697% 
(       6,      10 ]  2585871   4.040%   5.737% #
(      10,      15 ]  5961120   9.314%  15.052% ##
(      15,      22 ] 13680670  21.376%  36.428% ####
(      22,      34 ] 28565508  44.634%  81.061% #########
(      34,      51 ] 11217717  17.528%  98.589% ####
(      51,      76 ]   866336   1.354%  99.943% 
(      76,     110 ]    32377   0.051%  99.993% 
(     110,     170 ]     2316   0.004%  99.997% 
(     170,     250 ]      800   0.001%  99.998% 
(     250,     380 ]      286   0.000%  99.998% 
(     380,     580 ]      385   0.001%  99.999% 
(     580,     870 ]      124   0.000%  99.999% 
(     870,    1300 ]      106   0.000%  99.999% 
(    1300,    1900 ]       76   0.000%  99.999% 
(    1900,    2900 ]      140   0.000% 100.000% 
(    2900,    4400 ]      120   0.000% 100.000% 
(    4400,    6600 ]       32   0.000% 100.000% 
(    6600,    9900 ]       10   0.000% 100.000% 
(   14000,   22000 ]       24   0.000% 100.000% 

2022/06/30-12:24:28  ... thread 7: (1000000,1000000) ops and (9139.3,9139.3) ops/second in (109.417292,109.417292) seconds
2022/06/30-12:24:28  ... thread 4: (1000000,1000000) ops and (9108.7,9108.7) ops/second in (109.784665,109.784665) seconds
2022/06/30-12:24:28  ... thread 1: (1000000,1000000) ops and (9073.9,9073.9) ops/second in (110.205656,110.205656) seconds
2022/06/30-12:24:29  ... thread 6: (1000000,1000000) ops and (9003.1,9003.1) ops/second in (111.073148,111.073148) seconds
2022/06/30-12:24:32  ... thread 5: (1000000,1000000) ops and (8777.2,8777.2) ops/second in (113.931063,113.931063) seconds
2022/06/30-12:24:32  ... thread 3: (1000000,1000000) ops and (8749.9,8749.9) ops/second in (114.287225,114.287225) seconds
2022/06/30-12:24:32  ... thread 2: (1000000,1000000) ops and (8757.7,8757.7) ops/second in (114.185199,114.185199) seconds
2022/06/30-12:24:35  ... thread 0: (1000000,1000000) ops and (8556.8,8556.8) ops/second in (116.866259,116.866259) seconds
2022/06/30-12:26:15  ... thread 4: (1000000,2000000) ops and (9334.5,9220.2) ops/second in (107.129541,216.914206) seconds
2022/06/30-12:26:16  ... thread 6: (1000000,2000000) ops and (9403.5,9198.9) ops/second in (106.343307,217.416455) seconds
2022/06/30-12:26:17  ... thread 7: (1000000,2000000) ops and (9169.6,9154.4) ops/second in (109.056504,218.473796) seconds
2022/06/30-12:26:19  ... thread 1: (1000000,2000000) ops and (9038.7,9056.3) ops/second in (110.634810,220.840466) seconds
2022/06/30-12:26:19  ... thread 5: (1000000,2000000) ops and (9342.6,9051.1) ops/second in (107.036736,220.967799) seconds
2022/06/30-12:26:23  ... thread 3: (1000000,2000000) ops and (9019.2,8882.5) ops/second in (110.874371,225.161596) seconds
2022/06/30-12:26:25  ... thread 2: (1000000,2000000) ops and (8871.2,8814.1) ops/second in (112.724528,226.909727) seconds
2022/06/30-12:26:27  ... thread 0: (1000000,2000000) ops and (8955.0,8751.4) ops/second in (111.669638,228.535897) seconds
ycsbe        :      14.296 micros/op 69949 ops/sec;  735.5 MB/s (1900359 of 2000000 found)
Microseconds per op:
Count: 16000000 Average: 110.9512  StdDev: 43.36
Min: 3  Median: 111.3252  Max: 19635
Percentiles: P50: 111.33 P75: 144.54 P99: 237.34 P99.9: 249.88 P99.99: 464.43
------------------------------------------------------
(       2,       3 ]        6   0.000%   0.000% 
(       3,       4 ]      496   0.003%   0.003% 
(       4,       6 ]    27835   0.174%   0.177% 
(       6,      10 ]   303375   1.896%   2.073% 
(      10,      15 ]   398023   2.488%   4.561% 
(      15,      22 ]    57980   0.362%   4.923% 
(      22,      34 ]    14598   0.091%   5.014% 
(      34,      51 ]   150970   0.944%   5.958% 
(      51,      76 ]  1546725   9.667%  15.625% ##
(      76,     110 ]  5340385  33.377%  49.002% #######
(     110,     170 ]  7226602  45.166%  94.169% #########
(     170,     250 ]   918327   5.740%  99.908% #
(     250,     380 ]    12682   0.079%  99.988% 
(     380,     580 ]      938   0.006%  99.993% 
(     580,     870 ]      315   0.002%  99.995% 
(     870,    1300 ]      211   0.001%  99.997% 
(    1300,    1900 ]      350   0.002%  99.999% 
(    1900,    2900 ]      150   0.001% 100.000% 
(    2900,    4400 ]       15   0.000% 100.000% 
(    4400,    6600 ]        9   0.000% 100.000% 
(   14000,   22000 ]        8   0.000% 100.000% 


                               Compactions
Level Time(sec) Read(MB) Write(MB)
--------------------------------------------------
  0     81.79     0.00   7978.06
  1     71.43  8549.41   8291.72
  2    116.06 15632.57  13100.11
BucketCount: 100
WriteAmplification: 3.6813
TotalSize(MB): 22280.36

seq# 149246929, log# 214, min log#204, file# 18136
