./leveldb/release/db_bench --cache_size=8388608 --db=/mnt/shunzi/test-data/wipdb/level_ycsb --threads=8 --open_files=40000 --num=100000000 --range=100000000 --reads=2000000 --batch_size=1000 --stats_interval=1000000 --bloom_bits=16 --value_size=100 --histogram=true --log=true --benchmarks=loadreverse,ycsba,ycsbb,ycsbc,ycsbf,ycsbd,ycsbe,stats --ycsb_ops_num=8000000 --seek_nexts=100 --use_existing_db=true --print_wa=true --write_buffer_size=67108864 --max_file_size=67108864 
Keys:       16 bytes each
Values:     100 bytes each (50 bytes after compression)
Entries:    100000000
RawSize:    11062.6 MB (estimated)
FileSize:   6294.3 MB (estimated)
------------------------------------------------
FLAGS_num 100000000, num_ 100000000
num after by threads 12500000
loadreverse  : 4309880.000 micros/op 0 ops/sec;
Microseconds per op:
Count: 0 Average: 0.0000  StdDev: 0.00
Min: 0  Median: 0.0000  Max: 0
Percentiles: P50: 0.00 P75: 0.00 P99: 0.00 P99.9: 0.00 P99.99: 0.00
------------------------------------------------------

FLAGS_num 100000000, num_ 12500000
num after by threads 12500000
2022/06/30-14:22:03  ... thread 4: (1000000,1000000) ops and (11256.7,11256.7) ops/second in (88.836337,88.836337) seconds
2022/06/30-14:22:03  ... thread 7: (1000000,1000000) ops and (11214.1,11214.1) ops/second in (89.173147,89.173147) seconds
2022/06/30-14:22:03  ... thread 1: (1000000,1000000) ops and (11311.7,11311.7) ops/second in (88.403984,88.403984) seconds
2022/06/30-14:22:03  ... thread 3: (1000000,1000000) ops and (11307.0,11307.0) ops/second in (88.440539,88.440539) seconds
2022/06/30-14:22:03  ... thread 0: (1000000,1000000) ops and (11308.5,11308.5) ops/second in (88.428948,88.428948) seconds
2022/06/30-14:22:03  ... thread 6: (1000000,1000000) ops and (11200.8,11200.8) ops/second in (89.279309,89.279309) seconds
2022/06/30-14:22:04  ... thread 2: (1000000,1000000) ops and (11143.0,11143.0) ops/second in (89.742665,89.742665) seconds
2022/06/30-14:22:05  ... thread 5: (1000000,1000000) ops and (11127.4,11127.4) ops/second in (89.867859,89.867859) seconds
2022/06/30-14:22:56  ... thread 1: (1000000,2000000) ops and (19118.3,14213.6) ops/second in (52.306023,140.710007) seconds
2022/06/30-14:22:56  ... thread 4: (1000000,2000000) ops and (18959.9,14126.4) ops/second in (52.742921,141.579258) seconds
2022/06/30-14:22:56  ... thread 7: (1000000,2000000) ops and (18884.9,14072.1) ops/second in (52.952448,142.125595) seconds
2022/06/30-14:22:56  ... thread 0: (1000000,2000000) ops and (18814.5,14126.3) ops/second in (53.150606,141.579554) seconds
2022/06/30-14:22:57  ... thread 6: (1000000,2000000) ops and (18790.5,14035.3) ops/second in (53.218297,142.497606) seconds
2022/06/30-14:22:57  ... thread 3: (1000000,2000000) ops and (18743.2,14105.1) ops/second in (53.352567,141.793106) seconds
2022/06/30-14:22:57  ... thread 2: (1000000,2000000) ops and (18854.5,14007.5) ops/second in (53.037604,142.780269) seconds
2022/06/30-14:22:58  ... thread 5: (1000000,2000000) ops and (18798.6,13979.8) ops/second in (53.195389,143.063248) seconds
2022/06/30-14:23:59  ... thread 1: (1000000,3000000) ops and (15758.2,14693.7) ops/second in (63.458931,204.168938) seconds
2022/06/30-14:23:59  ... thread 4: (1000000,3000000) ops and (15764.4,14633.2) ops/second in (63.434193,205.013451) seconds
2022/06/30-14:24:00  ... thread 7: (1000000,3000000) ops and (15773.0,14596.8) ops/second in (63.399281,205.524876) seconds
2022/06/30-14:24:00  ... thread 0: (1000000,3000000) ops and (15831.2,14652.3) ops/second in (63.166357,204.745911) seconds
2022/06/30-14:24:00  ... thread 3: (1000000,3000000) ops and (15807.9,14630.4) ops/second in (63.259390,205.052496) seconds
2022/06/30-14:24:00  ... thread 2: (1000000,3000000) ops and (15786.3,14554.2) ops/second in (63.346122,206.126391) seconds
2022/06/30-14:24:00  ... thread 6: (1000000,3000000) ops and (15707.9,14551.8) ops/second in (63.662366,206.159972) seconds
2022/06/30-14:24:01  ... thread 5: (1000000,3000000) ops and (15688.9,14506.6) ops/second in (63.739196,206.802444) seconds
2022/06/30-14:25:02  ... thread 4: (1000000,4000000) ops and (15913.9,14933.7) ops/second in (62.838006,267.851457) seconds
2022/06/30-14:25:03  ... thread 7: (1000000,4000000) ops and (15873.7,14896.4) ops/second in (62.997197,268.522073) seconds
2022/06/30-14:25:03  ... thread 1: (1000000,4000000) ops and (15702.9,14933.6) ops/second in (63.682551,267.851489) seconds
2022/06/30-14:25:03  ... thread 0: (1000000,4000000) ops and (15832.6,14930.6) ops/second in (63.160679,267.906590) seconds
2022/06/30-14:25:03  ... thread 3: (1000000,4000000) ops and (15842.9,14915.8) ops/second in (63.119649,268.172145) seconds
2022/06/30-14:25:03  ... thread 2: (1000000,4000000) ops and (15816.6,14850.5) ops/second in (63.224895,269.351286) seconds
2022/06/30-14:25:04  ... thread 6: (1000000,4000000) ops and (15774.9,14839.4) ops/second in (63.391932,269.551904) seconds
2022/06/30-14:25:05  ... thread 5: (1000000,4000000) ops and (15751.9,14799.1) ops/second in (63.484606,270.287050) seconds
2022/06/30-14:26:05  ... thread 4: (1000000,5000000) ops and (16002.0,15135.8) ops/second in (62.492095,330.343552) seconds
2022/06/30-14:26:05  ... thread 7: (1000000,5000000) ops and (16092.0,15121.1) ops/second in (62.142611,330.664684) seconds
2022/06/30-14:26:05  ... thread 1: (1000000,5000000) ops and (16060.3,15146.2) ops/second in (62.265353,330.116842) seconds
2022/06/30-14:26:05  ... thread 0: (1000000,5000000) ops and (16061.6,15143.9) ops/second in (62.260393,330.166983) seconds
2022/06/30-14:26:05  ... thread 3: (1000000,5000000) ops and (16052.7,15130.1) ops/second in (62.294875,330.467020) seconds
2022/06/30-14:26:06  ... thread 6: (1000000,5000000) ops and (16103.8,15076.2) ops/second in (62.096964,331.648868) seconds
2022/06/30-14:26:06  ... thread 2: (1000000,5000000) ops and (16050.1,15075.9) ops/second in (62.304876,331.656162) seconds
2022/06/30-14:26:07  ... thread 5: (1000000,5000000) ops and (16106.0,15043.2) ops/second in (62.088594,332.375644) seconds
2022/06/30-14:27:07  ... thread 4: (1000000,6000000) ops and (16078.5,15285.1) ops/second in (62.194930,392.538482) seconds
2022/06/30-14:27:07  ... thread 7: (1000000,6000000) ops and (16056.7,15269.4) ops/second in (62.279284,392.943968) seconds
2022/06/30-14:27:07  ... thread 1: (1000000,6000000) ops and (16081.5,15294.4) ops/second in (62.183264,392.300106) seconds
2022/06/30-14:27:07  ... thread 3: (1000000,6000000) ops and (16115.2,15285.8) ops/second in (62.053394,392.520414) seconds
2022/06/30-14:27:07  ... thread 0: (1000000,6000000) ops and (16035.9,15285.6) ops/second in (62.360265,392.527248) seconds
2022/06/30-14:27:08  ... thread 6: (1000000,6000000) ops and (16168.0,15247.8) ops/second in (61.850715,393.499583) seconds
2022/06/30-14:27:08  ... thread 2: (1000000,6000000) ops and (16147.8,15244.5) ops/second in (61.927810,393.583972) seconds
2022/06/30-14:27:09  ... thread 5: (1000000,6000000) ops and (16249.7,15231.7) ops/second in (61.539409,393.915053) seconds
2022/06/30-14:28:09  ... thread 4: (1000000,7000000) ops and (15963.3,15378.5) ops/second in (62.643644,455.182126) seconds
2022/06/30-14:28:10  ... thread 7: (1000000,7000000) ops and (15880.5,15353.8) ops/second in (62.970287,455.914255) seconds
2022/06/30-14:28:10  ... thread 1: (1000000,7000000) ops and (15782.6,15362.3) ops/second in (63.360809,455.660915) seconds
2022/06/30-14:28:11  ... thread 3: (1000000,7000000) ops and (15823.9,15360.4) ops/second in (63.195582,455.715996) seconds
2022/06/30-14:28:11  ... thread 0: (1000000,7000000) ops and (15817.8,15359.4) ops/second in (63.219876,455.747124) seconds
2022/06/30-14:28:11  ... thread 6: (1000000,7000000) ops and (15814.4,15326.2) ops/second in (63.233417,456.733000) seconds
2022/06/30-14:28:11  ... thread 2: (1000000,7000000) ops and (15815.3,15323.5) ops/second in (63.229750,456.813722) seconds
2022/06/30-14:28:12  ... thread 5: (1000000,7000000) ops and (15801.2,15310.5) ops/second in (63.286504,457.201557) seconds
2022/06/30-14:29:12  ... thread 4: (1000000,8000000) ops and (15964.2,15449.3) ops/second in (62.640153,517.822279) seconds
2022/06/30-14:29:13  ... thread 7: (1000000,8000000) ops and (15929.6,15423.5) ops/second in (62.776265,518.690520) seconds
2022/06/30-14:29:13  ... thread 0: (1000000,8000000) ops and (16066.2,15444.3) ops/second in (62.242352,517.989476) seconds
2022/06/30-14:29:13  ... thread 1: (1000000,8000000) ops and (16034.6,15443.2) ops/second in (62.365031,518.025946) seconds
2022/06/30-14:29:13  ... thread 3: (1000000,8000000) ops and (16034.2,15441.5) ops/second in (62.366752,518.082748) seconds
2022/06/30-14:29:13  ... thread 6: (1000000,8000000) ops and (16102.1,15419.1) ops/second in (62.103677,518.836677) seconds
2022/06/30-14:29:13  ... thread 2: (1000000,8000000) ops and (16103.8,15416.9) ops/second in (62.097226,518.910948) seconds
2022/06/30-14:29:13  ... thread 5: (1000000,8000000) ops and (16313.6,15429.1) ops/second in (61.298552,518.500109) seconds
ycsba        :       8.111 micros/op 123286 ops/sec;   13.6 MB/s (4000000 of 8000000 found)
Microseconds per op:
Count: 64000000 Average: 64.7947  StdDev: 6.29
Min: 1  Median: 50.8832  Max: 118757
Percentiles: P50: 50.88 P75: 79.59 P99: 167.35 P99.9: 1189.52 P99.99: 2022.54
------------------------------------------------------
[       0,       1 ]       47   0.000%   0.000% 
(       1,       2 ]      613   0.001%   0.001% 
(       2,       3 ]     4028   0.006%   0.007% 
(       3,       4 ]    18493   0.029%   0.036% 
(       4,       6 ]    72171   0.113%   0.149% 
(       6,      10 ]   183961   0.287%   0.436% 
(      10,      15 ]   375722   0.587%   1.023% 
(      15,      22 ]  2145512   3.352%   4.376% #
(      22,      34 ] 13945872  21.790%  26.166% ####
(      34,      51 ] 15359150  23.999%  50.165% #####
(      51,      76 ] 14578597  22.779%  72.944% #####
(      76,     110 ] 12450783  19.454%  92.398% ####
(     110,     170 ]  4420446   6.907%  99.305% #
(     170,     250 ]   126491   0.198%  99.503% 
(     250,     380 ]    26963   0.042%  99.545% 
(     380,     580 ]    30675   0.048%  99.593% 
(     580,     870 ]    40934   0.064%  99.657% 
(     870,    1300 ]   209322   0.327%  99.984% 
(    1300,    1900 ]     3565   0.006%  99.990% 
(    1900,    2900 ]     2081   0.003%  99.993% 
(    2900,    4400 ]     1676   0.003%  99.995% 
(    4400,    6600 ]      819   0.001%  99.997% 
(    6600,    9900 ]       86   0.000%  99.997% 
(    9900,   14000 ]      101   0.000%  99.997% 
(   14000,   22000 ]      249   0.000%  99.997% 
(   22000,   33000 ]      283   0.000%  99.998% 
(   33000,   50000 ]      465   0.001%  99.999% 
(   50000,   75000 ]      456   0.001%  99.999% 
(   75000,  110000 ]      423   0.001% 100.000% 
(  110000,  170000 ]       16   0.000% 100.000% 

FLAGS_num 100000000, num_ 12500000
num after by threads 12500000
2022/06/30-14:29:36  ... thread 7: (1000000,1000000) ops and (51207.1,51207.1) ops/second in (19.528523,19.528523) seconds
2022/06/30-14:29:36  ... thread 2: (1000000,1000000) ops and (51525.7,51525.7) ops/second in (19.407804,19.407804) seconds
2022/06/30-14:29:36  ... thread 5: (1000000,1000000) ops and (50654.7,50654.7) ops/second in (19.741518,19.741518) seconds
2022/06/30-14:29:36  ... thread 0: (1000000,1000000) ops and (50161.8,50161.8) ops/second in (19.935480,19.935480) seconds
2022/06/30-14:29:37  ... thread 4: (1000000,1000000) ops and (50473.4,50473.4) ops/second in (19.812434,19.812434) seconds
2022/06/30-14:29:37  ... thread 1: (1000000,1000000) ops and (50015.1,50015.1) ops/second in (19.993972,19.993972) seconds
2022/06/30-14:29:37  ... thread 6: (1000000,1000000) ops and (49781.1,49781.1) ops/second in (20.087959,20.087959) seconds
2022/06/30-14:29:37  ... thread 3: (1000000,1000000) ops and (49648.9,49648.9) ops/second in (20.141425,20.141425) seconds
2022/06/30-14:29:55  ... thread 7: (1000000,2000000) ops and (52114.6,51656.9) ops/second in (19.188497,38.717020) seconds
2022/06/30-14:29:55  ... thread 2: (1000000,2000000) ops and (52660.0,52086.6) ops/second in (18.989752,38.397556) seconds
2022/06/30-14:29:55  ... thread 5: (1000000,2000000) ops and (52778.8,51694.9) ops/second in (18.946996,38.688514) seconds
2022/06/30-14:29:55  ... thread 0: (1000000,2000000) ops and (52744.0,51420.5) ops/second in (18.959518,38.894998) seconds
2022/06/30-14:29:56  ... thread 6: (1000000,2000000) ops and (52582.1,51143.2) ops/second in (19.017892,39.105851) seconds
2022/06/30-14:29:56  ... thread 1: (1000000,2000000) ops and (51691.0,50839.2) ops/second in (19.345729,39.339701) seconds
2022/06/30-14:29:57  ... thread 4: (1000000,2000000) ops and (50098.6,50285.3) ops/second in (19.960635,39.773069) seconds
2022/06/30-14:29:57  ... thread 3: (1000000,2000000) ops and (50342.9,49993.5) ops/second in (19.863792,40.005217) seconds
2022/06/30-14:30:13  ... thread 5: (1000000,3000000) ops and (54855.4,52707.2) ops/second in (18.229758,56.918272) seconds
2022/06/30-14:30:13  ... thread 2: (1000000,3000000) ops and (53797.8,52644.8) ops/second in (18.588133,56.985689) seconds
2022/06/30-14:30:14  ... thread 0: (1000000,3000000) ops and (55094.6,52589.5) ops/second in (18.150605,57.045603) seconds
2022/06/30-14:30:14  ... thread 7: (1000000,3000000) ops and (52830.9,52042.4) ops/second in (18.928313,57.645333) seconds
2022/06/30-14:30:15  ... thread 6: (1000000,3000000) ops and (53141.6,51792.5) ops/second in (18.817636,57.923487) seconds
2022/06/30-14:30:15  ... thread 1: (1000000,3000000) ops and (52565.0,51401.7) ops/second in (19.024083,58.363784) seconds
2022/06/30-14:30:16  ... thread 4: (1000000,3000000) ops and (52294.5,50937.7) ops/second in (19.122460,58.895529) seconds
2022/06/30-14:30:16  ... thread 3: (1000000,3000000) ops and (51580.3,50511.5) ops/second in (19.387248,59.392465) seconds
2022/06/30-14:30:32  ... thread 5: (1000000,4000000) ops and (53335.2,52862.8) ops/second in (18.749334,75.667606) seconds
2022/06/30-14:30:32  ... thread 2: (1000000,4000000) ops and (53014.9,52736.8) ops/second in (18.862639,75.848328) seconds
2022/06/30-14:30:32  ... thread 0: (1000000,4000000) ops and (53217.6,52745.1) ops/second in (18.790782,75.836385) seconds
2022/06/30-14:30:32  ... thread 7: (1000000,4000000) ops and (53421.8,52380.5) ops/second in (18.718964,76.364297) seconds
2022/06/30-14:30:34  ... thread 6: (1000000,4000000) ops and (51771.7,51787.3) ops/second in (19.315586,77.239073) seconds
2022/06/30-14:30:34  ... thread 1: (1000000,4000000) ops and (52063.9,51565.7) ops/second in (19.207183,77.570967) seconds
2022/06/30-14:30:36  ... thread 4: (1000000,4000000) ops and (50240.6,50761.6) ops/second in (19.904222,78.799751) seconds
2022/06/30-14:30:36  ... thread 3: (1000000,4000000) ops and (49963.8,50373.4) ops/second in (20.014472,79.406937) seconds
2022/06/30-14:30:50  ... thread 5: (1000000,5000000) ops and (54941.7,53265.9) ops/second in (18.201123,93.868729) seconds
2022/06/30-14:30:51  ... thread 2: (1000000,5000000) ops and (54582.8,53096.0) ops/second in (18.320797,94.169125) seconds
2022/06/30-14:30:51  ... thread 7: (1000000,5000000) ops and (54752.8,52838.4) ops/second in (18.263898,94.628195) seconds
2022/06/30-14:30:51  ... thread 0: (1000000,5000000) ops and (54261.6,53041.6) ops/second in (18.429227,94.265612) seconds
2022/06/30-14:30:52  ... thread 6: (1000000,5000000) ops and (54563.9,52319.7) ops/second in (18.327146,95.566219) seconds
2022/06/30-14:30:53  ... thread 1: (1000000,5000000) ops and (53551.7,51951.0) ops/second in (18.673546,96.244513) seconds
2022/06/30-14:30:54  ... thread 4: (1000000,5000000) ops and (54972.8,51551.4) ops/second in (18.190800,96.990551) seconds
2022/06/30-14:30:55  ... thread 3: (1000000,5000000) ops and (53407.0,50952.3) ops/second in (18.724127,98.131064) seconds
2022/06/30-14:31:08  ... thread 5: (1000000,6000000) ops and (57619.7,53945.2) ops/second in (17.355174,111.223903) seconds
2022/06/30-14:31:08  ... thread 7: (1000000,6000000) ops and (57407.3,53548.7) ops/second in (17.419385,112.047580) seconds
2022/06/30-14:31:09  ... thread 0: (1000000,6000000) ops and (55520.9,53439.3) ops/second in (18.011241,112.276853) seconds
2022/06/30-14:31:09  ... thread 2: (1000000,6000000) ops and (54366.7,53303.6) ops/second in (18.393629,112.562754) seconds
2022/06/30-14:31:10  ... thread 6: (1000000,6000000) ops and (55718.1,52857.1) ops/second in (17.947480,113.513699) seconds
2022/06/30-14:31:11  ... thread 1: (1000000,6000000) ops and (54942.5,52426.8) ops/second in (18.200842,114.445355) seconds
2022/06/30-14:31:14  ... thread 4: (1000000,6000000) ops and (50920.5,51445.2) ops/second in (19.638468,116.629019) seconds
2022/06/30-14:31:14  ... thread 3: (1000000,6000000) ops and (51686.2,51073.1) ops/second in (19.347534,117.478598) seconds
2022/06/30-14:31:26  ... thread 5: (1000000,7000000) ops and (54549.8,54030.8) ops/second in (18.331861,129.555764) seconds
2022/06/30-14:31:27  ... thread 7: (1000000,7000000) ops and (53637.8,53561.4) ops/second in (18.643556,130.691136) seconds
2022/06/30-14:31:27  ... thread 0: (1000000,7000000) ops and (54561.2,53596.8) ops/second in (18.328043,130.604896) seconds
2022/06/30-14:31:27  ... thread 2: (1000000,7000000) ops and (54612.6,53486.8) ops/second in (18.310777,130.873531) seconds
2022/06/30-14:31:30  ... thread 1: (1000000,7000000) ops and (54129.9,52663.5) ops/second in (18.474073,132.919428) seconds
2022/06/30-14:31:30  ... thread 6: (1000000,7000000) ops and (51410.5,52645.4) ops/second in (19.451279,132.964978) seconds
2022/06/30-14:31:32  ... thread 4: (1000000,7000000) ops and (53430.1,51719.7) ops/second in (18.716041,135.345060) seconds
2022/06/30-14:31:33  ... thread 3: (1000000,7000000) ops and (53838.2,51450.6) ops/second in (18.574180,136.052778) seconds
2022/06/30-14:31:43  ... thread 5: (1000000,8000000) ops and (59113.9,54617.9) ops/second in (16.916496,146.472260) seconds
2022/06/30-14:31:44  ... thread 7: (1000000,8000000) ops and (58925.7,54177.9) ops/second in (16.970525,147.661661) seconds
2022/06/30-14:31:44  ... thread 0: (1000000,8000000) ops and (59760.5,54296.8) ops/second in (16.733456,147.338352) seconds
2022/06/30-14:31:45  ... thread 2: (1000000,8000000) ops and (56688.1,53867.0) ops/second in (17.640373,148.513904) seconds
2022/06/30-14:31:46  ... thread 1: (1000000,8000000) ops and (60214.0,53502.1) ops/second in (16.607430,149.526858) seconds
2022/06/30-14:31:48  ... thread 6: (1000000,8000000) ops and (54875.1,52914.2) ops/second in (18.223208,151.188186) seconds
2022/06/30-14:31:49  ... thread 4: (1000000,8000000) ops and (59742.8,52602.7) ops/second in (16.738412,152.083472) seconds
2022/06/30-14:31:49  ... thread 3: (1000000,8000000) ops and (61508.1,52524.2) ops/second in (16.258012,152.310790) seconds
ycsbb        :       2.392 micros/op 418005 ops/sec;   46.2 MB/s (7600000 of 8000000 found)
Microseconds per op:
Count: 64000000 Average: 18.6734  StdDev: 45.84
Min: 0  Median: 17.1386  Max: 137928
Percentiles: P50: 17.14 P75: 21.10 P99: 41.98 P99.9: 50.93 P99.99: 87.64
------------------------------------------------------
[       0,       1 ]     1224   0.002%   0.002% 
(       1,       2 ]    14769   0.023%   0.025% 
(       2,       3 ]    34165   0.053%   0.078% 
(       3,       4 ]    51579   0.081%   0.159% 
(       4,       6 ]   376569   0.588%   0.747% 
(       6,      10 ]  2245172   3.508%   4.255% #
(      10,      15 ] 20630308  32.235%  36.490% ######
(      15,      22 ] 28301115  44.220%  80.711% #########
(      22,      34 ] 11190689  17.485%  98.196% ###
(      34,      51 ]  1095224   1.711%  99.908% 
(      51,      76 ]    51293   0.080%  99.988% 
(      76,     110 ]     4361   0.007%  99.994% 
(     110,     170 ]     1658   0.003%  99.997% 
(     170,     250 ]      583   0.001%  99.998% 
(     250,     380 ]      122   0.000%  99.998% 
(     380,     580 ]      231   0.000%  99.999% 
(     580,     870 ]       62   0.000%  99.999% 
(     870,    1300 ]       69   0.000%  99.999% 
(    1300,    1900 ]      120   0.000%  99.999% 
(    1900,    2900 ]      183   0.000%  99.999% 
(    2900,    4400 ]       40   0.000%  99.999% 
(    4400,    6600 ]       49   0.000%  99.999% 
(    6600,    9900 ]        8   0.000%  99.999% 
(   14000,   22000 ]       24   0.000%  99.999% 
(   22000,   33000 ]       40   0.000%  99.999% 
(   33000,   50000 ]       53   0.000% 100.000% 
(   50000,   75000 ]       79   0.000% 100.000% 
(   75000,  110000 ]      186   0.000% 100.000% 
(  110000,  170000 ]       25   0.000% 100.000% 

FLAGS_num 100000000, num_ 12500000
num after by threads 12500000
2022/06/30-14:32:10  ... thread 4: (1000000,1000000) ops and (57823.7,57823.7) ops/second in (17.293932,17.293932) seconds
2022/06/30-14:32:10  ... thread 3: (1000000,1000000) ops and (57692.7,57692.7) ops/second in (17.333206,17.333206) seconds
2022/06/30-14:32:10  ... thread 0: (1000000,1000000) ops and (57693.2,57693.2) ops/second in (17.333075,17.333075) seconds
2022/06/30-14:32:10  ... thread 5: (1000000,1000000) ops and (57719.6,57719.6) ops/second in (17.325146,17.325146) seconds
2022/06/30-14:32:10  ... thread 1: (1000000,1000000) ops and (57484.1,57484.1) ops/second in (17.396113,17.396113) seconds
2022/06/30-14:32:12  ... thread 6: (1000000,1000000) ops and (54456.0,54456.0) ops/second in (18.363454,18.363454) seconds
2022/06/30-14:32:12  ... thread 2: (1000000,1000000) ops and (52752.3,52752.3) ops/second in (18.956514,18.956514) seconds
2022/06/30-14:32:12  ... thread 7: (1000000,1000000) ops and (52143.2,52143.2) ops/second in (19.177947,19.177947) seconds
2022/06/30-14:32:27  ... thread 4: (1000000,2000000) ops and (60581.2,59170.4) ops/second in (16.506777,33.800709) seconds
2022/06/30-14:32:27  ... thread 0: (1000000,2000000) ops and (60348.6,58991.0) ops/second in (16.570383,33.903458) seconds
2022/06/30-14:32:27  ... thread 1: (1000000,2000000) ops and (60281.8,58849.7) ops/second in (16.588749,33.984862) seconds
2022/06/30-14:32:27  ... thread 5: (1000000,2000000) ops and (60136.1,58903.1) ops/second in (16.628948,33.954094) seconds
2022/06/30-14:32:27  ... thread 3: (1000000,2000000) ops and (59653.0,58656.5) ops/second in (16.763620,34.096826) seconds
2022/06/30-14:32:30  ... thread 6: (1000000,2000000) ops and (54910.6,54682.3) ops/second in (18.211432,36.574886) seconds
2022/06/30-14:32:30  ... thread 2: (1000000,2000000) ops and (56486.9,54555.8) ops/second in (17.703211,36.659725) seconds
2022/06/30-14:32:31  ... thread 7: (1000000,2000000) ops and (54583.9,53335.6) ops/second in (18.320425,37.498372) seconds
2022/06/30-14:32:43  ... thread 4: (1000000,3000000) ops and (61624.7,59966.5) ops/second in (16.227248,50.027957) seconds
2022/06/30-14:32:43  ... thread 0: (1000000,3000000) ops and (61916.6,59935.0) ops/second in (16.150757,50.054215) seconds
2022/06/30-14:32:43  ... thread 1: (1000000,3000000) ops and (61909.3,59835.4) ops/second in (16.152671,50.137533) seconds
2022/06/30-14:32:43  ... thread 5: (1000000,3000000) ops and (61319.8,59687.2) ops/second in (16.307934,50.262028) seconds
2022/06/30-14:32:44  ... thread 3: (1000000,3000000) ops and (59801.4,59033.2) ops/second in (16.722007,50.818833) seconds
2022/06/30-14:32:46  ... thread 6: (1000000,3000000) ops and (61001.9,56638.2) ops/second in (16.392943,52.967829) seconds
2022/06/30-14:32:47  ... thread 2: (1000000,3000000) ops and (58455.6,55796.6) ops/second in (17.107010,53.766735) seconds
2022/06/30-14:32:48  ... thread 7: (1000000,3000000) ops and (58084.4,54829.9) ops/second in (17.216316,54.714688) seconds
2022/06/30-14:32:58  ... thread 0: (1000000,4000000) ops and (64715.3,61062.6) ops/second in (15.452294,65.506509) seconds
2022/06/30-14:32:59  ... thread 4: (1000000,4000000) ops and (63895.9,60902.8) ops/second in (15.650459,65.678416) seconds
2022/06/30-14:32:59  ... thread 1: (1000000,4000000) ops and (64251.3,60881.5) ops/second in (15.563897,65.701430) seconds
2022/06/30-14:32:59  ... thread 5: (1000000,4000000) ops and (62083.2,60268.7) ops/second in (16.107430,66.369458) seconds
2022/06/30-14:33:00  ... thread 3: (1000000,4000000) ops and (62215.6,59797.9) ops/second in (16.073146,66.891979) seconds
2022/06/30-14:33:02  ... thread 6: (1000000,4000000) ops and (61690.0,57821.9) ops/second in (16.210071,69.177900) seconds
2022/06/30-14:33:04  ... thread 2: (1000000,4000000) ops and (60255.4,56848.3) ops/second in (16.596023,70.362758) seconds
2022/06/30-14:33:05  ... thread 7: (1000000,4000000) ops and (59457.4,55917.9) ops/second in (16.818778,71.533466) seconds
2022/06/30-14:33:13  ... thread 0: (1000000,5000000) ops and (66987.9,62162.3) ops/second in (14.928070,80.434579) seconds
2022/06/30-14:33:13  ... thread 4: (1000000,5000000) ops and (67119.3,62052.2) ops/second in (14.898849,80.577265) seconds
2022/06/30-14:33:14  ... thread 1: (1000000,5000000) ops and (66575.6,61941.0) ops/second in (15.020520,80.721950) seconds
2022/06/30-14:33:15  ... thread 5: (1000000,5000000) ops and (65982.6,61330.9) ops/second in (15.155512,81.524970) seconds
2022/06/30-14:33:15  ... thread 3: (1000000,5000000) ops and (65099.7,60788.0) ops/second in (15.361053,82.253032) seconds
2022/06/30-14:33:17  ... thread 6: (1000000,5000000) ops and (66939.6,59441.2) ops/second in (14.938841,84.116741) seconds
2022/06/30-14:33:19  ... thread 2: (1000000,5000000) ops and (66195.9,58500.4) ops/second in (15.106684,85.469442) seconds
2022/06/30-14:33:20  ... thread 7: (1000000,5000000) ops and (66971.4,57826.7) ops/second in (14.931744,86.465210) seconds
2022/06/30-14:33:28  ... thread 4: (1000000,6000000) ops and (67888.2,62954.2) ops/second in (14.730102,95.307367) seconds
2022/06/30-14:33:28  ... thread 1: (1000000,6000000) ops and (68598.1,62959.3) ops/second in (14.577668,95.299618) seconds
2022/06/30-14:33:29  ... thread 0: (1000000,6000000) ops and (65369.8,62674.9) ops/second in (15.297591,95.732170) seconds
2022/06/30-14:33:29  ... thread 5: (1000000,6000000) ops and (68640.3,62439.1) ops/second in (14.568706,96.093676) seconds
2022/06/30-14:33:30  ... thread 3: (1000000,6000000) ops and (67703.7,61840.8) ops/second in (14.770242,97.023274) seconds
2022/06/30-14:33:32  ... thread 6: (1000000,6000000) ops and (67131.7,60598.2) ops/second in (14.896090,99.012831) seconds
2022/06/30-14:33:34  ... thread 2: (1000000,6000000) ops and (65776.2,59599.2) ops/second in (15.203057,100.672499) seconds
2022/06/30-14:33:34  ... thread 7: (1000000,6000000) ops and (68225.4,59334.0) ops/second in (14.657295,101.122505) seconds
2022/06/30-14:33:43  ... thread 1: (1000000,7000000) ops and (69746.6,63846.9) ops/second in (14.337621,109.637239) seconds
2022/06/30-14:33:43  ... thread 4: (1000000,7000000) ops and (69102.1,63764.6) ops/second in (14.471340,109.778707) seconds
2022/06/30-14:33:44  ... thread 0: (1000000,7000000) ops and (66074.6,63139.0) ops/second in (15.134407,110.866577) seconds
2022/06/30-14:33:44  ... thread 5: (1000000,7000000) ops and (66232.1,62954.1) ops/second in (15.098424,111.192100) seconds
2022/06/30-14:33:45  ... thread 3: (1000000,7000000) ops and (67765.6,62623.0) ops/second in (14.756756,111.780030) seconds
2022/06/30-14:33:48  ... thread 6: (1000000,7000000) ops and (63503.6,60996.9) ops/second in (15.747134,114.759965) seconds
2022/06/30-14:33:49  ... thread 2: (1000000,7000000) ops and (64265.3,60223.9) ops/second in (15.560506,116.233005) seconds
2022/06/30-14:33:50  ... thread 7: (1000000,7000000) ops and (64200.1,59983.5) ops/second in (15.576311,116.698816) seconds
2022/06/30-14:33:58  ... thread 1: (1000000,8000000) ops and (66424.3,64158.1) ops/second in (15.054727,124.691966) seconds
2022/06/30-14:33:58  ... thread 4: (1000000,8000000) ops and (65611.8,63989.8) ops/second in (15.241158,125.019865) seconds
2022/06/30-14:33:59  ... thread 0: (1000000,8000000) ops and (65484.1,63422.9) ops/second in (15.270886,126.137463) seconds
2022/06/30-14:33:59  ... thread 5: (1000000,8000000) ops and (65988.7,63318.1) ops/second in (15.154103,126.346203) seconds
2022/06/30-14:34:00  ... thread 3: (1000000,8000000) ops and (66654.0,63100.0) ops/second in (15.002851,126.782881) seconds
2022/06/30-14:34:02  ... thread 6: (1000000,8000000) ops and (69622.3,61956.3) ops/second in (14.363213,129.123178) seconds
2022/06/30-14:34:03  ... thread 2: (1000000,8000000) ops and (71745.2,61457.5) ops/second in (13.938218,130.171223) seconds
2022/06/30-14:34:04  ... thread 7: (1000000,8000000) ops and (72743.3,61328.2) ops/second in (13.746969,130.445785) seconds
ycsbc        :       2.043 micros/op 489541 ops/sec;   54.2 MB/s (8000000 of 8000000 found)
Microseconds per op:
Count: 64000000 Average: 15.9175  StdDev: 18.34
Min: 1  Median: 13.9768  Max: 116356
Percentiles: P50: 13.98 P75: 18.43 P99: 33.60 P99.9: 49.26 P99.99: 72.51
------------------------------------------------------
[       0,       1 ]     1864   0.003%   0.003% 
(       1,       2 ]    27299   0.043%   0.046% 
(       2,       3 ]    68292   0.107%   0.152% 
(       3,       4 ]    72107   0.113%   0.265% 
(       4,       6 ]    85340   0.133%   0.398% 
(       6,      10 ]  5006549   7.823%   8.221% ##
(      10,      15 ] 33618162  52.528%  60.749% ###########
(      15,      22 ] 18611787  29.081%  89.830% ######
(      22,      34 ]  6071783   9.487%  99.317% ##
(      34,      51 ]   415198   0.649%  99.966% 
(      51,      76 ]    17689   0.028%  99.994% 
(      76,     110 ]     2145   0.003%  99.997% 
(     110,     170 ]      790   0.001%  99.998% 
(     170,     250 ]      341   0.001%  99.999% 
(     250,     380 ]       93   0.000%  99.999% 
(     380,     580 ]      137   0.000%  99.999% 
(     580,     870 ]       17   0.000%  99.999% 
(     870,    1300 ]       33   0.000%  99.999% 
(    1300,    1900 ]       41   0.000%  99.999% 
(    1900,    2900 ]       40   0.000% 100.000% 
(    2900,    4400 ]       13   0.000% 100.000% 
(   14000,   22000 ]       16   0.000% 100.000% 
(   22000,   33000 ]       24   0.000% 100.000% 
(   33000,   50000 ]       40   0.000% 100.000% 
(   50000,   75000 ]      144   0.000% 100.000% 
(   75000,  110000 ]       32   0.000% 100.000% 
(  110000,  170000 ]       24   0.000% 100.000% 

FLAGS_num 100000000, num_ 12500000
num after by threads 12500000
2022/06/30-14:34:43  ... thread 4: (1000000,1000000) ops and (28051.3,28051.3) ops/second in (35.648937,35.648937) seconds
2022/06/30-14:34:43  ... thread 2: (1000000,1000000) ops and (27997.0,27997.0) ops/second in (35.718147,35.718147) seconds
2022/06/30-14:34:43  ... thread 6: (1000000,1000000) ops and (27978.8,27978.8) ops/second in (35.741392,35.741392) seconds
2022/06/30-14:34:43  ... thread 1: (1000000,1000000) ops and (27935.8,27935.8) ops/second in (35.796305,35.796305) seconds
2022/06/30-14:34:44  ... thread 5: (1000000,1000000) ops and (27639.6,27639.6) ops/second in (36.179911,36.179911) seconds
2022/06/30-14:34:44  ... thread 0: (1000000,1000000) ops and (27298.8,27298.8) ops/second in (36.631664,36.631664) seconds
2022/06/30-14:34:44  ... thread 3: (1000000,1000000) ops and (27102.8,27102.8) ops/second in (36.896518,36.896518) seconds
2022/06/30-14:34:45  ... thread 7: (1000000,1000000) ops and (26529.7,26529.7) ops/second in (37.693606,37.693606) seconds
2022/06/30-14:35:19  ... thread 2: (1000000,2000000) ops and (27428.3,27709.7) ops/second in (36.458638,72.176785) seconds
2022/06/30-14:35:19  ... thread 4: (1000000,2000000) ops and (27352.9,27697.7) ops/second in (36.559229,72.208166) seconds
2022/06/30-14:35:20  ... thread 1: (1000000,2000000) ops and (27047.5,27484.5) ops/second in (36.971928,72.768233) seconds
2022/06/30-14:35:20  ... thread 6: (1000000,2000000) ops and (26998.7,27480.0) ops/second in (37.038789,72.780181) seconds
2022/06/30-14:35:20  ... thread 5: (1000000,2000000) ops and (27252.6,27444.7) ops/second in (36.693795,72.873706) seconds
2022/06/30-14:35:21  ... thread 0: (1000000,2000000) ops and (26923.1,27109.6) ops/second in (37.142848,73.774512) seconds
2022/06/30-14:35:22  ... thread 3: (1000000,2000000) ops and (26412.9,26753.4) ops/second in (37.860258,74.756776) seconds
2022/06/30-14:35:22  ... thread 7: (1000000,2000000) ops and (26958.1,26742.2) ops/second in (37.094640,74.788246) seconds
2022/06/30-14:35:55  ... thread 4: (1000000,3000000) ops and (28221.0,27870.0) ops/second in (35.434582,107.642748) seconds
2022/06/30-14:35:55  ... thread 2: (1000000,3000000) ops and (28003.6,27807.0) ops/second in (35.709647,107.886432) seconds
2022/06/30-14:35:55  ... thread 6: (1000000,3000000) ops and (28040.0,27664.2) ops/second in (35.663277,108.443458) seconds
2022/06/30-14:35:56  ... thread 1: (1000000,3000000) ops and (27456.7,27475.2) ops/second in (36.420980,109.189213) seconds
2022/06/30-14:35:57  ... thread 5: (1000000,3000000) ops and (27557.7,27482.3) ops/second in (36.287540,109.161246) seconds
2022/06/30-14:35:58  ... thread 0: (1000000,3000000) ops and (27034.3,27084.5) ops/second in (36.990026,110.764538) seconds
2022/06/30-14:35:59  ... thread 7: (1000000,3000000) ops and (27427.8,26966.9) ops/second in (36.459365,111.247611) seconds
2022/06/30-14:36:00  ... thread 3: (1000000,3000000) ops and (26343.4,26615.3) ops/second in (37.960194,112.716970) seconds
2022/06/30-14:36:33  ... thread 4: (1000000,4000000) ops and (25775.0,27314.9) ops/second in (38.797312,146.440060) seconds
2022/06/30-14:36:34  ... thread 2: (1000000,4000000) ops and (25732.7,27257.7) ops/second in (38.861008,146.747440) seconds
2022/06/30-14:36:34  ... thread 6: (1000000,4000000) ops and (25660.4,27134.5) ops/second in (38.970536,147.413994) seconds
2022/06/30-14:36:36  ... thread 5: (1000000,4000000) ops and (25494.4,26956.8) ops/second in (39.224338,148.385584) seconds
2022/06/30-14:36:36  ... thread 1: (1000000,4000000) ops and (24935.2,26792.9) ops/second in (40.103942,149.293155) seconds
2022/06/30-14:36:38  ... thread 7: (1000000,4000000) ops and (25379.2,26551.6) ops/second in (39.402340,150.649951) seconds
2022/06/30-14:36:39  ... thread 3: (1000000,4000000) ops and (25544.8,26339.4) ops/second in (39.146936,151.863906) seconds
2022/06/30-14:36:40  ... thread 0: (1000000,4000000) ops and (23935.0,26221.9) ops/second in (41.779774,152.544312) seconds
2022/06/30-14:37:10  ... thread 4: (1000000,5000000) ops and (27030.2,27257.5) ops/second in (36.995696,183.435756) seconds
2022/06/30-14:37:10  ... thread 2: (1000000,5000000) ops and (27138.1,27233.7) ops/second in (36.848606,183.596046) seconds
2022/06/30-14:37:12  ... thread 6: (1000000,5000000) ops and (26757.3,27058.2) ops/second in (37.372974,184.786968) seconds
2022/06/30-14:37:13  ... thread 5: (1000000,5000000) ops and (27222.2,27009.5) ops/second in (36.734784,185.120368) seconds
2022/06/30-14:37:13  ... thread 1: (1000000,5000000) ops and (26907.6,26815.8) ops/second in (37.164226,186.457381) seconds
2022/06/30-14:37:16  ... thread 7: (1000000,5000000) ops and (26632.3,26567.7) ops/second in (37.548336,188.198287) seconds
2022/06/30-14:37:16  ... thread 3: (1000000,5000000) ops and (27117.0,26491.3) ops/second in (36.877240,188.741146) seconds
2022/06/30-14:37:17  ... thread 0: (1000000,5000000) ops and (26682.8,26312.8) ops/second in (37.477352,190.021664) seconds
2022/06/30-14:37:48  ... thread 2: (1000000,6000000) ops and (26343.0,27081.1) ops/second in (37.960731,221.556777) seconds
2022/06/30-14:37:49  ... thread 4: (1000000,6000000) ops and (25989.9,27037.7) ops/second in (38.476557,221.912313) seconds
2022/06/30-14:37:50  ... thread 6: (1000000,6000000) ops and (26183.1,26908.3) ops/second in (38.192584,222.979552) seconds
2022/06/30-14:37:50  ... thread 5: (1000000,6000000) ops and (26628.4,26945.2) ops/second in (37.553836,222.674204) seconds
2022/06/30-14:37:52  ... thread 1: (1000000,6000000) ops and (26107.4,26695.1) ops/second in (38.303372,224.760753) seconds
2022/06/30-14:37:53  ... thread 3: (1000000,6000000) ops and (27014.0,26577.0) ops/second in (37.017867,225.759013) seconds
2022/06/30-14:37:54  ... thread 7: (1000000,6000000) ops and (26208.0,26507.1) ops/second in (38.156248,226.354535) seconds
2022/06/30-14:37:55  ... thread 0: (1000000,6000000) ops and (26763.9,26386.9) ops/second in (37.363741,227.385405) seconds
2022/06/30-14:38:26  ... thread 2: (1000000,7000000) ops and (26768.4,27036.0) ops/second in (37.357480,258.914257) seconds
2022/06/30-14:38:27  ... thread 4: (1000000,7000000) ops and (26460.6,26953.7) ops/second in (37.792063,259.704376) seconds
2022/06/30-14:38:27  ... thread 5: (1000000,7000000) ops and (27026.6,26956.8) ops/second in (37.000614,259.674818) seconds
2022/06/30-14:38:27  ... thread 6: (1000000,7000000) ops and (26647.1,26870.7) ops/second in (37.527570,260.507122) seconds
2022/06/30-14:38:28  ... thread 1: (1000000,7000000) ops and (27321.4,26782.8) ops/second in (36.601377,261.362130) seconds
2022/06/30-14:38:31  ... thread 3: (1000000,7000000) ops and (26682.4,26592.0) ops/second in (37.477826,263.236839) seconds
2022/06/30-14:38:31  ... thread 7: (1000000,7000000) ops and (26715.0,26536.6) ops/second in (37.432141,263.786676) seconds
2022/06/30-14:38:32  ... thread 0: (1000000,7000000) ops and (26566.0,26412.3) ops/second in (37.642139,265.027544) seconds
2022/06/30-14:39:04  ... thread 2: (1000000,8000000) ops and (25895.8,26888.0) ops/second in (38.616319,297.530576) seconds
2022/06/30-14:39:06  ... thread 4: (1000000,8000000) ops and (25386.5,26747.3) ops/second in (39.390973,299.095349) seconds
2022/06/30-14:39:07  ... thread 5: (1000000,8000000) ops and (25085.8,26707.8) ops/second in (39.863149,299.537967) seconds
2022/06/30-14:39:07  ... thread 6: (1000000,8000000) ops and (25304.7,26664.4) ops/second in (39.518415,300.025537) seconds
2022/06/30-14:39:08  ... thread 1: (1000000,8000000) ops and (25468.3,26611.1) ops/second in (39.264470,300.626600) seconds
2022/06/30-14:39:09  ... thread 3: (1000000,8000000) ops and (26293.3,26554.3) ops/second in (38.032567,301.269406) seconds
2022/06/30-14:39:09  ... thread 7: (1000000,8000000) ops and (26239.1,26499.0) ops/second in (38.111031,301.897707) seconds
2022/06/30-14:39:10  ... thread 0: (1000000,8000000) ops and (26442.6,26416.1) ops/second in (37.817777,302.845321) seconds
ycsbf        :       4.740 micros/op 210965 ops/sec;   23.3 MB/s (8000000 of 8000000 found)
Microseconds per op:
Count: 64000000 Average: 37.5442  StdDev: 61.06
Min: 1  Median: 32.0911  Max: 125971
Percentiles: P50: 32.09 P75: 48.97 P99: 98.87 P99.9: 139.84 P99.99: 217.01
------------------------------------------------------
[       0,       1 ]      324   0.001%   0.001% 
(       1,       2 ]     4540   0.007%   0.008% 
(       2,       3 ]    12809   0.020%   0.028% 
(       3,       4 ]    14756   0.023%   0.051% 
(       4,       6 ]    20006   0.031%   0.082% 
(       6,      10 ]    93597   0.146%   0.228% 
(      10,      15 ]  3990659   6.235%   6.464% #
(      15,      22 ] 14574566  22.773%  29.236% #####
(      22,      34 ] 15802573  24.692%  53.928% #####
(      34,      51 ] 15317323  23.933%  77.861% #####
(      51,      76 ] 12457909  19.465%  97.327% ####
(      76,     110 ]  1592395   2.488%  99.815% 
(     110,     170 ]   109682   0.171%  99.986% 
(     170,     250 ]     4188   0.007%  99.993% 
(     250,     380 ]      486   0.001%  99.993% 
(     380,     580 ]      644   0.001%  99.994% 
(     580,     870 ]      378   0.001%  99.995% 
(     870,    1300 ]      564   0.001%  99.996% 
(    1300,    1900 ]      699   0.001%  99.997% 
(    1900,    2900 ]      378   0.001%  99.998% 
(    2900,    4400 ]       84   0.000%  99.998% 
(    4400,    6600 ]      264   0.000%  99.998% 
(    6600,    9900 ]       41   0.000%  99.998% 
(    9900,   14000 ]       17   0.000%  99.998% 
(   14000,   22000 ]      114   0.000%  99.998% 
(   22000,   33000 ]      200   0.000%  99.999% 
(   33000,   50000 ]      322   0.001%  99.999% 
(   50000,   75000 ]      237   0.000% 100.000% 
(   75000,  110000 ]      203   0.000% 100.000% 
(  110000,  170000 ]       42   0.000% 100.000% 

FLAGS_num 100000000, num_ 12500000
num after by threads 12500000
2022/06/30-14:39:32  ... thread 7: (1000000,1000000) ops and (52115.6,52115.6) ops/second in (19.188117,19.188117) seconds
2022/06/30-14:39:33  ... thread 4: (1000000,1000000) ops and (51763.7,51763.7) ops/second in (19.318574,19.318574) seconds
2022/06/30-14:39:33  ... thread 5: (1000000,1000000) ops and (51116.7,51116.7) ops/second in (19.563072,19.563072) seconds
2022/06/30-14:39:34  ... thread 1: (1000000,1000000) ops and (49142.9,49142.9) ops/second in (20.348808,20.348808) seconds
2022/06/30-14:39:35  ... thread 3: (1000000,1000000) ops and (47503.6,47503.6) ops/second in (21.051048,21.051048) seconds
2022/06/30-14:39:35  ... thread 0: (1000000,1000000) ops and (49248.6,49248.6) ops/second in (20.305126,20.305126) seconds
2022/06/30-14:39:35  ... thread 2: (1000000,1000000) ops and (48405.6,48405.6) ops/second in (20.658770,20.658770) seconds
2022/06/30-14:39:36  ... thread 6: (1000000,1000000) ops and (47887.4,47887.4) ops/second in (20.882312,20.882312) seconds
2022/06/30-14:39:51  ... thread 4: (1000000,2000000) ops and (54633.1,53159.7) ops/second in (18.303924,37.622498) seconds
2022/06/30-14:39:52  ... thread 7: (1000000,2000000) ops and (52076.3,52095.9) ops/second in (19.202586,38.390703) seconds
2022/06/30-14:39:52  ... thread 5: (1000000,2000000) ops and (53616.1,52336.6) ops/second in (18.651106,38.214178) seconds
2022/06/30-14:39:52  ... thread 1: (1000000,2000000) ops and (55544.4,52148.0) ops/second in (18.003602,38.352410) seconds
2022/06/30-14:39:53  ... thread 0: (1000000,2000000) ops and (54484.5,51734.4) ops/second in (18.353851,38.658977) seconds
2022/06/30-14:39:54  ... thread 6: (1000000,2000000) ops and (54260.2,50875.0) ops/second in (18.429721,39.312033) seconds
2022/06/30-14:39:54  ... thread 2: (1000000,2000000) ops and (53324.6,50746.2) ops/second in (18.753055,39.411825) seconds
2022/06/30-14:39:54  ... thread 3: (1000000,2000000) ops and (51899.0,49604.1) ops/second in (19.268185,40.319233) seconds
2022/06/30-14:40:08  ... thread 4: (1000000,3000000) ops and (57019.5,54386.9) ops/second in (17.537855,55.160353) seconds
2022/06/30-14:40:09  ... thread 5: (1000000,3000000) ops and (57396.9,53921.2) ops/second in (17.422541,55.636719) seconds
2022/06/30-14:40:10  ... thread 7: (1000000,3000000) ops and (54593.5,52902.7) ops/second in (18.317214,56.707917) seconds
2022/06/30-14:40:10  ... thread 1: (1000000,3000000) ops and (55677.2,53273.6) ops/second in (17.960677,56.313087) seconds
2022/06/30-14:40:12  ... thread 0: (1000000,3000000) ops and (53414.9,52282.7) ops/second in (18.721352,57.380329) seconds
2022/06/30-14:40:12  ... thread 6: (1000000,3000000) ops and (54429.6,52007.1) ops/second in (18.372363,57.684396) seconds
2022/06/30-14:40:12  ... thread 2: (1000000,3000000) ops and (54474.4,51930.9) ops/second in (18.357251,57.769076) seconds
2022/06/30-14:40:13  ... thread 3: (1000000,3000000) ops and (52437.8,50514.0) ops/second in (19.070216,59.389449) seconds
2022/06/30-14:40:27  ... thread 4: (1000000,4000000) ops and (53497.0,54161.7) ops/second in (18.692621,73.852974) seconds
2022/06/30-14:40:28  ... thread 5: (1000000,4000000) ops and (53637.2,53849.9) ops/second in (18.643785,74.280504) seconds
2022/06/30-14:40:29  ... thread 7: (1000000,4000000) ops and (53370.9,53018.9) ops/second in (18.736814,75.444731) seconds
2022/06/30-14:40:30  ... thread 1: (1000000,4000000) ops and (52132.9,52983.8) ops/second in (19.181738,75.494825) seconds
2022/06/30-14:40:31  ... thread 2: (1000000,4000000) ops and (53870.9,52402.7) ops/second in (18.562894,76.331970) seconds
2022/06/30-14:40:31  ... thread 0: (1000000,4000000) ops and (52679.2,52381.3) ops/second in (18.982811,76.363140) seconds
2022/06/30-14:40:32  ... thread 6: (1000000,4000000) ops and (51567.3,51896.5) ops/second in (19.392136,77.076532) seconds
2022/06/30-14:40:33  ... thread 3: (1000000,4000000) ops and (51490.0,50754.5) ops/second in (19.421248,78.810697) seconds
2022/06/30-14:40:45  ... thread 4: (1000000,5000000) ops and (55513.6,54426.8) ops/second in (18.013598,91.866572) seconds
2022/06/30-14:40:46  ... thread 5: (1000000,5000000) ops and (56936.5,54440.2) ops/second in (17.563411,91.843915) seconds
2022/06/30-14:40:46  ... thread 7: (1000000,5000000) ops and (57696.3,53892.7) ops/second in (17.332134,92.776865) seconds
2022/06/30-14:40:48  ... thread 1: (1000000,5000000) ops and (53781.4,53141.4) ops/second in (18.593774,94.088599) seconds
2022/06/30-14:40:49  ... thread 2: (1000000,5000000) ops and (55802.0,53049.0) ops/second in (17.920511,94.252481) seconds
2022/06/30-14:40:49  ... thread 0: (1000000,5000000) ops and (55638.3,53001.8) ops/second in (17.973225,94.336365) seconds
2022/06/30-14:40:51  ... thread 6: (1000000,5000000) ops and (50741.7,51661.3) ops/second in (19.707666,96.784198) seconds
2022/06/30-14:40:52  ... thread 3: (1000000,5000000) ops and (52229.7,51042.9) ops/second in (19.146209,97.956906) seconds
2022/06/30-14:41:03  ... thread 4: (1000000,6000000) ops and (55893.5,54665.9) ops/second in (17.891155,109.757727) seconds
2022/06/30-14:41:04  ... thread 5: (1000000,6000000) ops and (55626.4,54634.4) ops/second in (17.977065,109.820980) seconds
2022/06/30-14:41:04  ... thread 7: (1000000,6000000) ops and (55535.1,54159.7) ops/second in (18.006617,110.783482) seconds
2022/06/30-14:41:06  ... thread 1: (1000000,6000000) ops and (54931.9,53431.7) ops/second in (18.204344,112.292943) seconds
2022/06/30-14:41:07  ... thread 2: (1000000,6000000) ops and (55520.0,53445.4) ops/second in (18.011542,112.264023) seconds
2022/06/30-14:41:08  ... thread 0: (1000000,6000000) ops and (53065.3,53012.4) ops/second in (18.844719,113.181084) seconds
2022/06/30-14:41:10  ... thread 6: (1000000,6000000) ops and (53246.5,51918.9) ops/second in (18.780573,115.564771) seconds
2022/06/30-14:41:10  ... thread 3: (1000000,6000000) ops and (53847.8,51489.9) ops/second in (18.570872,116.527778) seconds
2022/06/30-14:41:21  ... thread 4: (1000000,7000000) ops and (56356.8,54901.2) ops/second in (17.744079,127.501806) seconds
2022/06/30-14:41:22  ... thread 5: (1000000,7000000) ops and (55705.2,54784.8) ops/second in (17.951657,127.772637) seconds
2022/06/30-14:41:22  ... thread 7: (1000000,7000000) ops and (55124.7,54295.5) ops/second in (18.140672,128.924154) seconds
2022/06/30-14:41:24  ... thread 1: (1000000,7000000) ops and (56757.6,53882.7) ops/second in (17.618795,129.911738) seconds
2022/06/30-14:41:25  ... thread 2: (1000000,7000000) ops and (56543.5,53867.1) ops/second in (17.685488,129.949511) seconds
2022/06/30-14:41:27  ... thread 0: (1000000,7000000) ops and (53079.7,53022.0) ops/second in (18.839603,132.020687) seconds
2022/06/30-14:41:28  ... thread 6: (1000000,7000000) ops and (56317.0,52504.7) ops/second in (17.756620,133.321391) seconds
2022/06/30-14:41:28  ... thread 3: (1000000,7000000) ops and (56269.1,52122.3) ops/second in (17.771758,134.299536) seconds
2022/06/30-14:41:36  ... thread 4: (1000000,8000000) ops and (64250.7,55918.3) ops/second in (15.564021,143.065827) seconds
2022/06/30-14:41:38  ... thread 5: (1000000,8000000) ops and (61750.7,55568.4) ops/second in (16.194152,143.966789) seconds
2022/06/30-14:41:38  ... thread 7: (1000000,8000000) ops and (62940.9,55244.0) ops/second in (15.887930,144.812084) seconds
2022/06/30-14:41:39  ... thread 1: (1000000,8000000) ops and (66827.9,55219.8) ops/second in (14.963808,144.875546) seconds
2022/06/30-14:41:39  ... thread 2: (1000000,8000000) ops and (67596.4,55270.3) ops/second in (14.793688,144.743199) seconds
2022/06/30-14:41:42  ... thread 0: (1000000,8000000) ops and (65510.9,54316.3) ops/second in (15.264647,147.285334) seconds
2022/06/30-14:41:43  ... thread 6: (1000000,8000000) ops and (68817.1,54107.9) ops/second in (14.531274,147.852665) seconds
2022/06/30-14:41:43  ... thread 3: (1000000,8000000) ops and (69489.4,53803.1) ops/second in (14.390686,148.690222) seconds
ycsbd        :       2.335 micros/op 428257 ops/sec;   47.4 MB/s (7600000 of 8000000 found)
Microseconds per op:
Count: 64000000 Average: 18.2077  StdDev: 60.74
Min: 0  Median: 16.5421  Max: 123965
Percentiles: P50: 16.54 P75: 20.82 P99: 41.92 P99.9: 50.94 P99.99: 89.07
------------------------------------------------------
[       0,       1 ]     3960   0.006%   0.006% 
(       1,       2 ]    43793   0.068%   0.075% 
(       2,       3 ]    85533   0.134%   0.208% 
(       3,       4 ]    97024   0.152%   0.360% 
(       4,       6 ]   462485   0.723%   1.082% 
(       6,      10 ]  3152374   4.926%   6.008% #
(      10,      15 ] 22382237  34.972%  40.980% #######
(      15,      22 ] 26203760  40.943%  81.924% ########
(      22,      34 ] 10423738  16.287%  98.211% ###
(      34,      51 ]  1084658   1.695%  99.906% 
(      51,      76 ]    52376   0.082%  99.987% 
(      76,     110 ]     4324   0.007%  99.994% 
(     110,     170 ]     1644   0.003%  99.997% 
(     170,     250 ]      591   0.001%  99.998% 
(     250,     380 ]      258   0.000%  99.998% 
(     380,     580 ]      378   0.001%  99.999% 
(     580,     870 ]      100   0.000%  99.999% 
(     870,    1300 ]       81   0.000%  99.999% 
(    1300,    1900 ]      151   0.000%  99.999% 
(    1900,    2900 ]       94   0.000%  99.999% 
(    2900,    4400 ]        7   0.000%  99.999% 
(    4400,    6600 ]       41   0.000%  99.999% 
(    6600,    9900 ]       23   0.000%  99.999% 
(    9900,   14000 ]        8   0.000%  99.999% 
(   14000,   22000 ]        8   0.000%  99.999% 
(   22000,   33000 ]       24   0.000%  99.999% 
(   33000,   50000 ]       40   0.000% 100.000% 
(   50000,   75000 ]       72   0.000% 100.000% 
(   75000,  110000 ]      153   0.000% 100.000% 
(  110000,  170000 ]       65   0.000% 100.000% 

FLAGS_num 100000000, num_ 12500000
num after by threads 12500000
2022/06/30-14:42:35  ... thread 5: (1000000,1000000) ops and (20465.2,20465.2) ops/second in (48.863535,48.863535) seconds
2022/06/30-14:42:35  ... thread 2: (1000000,1000000) ops and (20134.1,20134.1) ops/second in (49.667090,49.667090) seconds
2022/06/30-14:42:35  ... thread 4: (1000000,1000000) ops and (20093.8,20093.8) ops/second in (49.766666,49.766666) seconds
2022/06/30-14:42:36  ... thread 7: (1000000,1000000) ops and (20166.7,20166.7) ops/second in (49.586709,49.586709) seconds
2022/06/30-14:42:36  ... thread 0: (1000000,1000000) ops and (20156.4,20156.4) ops/second in (49.611978,49.611978) seconds
2022/06/30-14:42:36  ... thread 6: (1000000,1000000) ops and (19910.7,19910.7) ops/second in (50.224328,50.224328) seconds
2022/06/30-14:42:36  ... thread 1: (1000000,1000000) ops and (19751.1,19751.1) ops/second in (50.630057,50.630057) seconds
2022/06/30-14:42:38  ... thread 3: (1000000,1000000) ops and (18997.8,18997.8) ops/second in (52.637674,52.637674) seconds
2022/06/30-14:43:22  ... thread 5: (1000000,2000000) ops and (21120.0,20787.4) ops/second in (47.348447,96.211982) seconds
2022/06/30-14:43:23  ... thread 0: (1000000,2000000) ops and (21107.9,20621.2) ops/second in (47.375704,96.987682) seconds
2022/06/30-14:43:23  ... thread 7: (1000000,2000000) ops and (21011.3,20580.4) ops/second in (47.593348,97.180057) seconds
2022/06/30-14:43:24  ... thread 6: (1000000,2000000) ops and (20934.6,20409.8) ops/second in (47.767741,97.992069) seconds
2022/06/30-14:43:24  ... thread 2: (1000000,2000000) ops and (20310.1,20221.7) ops/second in (49.236477,98.903567) seconds
2022/06/30-14:43:25  ... thread 1: (1000000,2000000) ops and (20612.1,20172.4) ops/second in (48.515284,99.145341) seconds
2022/06/30-14:43:25  ... thread 4: (1000000,2000000) ops and (20098.0,20095.9) ops/second in (49.756213,99.522879) seconds
2022/06/30-14:43:27  ... thread 3: (1000000,2000000) ops and (20559.4,19747.8) ops/second in (48.639475,101.277149) seconds
ycsbe        :       6.334 micros/op 157874 ops/sec; 1660.0 MB/s (1899560 of 2000000 found)
Microseconds per op:
Count: 16000000 Average: 49.2013  StdDev: 48.66
Min: 2  Median: 46.2374  Max: 113118
Percentiles: P50: 46.24 P75: 62.58 P99: 107.58 P99.9: 160.59 P99.99: 244.06
------------------------------------------------------
(       1,       2 ]        1   0.000%   0.000% 
(       2,       3 ]      226   0.001%   0.001% 
(       3,       4 ]     3120   0.019%   0.021% 
(       4,       6 ]    47253   0.295%   0.316% 
(       6,      10 ]   343844   2.149%   2.465% 
(      10,      15 ]   219886   1.374%   3.840% 
(      15,      22 ]   524412   3.278%   7.117% #
(      22,      34 ]  2654334  16.590%  23.707% ###
(      34,      51 ]  5844180  36.526%  60.233% #######
(      51,      76 ]  5100491  31.878%  92.111% ######
(      76,     110 ]  1186686   7.417%  99.528% #
(     110,     170 ]    70651   0.442%  99.969% 
(     170,     250 ]     3582   0.022%  99.992% 
(     250,     380 ]      359   0.002%  99.994% 
(     380,     580 ]      252   0.002%  99.995% 
(     580,     870 ]       95   0.001%  99.996% 
(     870,    1300 ]      183   0.001%  99.997% 
(    1300,    1900 ]      186   0.001%  99.998% 
(    1900,    2900 ]       76   0.000%  99.999% 
(    2900,    4400 ]        1   0.000%  99.999% 
(    4400,    6600 ]       10   0.000%  99.999% 
(    6600,    9900 ]        4   0.000%  99.999% 
(   33000,   50000 ]        8   0.000%  99.999% 
(   50000,   75000 ]       47   0.000%  99.999% 
(   75000,  110000 ]      111   0.001% 100.000% 
(  110000,  170000 ]        2   0.000% 100.000% 

FLAGS_num 100000000, num_ 12500000
num after by threads 12500000

                               Compactions
Level  Files Size(MB) Time(sec) Read(MB) Write(MB)
--------------------------------------------------
  0        0        0        14        0      2150
  1        0        0        48     2464      7649
  2        0        0        84    13306     13951
  3        8      308       458    76440     75626
  4      163     9800       597   106261     99037
  5       74     4763        57    10782      9172
WriteAmplification: 96.5421

