./pebblesdb/release/db_bench --cache_size=8388608 --db=/mnt/shunzi/test-data/wipdb/peb_ycsb --threads=8 --open_files=40000 --num=100000000 --range=100000000 --reads=2000000 --batch_size=1000 --stats_interval=1000000 --bloom_bits=16 --bg_threads=6 --value_size=100 --histogram=true --log=true --benchmarks=loadreverse,ycsba,ycsbb,ycsbc,ycsbf,ycsbd,ycsbe,stats --ycsb_ops_num=8000000 --seek_nexts=100 --use_existing_db=true --write_buffer_size=67108864 
Keys:       16 bytes each
Values:     100 bytes each (50 bytes after compression)
Entries:    100000000
RawSize:    11062.6 MB (estimated)
FileSize:   6294.3 MB (estimated)
WARNING: Snappy compression is not enabled
------------------------------------------------
Recover Time : 18446744073708215366
InitializeFileLevelBloomFilter Time: 45839331
InitializeTableCacheFileMetaData Time: 707
PebblesDB Open Time: 47229215
 usWrite buffer: 65536.00 KB
loadreverse  : 4363534.000 micros/op 0 ops/sec;
Microseconds per op:
Count: 0 Average: 0.0000  StdDev: 0.00
Min: 0  Median: 0.0000  Max: 0
Percentiles: P50: 0.00 P75: 0.00 P99: 0.00 P99.9: 0.00 P99.99: 0.00
------------------------------------------------------

2022/06/30-13:56:04  ... thread 6: (1000000,1000000) ops and (14332.2,14332.2) ops/second in (69.772935,69.772935) seconds


2022/06/30-13:56:04  ... thread 1: (1000000,1000000) ops and (14236.7,14236.7) ops/second in (70.241125,70.241125) seconds


2022/06/30-13:56:04  ... thread 7: (1000000,1000000) ops and (14203.3,14203.3) ops/second in (70.406056,70.406056) seconds


2022/06/30-13:56:05  ... thread 0: (1000000,1000000) ops and (14156.8,14156.8) ops/second in (70.637654,70.637654) seconds


2022/06/30-13:56:05  ... thread 2: (1000000,1000000) ops and (14089.0,14089.0) ops/second in (70.977366,70.977366) seconds


2022/06/30-13:56:05  ... thread 5: (1000000,1000000) ops and (14142.5,14142.5) ops/second in (70.708637,70.708637) seconds


2022/06/30-13:56:05  ... thread 4: (1000000,1000000) ops and (14130.6,14130.6) ops/second in (70.768259,70.768259) seconds


2022/06/30-13:56:05  ... thread 3: (1000000,1000000) ops and (14080.0,14080.0) ops/second in (71.022764,71.022764) seconds


2022/06/30-13:57:01  ... thread 6: (1000000,2000000) ops and (17373.1,15706.8) ops/second in (57.560251,127.333186) seconds


2022/06/30-13:57:02  ... thread 1: (1000000,2000000) ops and (17239.3,15594.8) ops/second in (58.006865,128.247990) seconds


2022/06/30-13:57:02  ... thread 0: (1000000,2000000) ops and (17332.1,15584.3) ops/second in (57.696422,128.334076) seconds


2022/06/30-13:57:02  ... thread 7: (1000000,2000000) ops and (17219.4,15566.6) ops/second in (58.073975,128.480031) seconds


2022/06/30-13:57:03  ... thread 2: (1000000,2000000) ops and (17289.5,15526.0) ops/second in (57.838674,128.816040) seconds


2022/06/30-13:57:03  ... thread 3: (1000000,2000000) ops and (17169.6,15472.1) ops/second in (58.242504,129.265268) seconds


2022/06/30-13:57:03  ... thread 4: (1000000,2000000) ops and (17106.7,15476.9) ops/second in (58.456731,129.224990) seconds


2022/06/30-13:57:03  ... thread 5: (1000000,2000000) ops and (17031.4,15453.1) ops/second in (58.715142,129.423779) seconds


2022/06/30-13:58:01  ... thread 6: (1000000,3000000) ops and (16731.0,16034.0) ops/second in (59.769268,187.102454) seconds


2022/06/30-13:58:01  ... thread 1: (1000000,3000000) ops and (16837.4,15988.1) ops/second in (59.391563,187.639553) seconds


2022/06/30-13:58:02  ... thread 0: (1000000,3000000) ops and (16888.8,15996.2) ops/second in (59.210943,187.545019) seconds


2022/06/30-13:58:02  ... thread 2: (1000000,3000000) ops and (16835.7,15939.3) ops/second in (59.397667,188.213707) seconds


2022/06/30-13:58:02  ... thread 7: (1000000,3000000) ops and (16765.8,15946.8) ops/second in (59.645180,188.125211) seconds


2022/06/30-13:58:03  ... thread 3: (1000000,3000000) ops and (16788.9,15887.4) ops/second in (59.563340,188.828608) seconds


2022/06/30-13:58:03  ... thread 4: (1000000,3000000) ops and (16816.2,15899.0) ops/second in (59.466357,188.691347) seconds


2022/06/30-13:58:03  ... thread 5: (1000000,3000000) ops and (16774.7,15869.9) ops/second in (59.613611,189.037390) seconds


2022/06/30-13:59:00  ... thread 6: (1000000,4000000) ops and (17064.5,16279.8) ops/second in (58.601209,245.703663) seconds


2022/06/30-13:59:01  ... thread 1: (1000000,4000000) ops and (16809.6,16185.9) ops/second in (59.489749,247.129302) seconds


2022/06/30-13:59:01  ... thread 0: (1000000,4000000) ops and (16809.3,16192.0) ops/second in (59.490724,247.035743) seconds


2022/06/30-13:59:02  ... thread 2: (1000000,4000000) ops and (16540.7,16085.5) ops/second in (60.456945,248.670652) seconds


2022/06/30-13:59:03  ... thread 7: (1000000,4000000) ops and (16516.4,16085.5) ops/second in (60.545880,248.671091) seconds


2022/06/30-13:59:03  ... thread 5: (1000000,4000000) ops and (16760.7,16083.6) ops/second in (59.663389,248.700779) seconds


2022/06/30-13:59:03  ... thread 3: (1000000,4000000) ops and (16649.8,16071.4) ops/second in (60.060811,248.889419) seconds


2022/06/30-13:59:03  ... thread 4: (1000000,4000000) ops and (16653.9,16081.2) ops/second in (60.045896,248.737243) seconds


2022/06/30-13:59:58  ... thread 6: (1000000,5000000) ops and (17026.0,16423.7) ops/second in (58.733720,304.437383) seconds


2022/06/30-13:59:59  ... thread 0: (1000000,5000000) ops and (17181.2,16380.6) ops/second in (58.203271,305.239014) seconds


2022/06/30-14:00:00  ... thread 1: (1000000,5000000) ops and (16981.3,16338.9) ops/second in (58.888418,306.017720) seconds


2022/06/30-14:00:02  ... thread 7: (1000000,5000000) ops and (16807.3,16224.9) ops/second in (59.498133,308.169224) seconds


2022/06/30-14:00:02  ... thread 2: (1000000,5000000) ops and (16759.9,16216.0) ops/second in (59.666267,308.336919) seconds


2022/06/30-14:00:02  ... thread 3: (1000000,5000000) ops and (16741.0,16201.0) ops/second in (59.733578,308.622997) seconds


2022/06/30-14:00:03  ... thread 5: (1000000,5000000) ops and (16636.0,16191.1) ops/second in (60.110617,308.811396) seconds


2022/06/30-14:00:03  ... thread 4: (1000000,5000000) ops and (16624.8,16187.1) ops/second in (60.151173,308.888416) seconds


2022/06/30-14:00:57  ... thread 6: (1000000,6000000) ops and (17030.0,16521.8) ops/second in (58.719905,363.157288) seconds


2022/06/30-14:00:57  ... thread 0: (1000000,6000000) ops and (17199.7,16511.7) ops/second in (58.140635,363.379649) seconds


2022/06/30-14:00:58  ... thread 1: (1000000,6000000) ops and (17129.6,16465.6) ops/second in (58.378361,364.396081) seconds


2022/06/30-14:00:59  ... thread 2: (1000000,6000000) ops and (17621.1,16434.4) ops/second in (56.750293,365.087212) seconds


2022/06/30-14:01:00  ... thread 7: (1000000,6000000) ops and (17155.4,16372.9) ops/second in (58.290539,366.459763) seconds


2022/06/30-14:01:00  ... thread 3: (1000000,6000000) ops and (17249.0,16366.7) ops/second in (57.974476,366.597473) seconds


2022/06/30-14:01:01  ... thread 5: (1000000,6000000) ops and (17331.3,16370.6) ops/second in (57.699018,366.510414) seconds


2022/06/30-14:01:01  ... thread 4: (1000000,6000000) ops and (17192.3,16346.4) ops/second in (58.165493,367.053909) seconds


2022/06/30-14:01:56  ... thread 0: (1000000,7000000) ops and (16971.0,16575.8) ops/second in (58.923985,422.303634) seconds


2022/06/30-14:01:56  ... thread 6: (1000000,7000000) ops and (16876.5,16571.5) ops/second in (59.254019,422.411307) seconds


2022/06/30-14:01:57  ... thread 1: (1000000,7000000) ops and (16909.0,16527.5) ops/second in (59.140146,423.536227) seconds


2022/06/30-14:01:58  ... thread 2: (1000000,7000000) ops and (16971.3,16509.0) ops/second in (58.923032,424.010244) seconds


2022/06/30-14:01:58  ... thread 4: (1000000,7000000) ops and (17574.5,16511.2) ops/second in (56.900535,423.954444) seconds


2022/06/30-14:01:59  ... thread 5: (1000000,7000000) ops and (17221.3,16487.0) ops/second in (58.067502,424.577916) seconds


2022/06/30-14:01:59  ... thread 7: (1000000,7000000) ops and (17076.5,16469.8) ops/second in (58.559865,425.019628) seconds


2022/06/30-14:01:59  ... thread 3: (1000000,7000000) ops and (17085.8,16465.7) ops/second in (58.528150,425.125623) seconds


2022/06/30-14:02:54  ... thread 0: (1000000,8000000) ops and (17334.7,16667.0) ops/second in (57.687833,479.991467) seconds


2022/06/30-14:02:54  ... thread 6: (1000000,8000000) ops and (17329.7,16662.6) ops/second in (57.704531,480.115838) seconds


2022/06/30-14:02:55  ... thread 1: (1000000,8000000) ops and (17464.6,16639.1) ops/second in (57.258625,480.794852) seconds


2022/06/30-14:02:55  ... thread 2: (1000000,8000000) ops and (17459.2,16622.1) ops/second in (57.276303,481.286547) seconds


2022/06/30-14:02:55  ... thread 5: (1000000,8000000) ops and (17698.2,16629.2) ops/second in (56.502810,481.080726) seconds


2022/06/30-14:02:55  ... thread 4: (1000000,8000000) ops and (17498.0,16628.4) ops/second in (57.149455,481.103899) seconds


2022/06/30-14:02:55  ... thread 3: (1000000,8000000) ops and (17763.4,16617.5) ops/second in (56.295375,481.420998) seconds


2022/06/30-14:02:55  ... thread 7: (1000000,8000000) ops and (17736.7,16618.2) ops/second in (56.380315,481.399943) seconds


ycsba        :       7.524 micros/op 132905 ops/sec;   14.7 MB/s (4000000 of 8000000 found)
Microseconds per op:
Count: 64000000 Average: 60.1124  StdDev: 46.08
Min: 1  Median: 33.3234  Max: 162785
Percentiles: P50: 33.32 P75: 74.09 P99: 344.35 P99.9: 559.03 P99.99: 1881.15
------------------------------------------------------
[       0,       1 ]      186   0.000%   0.000% 
(       1,       2 ]    13100   0.020%   0.021% 
(       2,       3 ]    72438   0.113%   0.134% 
(       3,       4 ]   161260   0.252%   0.386% 
(       4,       6 ]  1196968   1.870%   2.256% 
(       6,      10 ]  3199080   4.999%   7.255% #
(      10,      15 ]  7499954  11.719%  18.973% ##
(      15,      22 ]  9112994  14.239%  33.212% ###
(      22,      34 ] 11386036  17.791%  51.003% ####
(      34,      51 ]  9289085  14.514%  65.517% ###
(      51,      76 ]  6570130  10.266%  75.783% ##
(      76,     110 ]  5806791   9.073%  84.856% ##
(     110,     170 ]  5346907   8.355%  93.211% ##
(     170,     250 ]  2812092   4.394%  97.605% #
(     250,     380 ]  1230341   1.922%  99.527% 
(     380,     580 ]   266593   0.417%  99.944% 
(     580,     870 ]    25865   0.040%  99.984% 
(     870,    1300 ]     2732   0.004%  99.988% 
(    1300,    1900 ]     1082   0.002%  99.990% 
(    1900,    2900 ]     1164   0.002%  99.992% 
(    2900,    4400 ]     1611   0.003%  99.994% 
(    4400,    6600 ]      716   0.001%  99.996% 
(    6600,    9900 ]      893   0.001%  99.997% 
(    9900,   14000 ]      170   0.000%  99.997% 
(   14000,   22000 ]      751   0.001%  99.998% 
(   22000,   33000 ]      646   0.001%  99.999% 
(   33000,   50000 ]      232   0.000% 100.000% 
(   50000,   75000 ]      140   0.000% 100.000% 
(   75000,  110000 ]       30   0.000% 100.000% 
(  110000,  170000 ]       13   0.000% 100.000% 

2022/06/30-14:03:20  ... thread 3: (1000000,1000000) ops and (46295.4,46295.4) ops/second in (21.600425,21.600425) seconds


2022/06/30-14:03:20  ... thread 6: (1000000,1000000) ops and (47222.6,47222.6) ops/second in (21.176322,21.176322) seconds


2022/06/30-14:03:20  ... thread 4: (1000000,1000000) ops and (47059.6,47059.6) ops/second in (21.249658,21.249658) seconds


2022/06/30-14:03:20  ... thread 7: (1000000,1000000) ops and (45586.5,45586.5) ops/second in (21.936312,21.936312) seconds


2022/06/30-14:03:20  ... thread 1: (1000000,1000000) ops and (46762.0,46762.0) ops/second in (21.384874,21.384874) seconds


2022/06/30-14:03:20  ... thread 0: (1000000,1000000) ops and (46749.0,46749.0) ops/second in (21.390838,21.390838) seconds


2022/06/30-14:03:21  ... thread 5: (1000000,1000000) ops and (45371.1,45371.1) ops/second in (22.040441,22.040441) seconds


2022/06/30-14:03:21  ... thread 2: (1000000,1000000) ops and (45016.5,45016.5) ops/second in (22.214076,22.214076) seconds


2022/06/30-14:03:40  ... thread 6: (1000000,2000000) ops and (49381.0,48277.7) ops/second in (20.250698,41.427020) seconds


2022/06/30-14:03:41  ... thread 4: (1000000,2000000) ops and (49247.8,48128.8) ops/second in (20.305474,41.555132) seconds


2022/06/30-14:03:41  ... thread 1: (1000000,2000000) ops and (48466.3,47598.9) ops/second in (20.632909,42.017783) seconds


2022/06/30-14:03:41  ... thread 7: (1000000,2000000) ops and (48143.6,46830.2) ops/second in (20.771204,42.707516) seconds


2022/06/30-14:03:41  ... thread 0: (1000000,2000000) ops and (47719.2,47229.1) ops/second in (20.955915,42.346753) seconds


2022/06/30-14:03:42  ... thread 3: (1000000,2000000) ops and (46696.1,46494.9) ops/second in (21.415063,43.015488) seconds


2022/06/30-14:03:42  ... thread 2: (1000000,2000000) ops and (47172.7,46069.4) ops/second in (21.198686,43.412762) seconds


2022/06/30-14:03:43  ... thread 5: (1000000,2000000) ops and (45564.7,45467.7) ops/second in (21.946811,43.987252) seconds


2022/06/30-14:04:01  ... thread 6: (1000000,3000000) ops and (48383.8,48313.0) ops/second in (20.668061,62.095081) seconds


2022/06/30-14:04:01  ... thread 4: (1000000,3000000) ops and (48153.4,48137.0) ops/second in (20.766966,62.322098) seconds


2022/06/30-14:04:02  ... thread 0: (1000000,3000000) ops and (47882.2,47444.8) ops/second in (20.884602,63.231355) seconds


2022/06/30-14:04:02  ... thread 1: (1000000,3000000) ops and (47035.2,47409.5) ops/second in (21.260691,63.278474) seconds


2022/06/30-14:04:02  ... thread 7: (1000000,3000000) ops and (46825.7,46828.7) ops/second in (21.355804,64.063320) seconds


2022/06/30-14:04:03  ... thread 3: (1000000,3000000) ops and (46997.6,46661.2) ops/second in (21.277704,64.293192) seconds


2022/06/30-14:04:04  ... thread 2: (1000000,3000000) ops and (46149.1,46095.9) ops/second in (21.668914,65.081676) seconds


2022/06/30-14:04:04  ... thread 5: (1000000,3000000) ops and (45979.9,45637.2) ops/second in (21.748621,65.735873) seconds


2022/06/30-14:04:22  ... thread 6: (1000000,4000000) ops and (47718.2,48162.9) ops/second in (20.956355,83.051436) seconds


2022/06/30-14:04:22  ... thread 4: (1000000,4000000) ops and (47606.2,48003.2) ops/second in (21.005655,83.327753) seconds


2022/06/30-14:04:23  ... thread 0: (1000000,4000000) ops and (47943.1,47568.4) ops/second in (20.858041,84.089396) seconds


2022/06/30-14:04:23  ... thread 1: (1000000,4000000) ops and (47835.4,47515.3) ops/second in (20.905021,84.183495) seconds


2022/06/30-14:04:24  ... thread 7: (1000000,4000000) ops and (46912.8,46849.7) ops/second in (21.316147,85.379467) seconds


2022/06/30-14:04:24  ... thread 3: (1000000,4000000) ops and (46213.7,46548.5) ops/second in (21.638601,85.931793) seconds


2022/06/30-14:04:26  ... thread 2: (1000000,4000000) ops and (45278.1,45888.7) ops/second in (22.085729,87.167405) seconds


2022/06/30-14:04:26  ... thread 5: (1000000,4000000) ops and (45253.6,45540.7) ops/second in (22.097669,87.833542) seconds


2022/06/30-14:04:43  ... thread 6: (1000000,5000000) ops and (48072.7,48144.8) ops/second in (20.801834,103.853270) seconds


2022/06/30-14:04:43  ... thread 4: (1000000,5000000) ops and (47698.2,47941.9) ops/second in (20.965168,104.292921) seconds


2022/06/30-14:04:44  ... thread 0: (1000000,5000000) ops and (48737.4,47797.7) ops/second in (20.518136,104.607532) seconds


2022/06/30-14:04:44  ... thread 1: (1000000,5000000) ops and (47690.9,47550.3) ops/second in (20.968379,105.151874) seconds


2022/06/30-14:04:45  ... thread 7: (1000000,5000000) ops and (47067.4,46893.1) ops/second in (21.246115,106.625582) seconds


2022/06/30-14:04:46  ... thread 3: (1000000,5000000) ops and (47282.2,46693.4) ops/second in (21.149624,107.081417) seconds


2022/06/30-14:04:47  ... thread 2: (1000000,5000000) ops and (46865.5,46080.8) ops/second in (21.337654,108.505059) seconds


2022/06/30-14:04:48  ... thread 5: (1000000,5000000) ops and (47195.4,45862.3) ops/second in (21.188519,109.022061) seconds


2022/06/30-14:05:04  ... thread 6: (1000000,6000000) ops and (48167.1,48148.6) ops/second in (20.761061,124.614331) seconds


2022/06/30-14:05:04  ... thread 4: (1000000,6000000) ops and (47719.3,47904.7) ops/second in (20.955872,125.248793) seconds


2022/06/30-14:05:04  ... thread 0: (1000000,6000000) ops and (48509.1,47914.8) ops/second in (20.614708,125.222240) seconds


2022/06/30-14:05:05  ... thread 1: (1000000,6000000) ops and (47822.8,47595.5) ops/second in (20.910525,126.062399) seconds


2022/06/30-14:05:07  ... thread 3: (1000000,6000000) ops and (47706.5,46859.3) ops/second in (20.961509,128.042926) seconds


2022/06/30-14:05:07  ... thread 7: (1000000,6000000) ops and (45650.4,46681.3) ops/second in (21.905622,128.531204) seconds


2022/06/30-14:05:08  ... thread 2: (1000000,6000000) ops and (47643.3,46334.1) ops/second in (20.989289,129.494348) seconds


2022/06/30-14:05:10  ... thread 5: (1000000,6000000) ops and (45382.1,45781.5) ops/second in (22.035124,131.057185) seconds


2022/06/30-14:05:25  ... thread 6: (1000000,7000000) ops and (46645.1,47927.9) ops/second in (21.438500,146.052831) seconds


2022/06/30-14:05:26  ... thread 0: (1000000,7000000) ops and (47002.5,47782.3) ops/second in (21.275486,146.497726) seconds


2022/06/30-14:05:26  ... thread 4: (1000000,7000000) ops and (46762.1,47738.0) ops/second in (21.384845,146.633638) seconds


2022/06/30-14:05:27  ... thread 1: (1000000,7000000) ops and (46675.2,47461.8) ops/second in (21.424672,147.487071) seconds


2022/06/30-14:05:28  ... thread 3: (1000000,7000000) ops and (45680.3,46687.2) ops/second in (21.891256,149.934182) seconds


2022/06/30-14:05:29  ... thread 7: (1000000,7000000) ops and (44527.5,46360.9) ops/second in (22.458038,150.989242) seconds


2022/06/30-14:05:30  ... thread 2: (1000000,7000000) ops and (44769.2,46103.8) ops/second in (22.336805,151.831153) seconds


2022/06/30-14:05:32  ... thread 5: (1000000,7000000) ops and (45447.7,45733.5) ops/second in (22.003324,153.060509) seconds


2022/06/30-14:05:46  ... thread 4: (1000000,8000000) ops and (48540.4,47836.9) ops/second in (20.601383,167.235021) seconds


2022/06/30-14:05:46  ... thread 6: (1000000,8000000) ops and (47084.1,47820.7) ops/second in (21.238580,167.291411) seconds


2022/06/30-14:05:46  ... thread 0: (1000000,8000000) ops and (47971.7,47805.9) ops/second in (20.845644,167.343370) seconds


2022/06/30-14:05:47  ... thread 1: (1000000,8000000) ops and (48224.6,47555.8) ops/second in (20.736321,168.223392) seconds


2022/06/30-14:05:49  ... thread 3: (1000000,8000000) ops and (48253.8,46877.4) ops/second in (20.723751,170.657933) seconds


2022/06/30-14:05:50  ... thread 7: (1000000,8000000) ops and (47713.6,46525.8) ops/second in (20.958387,171.947629) seconds


2022/06/30-14:05:50  ... thread 2: (1000000,8000000) ops and (49711.4,46525.9) ops/second in (20.116110,171.947263) seconds


2022/06/30-14:05:52  ... thread 5: (1000000,8000000) ops and (49668.3,46191.0) ops/second in (20.133583,173.194092) seconds


ycsbb        :       2.708 micros/op 369213 ops/sec;   40.8 MB/s (7600000 of 8000000 found)
Microseconds per op:
Count: 64000000 Average: 21.2163  StdDev: 53.38
Min: 0  Median: 19.4437  Max: 61617
Percentiles: P50: 19.44 P75: 24.77 P99: 49.63 P99.9: 73.18 P99.99: 105.63
------------------------------------------------------
[       0,       1 ]      500   0.001%   0.001% 
(       1,       2 ]     9483   0.015%   0.016% 
(       2,       3 ]    32842   0.051%   0.067% 
(       3,       4 ]    68407   0.107%   0.174% 
(       4,       6 ]   303540   0.474%   0.648% 
(       6,      10 ]  1781858   2.784%   3.432% #
(      10,      15 ]  8460181  13.219%  16.651% ###
(      15,      22 ] 33621222  52.533%  69.184% ###########
(      22,      34 ] 16137785  25.215%  94.400% #####
(      34,      51 ]  3201623   5.003%  99.402% #
(      51,      76 ]   359051   0.561%  99.963% 
(      76,     110 ]    19629   0.031%  99.994% 
(     110,     170 ]     1894   0.003%  99.997% 
(     170,     250 ]      617   0.001%  99.998% 
(     250,     380 ]      234   0.000%  99.998% 
(     380,     580 ]      214   0.000%  99.999% 
(     580,     870 ]       63   0.000%  99.999% 
(     870,    1300 ]       40   0.000%  99.999% 
(    1300,    1900 ]      218   0.000%  99.999% 
(    1900,    2900 ]       77   0.000%  99.999% 
(    2900,    4400 ]      122   0.000%  99.999% 
(    4400,    6600 ]      120   0.000% 100.000% 
(    6600,    9900 ]       64   0.000% 100.000% 
(    9900,   14000 ]        8   0.000% 100.000% 
(   14000,   22000 ]       60   0.000% 100.000% 
(   22000,   33000 ]      104   0.000% 100.000% 
(   33000,   50000 ]       38   0.000% 100.000% 
(   50000,   75000 ]        6   0.000% 100.000% 

2022/06/30-14:06:16  ... thread 5: (1000000,1000000) ops and (48582.0,48582.0) ops/second in (20.583736,20.583736) seconds


2022/06/30-14:06:16  ... thread 0: (1000000,1000000) ops and (48343.5,48343.5) ops/second in (20.685304,20.685304) seconds


2022/06/30-14:06:16  ... thread 6: (1000000,1000000) ops and (47063.7,47063.7) ops/second in (21.247788,21.247788) seconds


2022/06/30-14:06:16  ... thread 1: (1000000,1000000) ops and (46981.8,46981.8) ops/second in (21.284853,21.284853) seconds


2022/06/30-14:06:16  ... thread 2: (1000000,1000000) ops and (47996.4,47996.4) ops/second in (20.834877,20.834877) seconds


2022/06/30-14:06:17  ... thread 3: (1000000,1000000) ops and (46955.6,46955.6) ops/second in (21.296705,21.296705) seconds


2022/06/30-14:06:17  ... thread 7: (1000000,1000000) ops and (47888.2,47888.2) ops/second in (20.881982,20.881982) seconds


2022/06/30-14:06:17  ... thread 4: (1000000,1000000) ops and (46838.6,46838.6) ops/second in (21.349931,21.349931) seconds


2022/06/30-14:06:37  ... thread 5: (1000000,2000000) ops and (49094.2,48836.8) ops/second in (20.369013,40.952749) seconds


2022/06/30-14:06:37  ... thread 0: (1000000,2000000) ops and (48816.5,48578.9) ops/second in (20.484861,41.170165) seconds


2022/06/30-14:06:37  ... thread 2: (1000000,2000000) ops and (48807.0,48398.3) ops/second in (20.488873,41.323750) seconds


2022/06/30-14:06:37  ... thread 7: (1000000,2000000) ops and (49017.4,48446.2) ops/second in (20.400936,41.282918) seconds


2022/06/30-14:06:37  ... thread 6: (1000000,2000000) ops and (48359.6,47702.9) ops/second in (20.678417,41.926205) seconds


2022/06/30-14:06:38  ... thread 1: (1000000,2000000) ops and (46849.0,46915.3) ops/second in (21.345155,42.630008) seconds


2022/06/30-14:06:38  ... thread 4: (1000000,2000000) ops and (47238.1,47037.5) ops/second in (21.169371,42.519302) seconds


2022/06/30-14:06:38  ... thread 3: (1000000,2000000) ops and (46673.6,46814.2) ops/second in (21.425380,42.722085) seconds


2022/06/30-14:06:57  ... thread 5: (1000000,3000000) ops and (48572.9,48748.5) ops/second in (20.587618,61.540367) seconds


2022/06/30-14:06:57  ... thread 0: (1000000,3000000) ops and (48378.8,48512.0) ops/second in (20.670205,61.840370) seconds


2022/06/30-14:06:58  ... thread 7: (1000000,3000000) ops and (48441.5,48444.6) ops/second in (20.643468,61.926386) seconds


2022/06/30-14:06:58  ... thread 2: (1000000,3000000) ops and (48283.6,48360.0) ops/second in (20.710978,62.034728) seconds


2022/06/30-14:06:58  ... thread 6: (1000000,3000000) ops and (47815.7,47740.4) ops/second in (20.913649,62.839854) seconds


2022/06/30-14:06:59  ... thread 1: (1000000,3000000) ops and (47021.9,46950.8) ops/second in (21.266702,63.896710) seconds


2022/06/30-14:06:59  ... thread 4: (1000000,3000000) ops and (47029.9,47034.9) ops/second in (21.263059,63.782361) seconds


2022/06/30-14:06:59  ... thread 3: (1000000,3000000) ops and (46928.2,46852.1) ops/second in (21.309153,64.031238) seconds


2022/06/30-14:07:18  ... thread 5: (1000000,4000000) ops and (48829.1,48768.6) ops/second in (20.479585,82.019952) seconds


2022/06/30-14:07:18  ... thread 0: (1000000,4000000) ops and (48578.8,48528.7) ops/second in (20.585100,82.425470) seconds


2022/06/30-14:07:18  ... thread 7: (1000000,4000000) ops and (48582.4,48479.0) ops/second in (20.583566,82.509952) seconds


2022/06/30-14:07:18  ... thread 2: (1000000,4000000) ops and (48329.3,48352.3) ops/second in (20.691364,82.726092) seconds


2022/06/30-14:07:19  ... thread 6: (1000000,4000000) ops and (47964.3,47796.2) ops/second in (20.848844,83.688698) seconds


2022/06/30-14:07:20  ... thread 1: (1000000,4000000) ops and (47134.4,46996.6) ops/second in (21.215907,85.112617) seconds


2022/06/30-14:07:20  ... thread 4: (1000000,4000000) ops and (47164.0,47067.1) ops/second in (21.202627,84.984988) seconds


2022/06/30-14:07:21  ... thread 3: (1000000,4000000) ops and (46857.2,46853.4) ops/second in (21.341450,85.372688) seconds


2022/06/30-14:07:38  ... thread 5: (1000000,5000000) ops and (48563.2,48727.4) ops/second in (20.591732,102.611684) seconds


2022/06/30-14:07:39  ... thread 0: (1000000,5000000) ops and (48343.7,48491.6) ops/second in (20.685220,103.110690) seconds


2022/06/30-14:07:39  ... thread 7: (1000000,5000000) ops and (47972.2,48376.8) ops/second in (20.845426,103.355378) seconds


2022/06/30-14:07:39  ... thread 2: (1000000,5000000) ops and (48072.1,48296.0) ops/second in (20.802078,103.528170) seconds


2022/06/30-14:07:40  ... thread 6: (1000000,5000000) ops and (47795.2,47796.0) ops/second in (20.922607,104.611305) seconds


2022/06/30-14:07:41  ... thread 4: (1000000,5000000) ops and (47650.0,47182.6) ops/second in (20.986361,105.971349) seconds


2022/06/30-14:07:41  ... thread 1: (1000000,5000000) ops and (47355.2,47067.8) ops/second in (21.117010,106.229627) seconds


2022/06/30-14:07:42  ... thread 3: (1000000,5000000) ops and (47275.0,46937.1) ops/second in (21.152828,106.525516) seconds


2022/06/30-14:07:59  ... thread 5: (1000000,6000000) ops and (48376.5,48668.6) ops/second in (20.671175,123.282859) seconds


2022/06/30-14:07:59  ... thread 0: (1000000,6000000) ops and (48263.7,48453.5) ops/second in (20.719493,123.830183) seconds


2022/06/30-14:08:00  ... thread 2: (1000000,6000000) ops and (47827.2,48217.3) ops/second in (20.908585,124.436755) seconds


2022/06/30-14:08:00  ... thread 7: (1000000,6000000) ops and (47460.1,48221.5) ops/second in (21.070347,124.425725) seconds


2022/06/30-14:08:01  ... thread 6: (1000000,6000000) ops and (47767.7,47791.3) ops/second in (20.934666,125.545971) seconds


2022/06/30-14:08:02  ... thread 1: (1000000,6000000) ops and (47541.7,47146.2) ops/second in (21.034152,127.263779) seconds


2022/06/30-14:08:02  ... thread 4: (1000000,6000000) ops and (47076.9,47164.9) ops/second in (21.241857,127.213206) seconds


2022/06/30-14:08:03  ... thread 3: (1000000,6000000) ops and (46978.2,46944.0) ops/second in (21.286476,127.811992) seconds


2022/06/30-14:08:20  ... thread 5: (1000000,7000000) ops and (48489.6,48642.9) ops/second in (20.622990,143.905849) seconds


2022/06/30-14:08:20  ... thread 0: (1000000,7000000) ops and (48813.1,48504.5) ops/second in (20.486304,144.316487) seconds


2022/06/30-14:08:21  ... thread 2: (1000000,7000000) ops and (48488.6,48255.8) ops/second in (20.623399,145.060154) seconds


2022/06/30-14:08:21  ... thread 7: (1000000,7000000) ops and (48230.9,48222.9) ops/second in (20.733607,145.159332) seconds


2022/06/30-14:08:21  ... thread 6: (1000000,7000000) ops and (47989.1,47819.4) ops/second in (20.838082,146.384053) seconds


2022/06/30-14:08:23  ... thread 4: (1000000,7000000) ops and (47871.5,47264.6) ops/second in (20.889236,148.102442) seconds


2022/06/30-14:08:23  ... thread 1: (1000000,7000000) ops and (47074.6,47135.9) ops/second in (21.242880,148.506659) seconds


2022/06/30-14:08:24  ... thread 3: (1000000,7000000) ops and (47185.6,46978.3) ops/second in (21.192906,149.004898) seconds


2022/06/30-14:08:40  ... thread 5: (1000000,8000000) ops and (48615.9,48639.5) ops/second in (20.569415,164.475264) seconds


2022/06/30-14:08:40  ... thread 0: (1000000,8000000) ops and (48956.0,48560.5) ops/second in (20.426524,164.743011) seconds


2022/06/30-14:08:41  ... thread 2: (1000000,8000000) ops and (49113.6,48361.4) ops/second in (20.360943,165.421097) seconds


2022/06/30-14:08:41  ... thread 7: (1000000,8000000) ops and (48690.3,48280.8) ops/second in (20.537955,165.697287) seconds


2022/06/30-14:08:42  ... thread 6: (1000000,8000000) ops and (48111.5,47855.7) ops/second in (20.785044,167.169097) seconds


2022/06/30-14:08:44  ... thread 4: (1000000,8000000) ops and (48689.2,47438.1) ops/second in (20.538430,168.640872) seconds


2022/06/30-14:08:44  ... thread 1: (1000000,8000000) ops and (49032.9,47365.0) ops/second in (20.394473,168.901132) seconds


2022/06/30-14:08:45  ... thread 3: (1000000,8000000) ops and (49140.9,47238.2) ops/second in (20.349658,169.354556) seconds


ycsbc        :       2.650 micros/op 377363 ops/sec;   41.7 MB/s (8000000 of 8000000 found)
Microseconds per op:
Count: 64000000 Average: 20.8500  StdDev: 6.57
Min: 1  Median: 19.5066  Max: 3746
Percentiles: P50: 19.51 P75: 23.40 P99: 45.46 P99.9: 59.51 P99.99: 75.73
------------------------------------------------------
[       0,       1 ]      468   0.001%   0.001% 
(       1,       2 ]    14545   0.023%   0.023% 
(       2,       3 ]    50944   0.080%   0.103% 
(       3,       4 ]    63035   0.098%   0.202% 
(       4,       6 ]    71314   0.111%   0.313% 
(       6,      10 ]    39776   0.062%   0.375% 
(      10,      15 ]  6227898   9.731%  10.106% ##
(      15,      22 ] 39658671  61.967%  72.073% ############
(      22,      34 ] 16105035  25.164%  97.237% #####
(      34,      51 ]  1674071   2.616%  99.853% #
(      51,      76 ]    88806   0.139%  99.992% 
(      76,     110 ]     4085   0.006%  99.998% 
(     110,     170 ]      641   0.001%  99.999% 
(     170,     250 ]      262   0.000%  99.999% 
(     250,     380 ]       61   0.000%  99.999% 
(     380,     580 ]      159   0.000% 100.000% 
(     580,     870 ]       20   0.000% 100.000% 
(     870,    1300 ]       37   0.000% 100.000% 
(    1300,    1900 ]      103   0.000% 100.000% 
(    1900,    2900 ]       64   0.000% 100.000% 
(    2900,    4400 ]        5   0.000% 100.000% 

2022/06/30-14:09:23  ... thread 4: (1000000,1000000) ops and (28538.6,28538.6) ops/second in (35.040320,35.040320) seconds


2022/06/30-14:09:23  ... thread 0: (1000000,1000000) ops and (28150.4,28150.4) ops/second in (35.523476,35.523476) seconds


2022/06/30-14:09:23  ... thread 2: (1000000,1000000) ops and (28206.3,28206.3) ops/second in (35.453047,35.453047) seconds


2022/06/30-14:09:23  ... thread 1: (1000000,1000000) ops and (28333.0,28333.0) ops/second in (35.294591,35.294591) seconds


2022/06/30-14:09:24  ... thread 3: (1000000,1000000) ops and (28068.9,28068.9) ops/second in (35.626582,35.626582) seconds


2022/06/30-14:09:24  ... thread 7: (1000000,1000000) ops and (27637.4,27637.4) ops/second in (36.182899,36.182899) seconds


2022/06/30-14:09:25  ... thread 6: (1000000,1000000) ops and (27598.6,27598.6) ops/second in (36.233734,36.233734) seconds


2022/06/30-14:09:25  ... thread 5: (1000000,1000000) ops and (27373.1,27373.1) ops/second in (36.532184,36.532184) seconds


2022/06/30-14:09:57  ... thread 0: (1000000,2000000) ops and (29135.1,28634.3) ops/second in (34.322856,69.846332) seconds


2022/06/30-14:09:57  ... thread 4: (1000000,2000000) ops and (28927.0,28731.5) ops/second in (34.569780,69.610100) seconds


2022/06/30-14:09:58  ... thread 1: (1000000,2000000) ops and (29117.1,28719.7) ops/second in (34.344055,69.638646) seconds


2022/06/30-14:09:58  ... thread 2: (1000000,2000000) ops and (28928.9,28563.0) ops/second in (34.567502,70.020549) seconds


2022/06/30-14:09:59  ... thread 3: (1000000,2000000) ops and (28501.7,28283.7) ops/second in (35.085630,70.712212) seconds


2022/06/30-14:09:59  ... thread 7: (1000000,2000000) ops and (28566.5,28094.3) ops/second in (35.006018,71.188917) seconds


2022/06/30-14:10:00  ... thread 6: (1000000,2000000) ops and (28378.7,27983.2) ops/second in (35.237677,71.471411) seconds


2022/06/30-14:10:00  ... thread 5: (1000000,2000000) ops and (28069.6,27717.0) ops/second in (35.625718,72.157902) seconds


2022/06/30-14:10:32  ... thread 0: (1000000,3000000) ops and (29261.0,28840.2) ops/second in (34.175128,104.021460) seconds


2022/06/30-14:10:32  ... thread 4: (1000000,3000000) ops and (29034.8,28831.9) ops/second in (34.441375,104.051475) seconds


2022/06/30-14:10:32  ... thread 1: (1000000,3000000) ops and (28972.6,28803.5) ops/second in (34.515357,104.154003) seconds


2022/06/30-14:10:32  ... thread 2: (1000000,3000000) ops and (28842.3,28655.5) ops/second in (34.671324,104.691873) seconds


2022/06/30-14:10:34  ... thread 3: (1000000,3000000) ops and (28876.2,28478.4) ops/second in (34.630651,105.342863) seconds


2022/06/30-14:10:35  ... thread 6: (1000000,3000000) ops and (28753.9,28235.5) ops/second in (34.777837,106.249248) seconds


2022/06/30-14:10:35  ... thread 7: (1000000,3000000) ops and (28427.3,28204.4) ops/second in (35.177466,106.366383) seconds


2022/06/30-14:10:36  ... thread 5: (1000000,3000000) ops and (28240.7,27889.4) ops/second in (35.409877,107.567779) seconds


2022/06/30-14:11:06  ... thread 4: (1000000,4000000) ops and (29354.8,28960.8) ops/second in (34.066030,138.117505) seconds


2022/06/30-14:11:06  ... thread 0: (1000000,4000000) ops and (28687.6,28801.9) ops/second in (34.858228,138.879688) seconds


2022/06/30-14:11:07  ... thread 1: (1000000,4000000) ops and (29109.1,28879.3) ops/second in (34.353501,138.507504) seconds


2022/06/30-14:11:07  ... thread 2: (1000000,4000000) ops and (29015.9,28744.8) ops/second in (34.463818,139.155691) seconds


2022/06/30-14:11:09  ... thread 6: (1000000,4000000) ops and (28899.1,28398.5) ops/second in (34.603153,140.852401) seconds


2022/06/30-14:11:09  ... thread 3: (1000000,4000000) ops and (27976.9,28351.4) ops/second in (35.743739,141.086602) seconds


2022/06/30-14:11:11  ... thread 7: (1000000,4000000) ops and (27454.6,28013.1) ops/second in (36.423812,142.790195) seconds


2022/06/30-14:11:11  ... thread 5: (1000000,4000000) ops and (28214.3,27969.9) ops/second in (35.443034,143.010813) seconds


2022/06/30-14:11:40  ... thread 4: (1000000,5000000) ops and (29134.2,28995.4) ops/second in (34.323870,172.441375) seconds


2022/06/30-14:11:41  ... thread 0: (1000000,5000000) ops and (29013.6,28844.0) ops/second in (34.466596,173.346284) seconds


2022/06/30-14:11:41  ... thread 1: (1000000,5000000) ops and (28873.8,28878.2) ops/second in (34.633483,173.140987) seconds


2022/06/30-14:11:41  ... thread 2: (1000000,5000000) ops and (28945.2,28784.6) ops/second in (34.548028,173.703719) seconds


2022/06/30-14:11:44  ... thread 6: (1000000,5000000) ops and (28754.7,28469.0) ops/second in (34.776929,175.629330) seconds


2022/06/30-14:11:45  ... thread 3: (1000000,5000000) ops and (28046.7,28289.9) ops/second in (35.654784,176.741386) seconds


2022/06/30-14:11:46  ... thread 5: (1000000,5000000) ops and (28505.8,28075.5) ops/second in (35.080567,178.091380) seconds


2022/06/30-14:11:47  ... thread 7: (1000000,5000000) ops and (27905.4,27991.5) ops/second in (35.835403,178.625598) seconds


2022/06/30-14:12:15  ... thread 4: (1000000,6000000) ops and (29188.5,29027.4) ops/second in (34.260013,206.701388) seconds


2022/06/30-14:12:15  ... thread 1: (1000000,6000000) ops and (29249.8,28939.5) ops/second in (34.188211,207.329198) seconds


2022/06/30-14:12:16  ... thread 0: (1000000,6000000) ops and (28806.5,28837.7) ops/second in (34.714415,208.060699) seconds


2022/06/30-14:12:16  ... thread 2: (1000000,6000000) ops and (28831.5,28792.4) ops/second in (34.684245,208.387964) seconds


2022/06/30-14:12:18  ... thread 6: (1000000,6000000) ops and (29089.6,28570.6) ops/second in (34.376524,210.005854) seconds


2022/06/30-14:12:20  ... thread 3: (1000000,6000000) ops and (28424.4,28312.3) ops/second in (35.181002,211.922388) seconds


2022/06/30-14:12:22  ... thread 5: (1000000,6000000) ops and (28132.0,28084.9) ops/second in (35.546751,213.638131) seconds


2022/06/30-14:12:22  ... thread 7: (1000000,6000000) ops and (28124.8,28013.6) ops/second in (35.555762,214.181360) seconds


2022/06/30-14:12:49  ... thread 4: (1000000,7000000) ops and (28646.9,28972.4) ops/second in (34.907786,241.609174) seconds


2022/06/30-14:12:50  ... thread 1: (1000000,7000000) ops and (29265.2,28985.6) ops/second in (34.170298,241.499496) seconds


2022/06/30-14:12:50  ... thread 0: (1000000,7000000) ops and (28827.8,28836.3) ops/second in (34.688727,242.749426) seconds


2022/06/30-14:12:51  ... thread 2: (1000000,7000000) ops and (28261.5,28715.4) ops/second in (35.383799,243.771763) seconds


2022/06/30-14:12:53  ... thread 6: (1000000,7000000) ops and (28965.1,28626.3) ops/second in (34.524257,244.530111) seconds


2022/06/30-14:12:56  ... thread 3: (1000000,7000000) ops and (28306.6,28311.4) ops/second in (35.327471,247.249859) seconds


2022/06/30-14:12:56  ... thread 5: (1000000,7000000) ops and (29044.0,28218.0) ops/second in (34.430529,248.068660) seconds


2022/06/30-14:12:58  ... thread 7: (1000000,7000000) ops and (28524.9,28085.6) ops/second in (35.057108,249.238468) seconds


2022/06/30-14:13:24  ... thread 1: (1000000,8000000) ops and (29432.6,29040.7) ops/second in (33.975989,275.475485) seconds


2022/06/30-14:13:24  ... thread 4: (1000000,8000000) ops and (29220.8,29003.2) ops/second in (34.222241,275.831415) seconds


2022/06/30-14:13:25  ... thread 0: (1000000,8000000) ops and (28507.1,28794.8) ops/second in (35.078948,277.828374) seconds


2022/06/30-14:13:26  ... thread 2: (1000000,8000000) ops and (29228.1,28778.5) ops/second in (34.213621,277.985384) seconds


2022/06/30-14:13:26  ... thread 6: (1000000,8000000) ops and (29810.3,28769.2) ops/second in (33.545464,278.075575) seconds


2022/06/30-14:13:29  ... thread 5: (1000000,8000000) ops and (30594.8,28494.7) ops/second in (32.685312,280.753972) seconds


2022/06/30-14:13:29  ... thread 3: (1000000,8000000) ops and (29781.4,28487.2) ops/second in (33.577973,280.827832) seconds


2022/06/30-14:13:29  ... thread 7: (1000000,8000000) ops and (31550.7,28476.5) ops/second in (31.694995,280.933463) seconds


ycsbf        :       4.401 micros/op 227230 ops/sec;   25.1 MB/s (8000000 of 8000000 found)
Microseconds per op:
Count: 64000000 Average: 34.8080  StdDev: 51.13
Min: 1  Median: 29.9722  Max: 128635
Percentiles: P50: 29.97 P75: 42.55 P99: 93.90 P99.9: 142.50 P99.99: 921.59
------------------------------------------------------
[       0,       1 ]       60   0.000%   0.000% 
(       1,       2 ]     1574   0.002%   0.003% 
(       2,       3 ]     5531   0.009%   0.011% 
(       3,       4 ]     7812   0.012%   0.023% 
(       4,       6 ]    16196   0.025%   0.049% 
(       6,      10 ]    26592   0.042%   0.090% 
(      10,      15 ]  2037167   3.183%   3.273% #
(      15,      22 ] 14736221  23.025%  26.299% #####
(      22,      34 ] 22832566  35.676%  61.975% #######
(      34,      51 ] 16565592  25.884%  87.858% #####
(      51,      76 ]  6553077  10.239%  98.097% ##
(      76,     110 ]  1097304   1.715%  99.812% 
(     110,     170 ]   103956   0.162%  99.974% 
(     170,     250 ]     7624   0.012%  99.986% 
(     250,     380 ]      973   0.002%  99.988% 
(     380,     580 ]      763   0.001%  99.989% 
(     580,     870 ]      452   0.001%  99.990% 
(     870,    1300 ]     1167   0.002%  99.992% 
(    1300,    1900 ]      368   0.001%  99.992% 
(    1900,    2900 ]      166   0.000%  99.992% 
(    2900,    4400 ]      990   0.002%  99.994% 
(    4400,    6600 ]     1155   0.002%  99.996% 
(    6600,    9900 ]      722   0.001%  99.997% 
(    9900,   14000 ]       93   0.000%  99.997% 
(   14000,   22000 ]      753   0.001%  99.998% 
(   22000,   33000 ]      557   0.001%  99.999% 
(   33000,   50000 ]      319   0.000% 100.000% 
(   50000,   75000 ]      203   0.000% 100.000% 
(   75000,  110000 ]       45   0.000% 100.000% 
(  110000,  170000 ]        2   0.000% 100.000% 

2022/06/30-14:13:54  ... thread 4: (1000000,1000000) ops and (48057.9,48057.9) ops/second in (20.808219,20.808219) seconds


2022/06/30-14:13:55  ... thread 3: (1000000,1000000) ops and (47400.9,47400.9) ops/second in (21.096641,21.096641) seconds


2022/06/30-14:13:55  ... thread 7: (1000000,1000000) ops and (47779.1,47779.1) ops/second in (20.929652,20.929652) seconds


2022/06/30-14:13:55  ... thread 2: (1000000,1000000) ops and (47668.5,47668.5) ops/second in (20.978201,20.978201) seconds


2022/06/30-14:13:55  ... thread 0: (1000000,1000000) ops and (47188.6,47188.6) ops/second in (21.191574,21.191574) seconds


2022/06/30-14:13:56  ... thread 6: (1000000,1000000) ops and (45388.9,45388.9) ops/second in (22.031805,22.031805) seconds


2022/06/30-14:13:56  ... thread 5: (1000000,1000000) ops and (45352.6,45352.6) ops/second in (22.049439,22.049439) seconds


2022/06/30-14:13:56  ... thread 1: (1000000,1000000) ops and (45348.4,45348.4) ops/second in (22.051507,22.051507) seconds


2022/06/30-14:14:15  ... thread 7: (1000000,2000000) ops and (48165.6,47971.6) ops/second in (20.761691,41.691343) seconds


2022/06/30-14:14:15  ... thread 4: (1000000,2000000) ops and (47801.6,47929.4) ops/second in (20.919804,41.728023) seconds


2022/06/30-14:14:16  ... thread 2: (1000000,2000000) ops and (47621.6,47645.0) ops/second in (20.998884,41.977085) seconds


2022/06/30-14:14:16  ... thread 3: (1000000,2000000) ops and (47119.8,47259.9) ops/second in (21.222508,42.319149) seconds


2022/06/30-14:14:16  ... thread 0: (1000000,2000000) ops and (47093.9,47141.2) ops/second in (21.234178,42.425752) seconds


2022/06/30-14:14:17  ... thread 1: (1000000,2000000) ops and (46296.3,45817.5) ops/second in (21.599977,43.651484) seconds


2022/06/30-14:14:17  ... thread 6: (1000000,2000000) ops and (46194.5,45788.2) ops/second in (21.647592,43.679397) seconds


2022/06/30-14:14:18  ... thread 5: (1000000,2000000) ops and (45456.9,45404.7) ops/second in (21.998855,44.048294) seconds


2022/06/30-14:14:36  ... thread 4: (1000000,3000000) ops and (48133.8,47997.3) ops/second in (20.775443,62.503466) seconds


2022/06/30-14:14:36  ... thread 7: (1000000,3000000) ops and (47753.4,47898.7) ops/second in (20.940899,62.632242) seconds


2022/06/30-14:14:37  ... thread 2: (1000000,3000000) ops and (47793.7,47694.5) ops/second in (20.923280,62.900365) seconds


2022/06/30-14:14:37  ... thread 3: (1000000,3000000) ops and (47710.5,47409.2) ops/second in (20.959765,63.278914) seconds


2022/06/30-14:14:38  ... thread 0: (1000000,3000000) ops and (46504.8,46927.1) ops/second in (21.503171,63.928923) seconds


2022/06/30-14:14:39  ... thread 6: (1000000,3000000) ops and (46497.9,46022.3) ops/second in (21.506365,65.185762) seconds


2022/06/30-14:14:39  ... thread 1: (1000000,3000000) ops and (46307.9,45979.8) ops/second in (21.594582,65.246066) seconds


2022/06/30-14:14:40  ... thread 5: (1000000,3000000) ops and (46055.4,45619.6) ops/second in (21.712958,65.761252) seconds


2022/06/30-14:14:57  ... thread 4: (1000000,4000000) ops and (47580.3,47892.4) ops/second in (21.017087,83.520553) seconds


2022/06/30-14:14:57  ... thread 7: (1000000,4000000) ops and (47398.2,47772.6) ops/second in (21.097833,83.730075) seconds


2022/06/30-14:14:58  ... thread 2: (1000000,4000000) ops and (47711.8,47698.8) ops/second in (20.959159,83.859524) seconds


2022/06/30-14:14:58  ... thread 3: (1000000,4000000) ops and (47586.5,47453.4) ops/second in (21.014377,84.293291) seconds


2022/06/30-14:14:59  ... thread 0: (1000000,4000000) ops and (46148.0,46729.9) ops/second in (21.669417,85.598340) seconds


2022/06/30-14:15:01  ... thread 1: (1000000,4000000) ops and (46479.3,46103.7) ops/second in (21.514946,86.761012) seconds


2022/06/30-14:15:01  ... thread 6: (1000000,4000000) ops and (45849.0,45978.9) ops/second in (21.810742,86.996504) seconds


2022/06/30-14:15:01  ... thread 5: (1000000,4000000) ops and (45959.4,45704.1) ops/second in (21.758339,87.519591) seconds


2022/06/30-14:15:19  ... thread 4: (1000000,5000000) ops and (46697.7,47648.6) ops/second in (21.414330,104.934883) seconds


2022/06/30-14:15:19  ... thread 7: (1000000,5000000) ops and (47095.6,47635.6) ops/second in (21.233426,104.963501) seconds


2022/06/30-14:15:19  ... thread 2: (1000000,5000000) ops and (47436.1,47646.0) ops/second in (21.080972,104.940496) seconds


2022/06/30-14:15:19  ... thread 3: (1000000,5000000) ops and (47263.7,47415.3) ops/second in (21.157894,105.451185) seconds


2022/06/30-14:15:21  ... thread 0: (1000000,5000000) ops and (45779.2,46536.6) ops/second in (21.843988,107.442328) seconds


2022/06/30-14:15:22  ... thread 6: (1000000,5000000) ops and (46948.4,46169.6) ops/second in (21.299961,108.296465) seconds


2022/06/30-14:15:23  ... thread 1: (1000000,5000000) ops and (45437.8,45968.9) ops/second in (22.008121,108.769133) seconds


2022/06/30-14:15:23  ... thread 5: (1000000,5000000) ops and (46274.3,45817.0) ops/second in (21.610282,109.129873) seconds


2022/06/30-14:15:39  ... thread 4: (1000000,6000000) ops and (49346.8,47923.5) ops/second in (20.264756,125.199639) seconds


2022/06/30-14:15:39  ... thread 7: (1000000,6000000) ops and (48846.8,47833.3) ops/second in (20.472153,125.435654) seconds


2022/06/30-14:15:39  ... thread 3: (1000000,6000000) ops and (49109.0,47689.4) ops/second in (20.362872,125.814057) seconds


2022/06/30-14:15:39  ... thread 2: (1000000,6000000) ops and (48163.6,47731.5) ops/second in (20.762555,125.703051) seconds


2022/06/30-14:15:42  ... thread 0: (1000000,6000000) ops and (47828.3,46747.0) ops/second in (20.908108,128.350436) seconds


2022/06/30-14:15:43  ... thread 6: (1000000,6000000) ops and (47056.3,46315.0) ops/second in (21.251127,129.547592) seconds


2022/06/30-14:15:44  ... thread 1: (1000000,6000000) ops and (47652.0,46241.1) ops/second in (20.985463,129.754596) seconds


2022/06/30-14:15:44  ... thread 5: (1000000,6000000) ops and (46381.0,45910.0) ops/second in (21.560535,130.690408) seconds


2022/06/30-14:16:00  ... thread 7: (1000000,7000000) ops and (48320.3,47902.3) ops/second in (20.695247,146.130901) seconds


2022/06/30-14:16:00  ... thread 4: (1000000,7000000) ops and (47634.5,47882.0) ops/second in (20.993208,146.192847) seconds


2022/06/30-14:16:00  ... thread 3: (1000000,7000000) ops and (48307.7,47776.8) ops/second in (20.700634,146.514691) seconds


2022/06/30-14:16:00  ... thread 2: (1000000,7000000) ops and (48014.7,47771.8) ops/second in (20.826950,146.530001) seconds


2022/06/30-14:16:04  ... thread 0: (1000000,7000000) ops and (46237.3,46673.5) ops/second in (21.627549,149.977985) seconds


2022/06/30-14:16:05  ... thread 6: (1000000,7000000) ops and (45875.1,46251.7) ops/second in (21.798339,151.345931) seconds


2022/06/30-14:16:06  ... thread 1: (1000000,7000000) ops and (44909.7,46046.1) ops/second in (22.266886,152.021482) seconds


2022/06/30-14:16:07  ... thread 5: (1000000,7000000) ops and (44923.7,45766.5) ops/second in (22.259952,152.950360) seconds


2022/06/30-14:16:21  ... thread 7: (1000000,8000000) ops and (46673.8,47745.2) ops/second in (21.425303,167.556204) seconds


2022/06/30-14:16:21  ... thread 4: (1000000,8000000) ops and (46600.8,47718.0) ops/second in (21.458847,167.651694) seconds


2022/06/30-14:16:22  ... thread 3: (1000000,8000000) ops and (46360.2,47595.0) ops/second in (21.570235,168.084926) seconds


2022/06/30-14:16:22  ... thread 2: (1000000,8000000) ops and (46688.7,47633.7) ops/second in (21.418437,167.948438) seconds


2022/06/30-14:16:25  ... thread 0: (1000000,8000000) ops and (46989.9,46712.8) ops/second in (21.281148,171.259133) seconds


2022/06/30-14:16:26  ... thread 6: (1000000,8000000) ops and (47849.2,46445.5) ops/second in (20.898970,172.244901) seconds


2022/06/30-14:16:26  ... thread 1: (1000000,8000000) ops and (48657.3,46357.1) ops/second in (20.551920,172.573402) seconds


2022/06/30-14:16:27  ... thread 5: (1000000,8000000) ops and (49545.2,46207.0) ops/second in (20.183599,173.133959) seconds


ycsbd        :       2.710 micros/op 368959 ops/sec;   40.8 MB/s (7600000 of 8000000 found)
Microseconds per op:
Count: 64000000 Average: 21.2571  StdDev: 62.56
Min: 1  Median: 19.4802  Max: 130062
Percentiles: P50: 19.48 P75: 24.86 P99: 49.66 P99.9: 73.15 P99.99: 105.69
------------------------------------------------------
[       0,       1 ]     1099   0.002%   0.002% 
(       1,       2 ]    19346   0.030%   0.032% 
(       2,       3 ]    61925   0.097%   0.129% 
(       3,       4 ]    99852   0.156%   0.285% 
(       4,       6 ]   331762   0.518%   0.803% 
(       6,      10 ]  1770740   2.767%   3.570% #
(      10,      15 ]  8135188  12.711%  16.281% ###
(      15,      22 ] 33717067  52.683%  68.964% ###########
(      22,      34 ] 16224080  25.350%  94.314% #####
(      34,      51 ]  3254582   5.085%  99.399% #
(      51,      76 ]   361652   0.565%  99.965% 
(      76,     110 ]    18673   0.029%  99.994% 
(     110,     170 ]     1595   0.002%  99.996% 
(     170,     250 ]      452   0.001%  99.997% 
(     250,     380 ]      259   0.000%  99.997% 
(     380,     580 ]      450   0.001%  99.998% 
(     580,     870 ]      314   0.000%  99.998% 
(     870,    1300 ]      334   0.001%  99.999% 
(    1300,    1900 ]      107   0.000%  99.999% 
(    1900,    2900 ]       63   0.000%  99.999% 
(    2900,    4400 ]      125   0.000%  99.999% 
(    4400,    6600 ]       69   0.000% 100.000% 
(    6600,    9900 ]       83   0.000% 100.000% 
(    9900,   14000 ]        8   0.000% 100.000% 
(   14000,   22000 ]       74   0.000% 100.000% 
(   22000,   33000 ]       64   0.000% 100.000% 
(   33000,   50000 ]       18   0.000% 100.000% 
(   50000,   75000 ]       10   0.000% 100.000% 
(   75000,  110000 ]        8   0.000% 100.000% 
(  110000,  170000 ]        1   0.000% 100.000% 

2022/06/30-14:18:35  ... thread 7: (1000000,1000000) ops and (7985.7,7985.7) ops/second in (125.223690,125.223690) seconds


2022/06/30-14:18:35  ... thread 1: (1000000,1000000) ops and (7983.5,7983.5) ops/second in (125.259061,125.259061) seconds


2022/06/30-14:18:36  ... thread 5: (1000000,1000000) ops and (7935.1,7935.1) ops/second in (126.021849,126.021849) seconds


2022/06/30-14:18:37  ... thread 2: (1000000,1000000) ops and (7860.6,7860.6) ops/second in (127.216220,127.216220) seconds


2022/06/30-14:18:38  ... thread 4: (1000000,1000000) ops and (7817.6,7817.6) ops/second in (127.916450,127.916450) seconds


2022/06/30-14:18:39  ... thread 0: (1000000,1000000) ops and (7780.3,7780.3) ops/second in (128.530209,128.530209) seconds


2022/06/30-14:18:41  ... thread 6: (1000000,1000000) ops and (7687.0,7687.0) ops/second in (130.090107,130.090107) seconds


2022/06/30-14:18:41  ... thread 3: (1000000,1000000) ops and (7634.8,7634.8) ops/second in (130.980025,130.980025) seconds


2022/06/30-14:19:52  ... thread 5: (1000000,2000000) ops and (13109.0,9886.0) ops/second in (76.283486,202.305335) seconds


2022/06/30-14:19:52  ... thread 7: (1000000,2000000) ops and (12952.0,9879.9) ops/second in (77.208416,202.432106) seconds


2022/06/30-14:19:53  ... thread 1: (1000000,2000000) ops and (12939.3,9874.4) ops/second in (77.283868,202.542929) seconds


2022/06/30-14:19:54  ... thread 2: (1000000,2000000) ops and (12988.5,9794.0) ops/second in (76.991022,204.207242) seconds


2022/06/30-14:19:54  ... thread 4: (1000000,2000000) ops and (13175.2,9812.8) ops/second in (75.899973,203.816423) seconds


2022/06/30-14:19:56  ... thread 0: (1000000,2000000) ops and (13037.1,9744.9) ops/second in (76.704354,205.234563) seconds


2022/06/30-14:19:56  ... thread 6: (1000000,2000000) ops and (13295.6,9741.7) ops/second in (75.213116,205.303223) seconds


2022/06/30-14:19:56  ... thread 3: (1000000,2000000) ops and (13330.3,9708.9) ops/second in (75.017260,205.997285) seconds


ycsbe        :      12.903 micros/op 77504 ops/sec;  814.9 MB/s (1899779 of 2000000 found)
Microseconds per op:
Count: 16000000 Average: 101.9899  StdDev: 222.09
Min: 2  Median: 96.7781  Max: 822719
Percentiles: P50: 96.78 P75: 135.48 P99: 239.55 P99.9: 314.74 P99.99: 1313.07
------------------------------------------------------
(       1,       2 ]      110   0.001%   0.001% 
(       2,       3 ]     1240   0.008%   0.008% 
(       3,       4 ]     6542   0.041%   0.049% 
(       4,       6 ]    72315   0.452%   0.501% 
(       6,      10 ]   336276   2.102%   2.603% 
(      10,      15 ]   171743   1.073%   3.676% 
(      15,      22 ]   118971   0.744%   4.420% 
(      22,      34 ]   159964   1.000%   5.420% 
(      34,      51 ]  1012146   6.326%  11.746% #
(      51,      76 ]  3253802  20.336%  32.082% ####
(      76,     110 ]  4691205  29.320%  61.402% ######
(     110,     170 ]  5123676  32.023%  93.425% ######
(     170,     250 ]  1026062   6.413%  99.838% #
(     250,     380 ]    19977   0.125%  99.963% 
(     380,     580 ]     2411   0.015%  99.978% 
(     580,     870 ]     1154   0.007%  99.985% 
(     870,    1300 ]      794   0.005%  99.990% 
(    1300,    1900 ]      551   0.003%  99.993% 
(    1900,    2900 ]      398   0.002%  99.996% 
(    2900,    4400 ]      148   0.001%  99.997% 
(    4400,    6600 ]      143   0.001%  99.998% 
(    6600,    9900 ]      159   0.001%  99.999% 
(    9900,   14000 ]       47   0.000%  99.999% 
(   14000,   22000 ]       40   0.000%  99.999% 
(   22000,   33000 ]       20   0.000%  99.999% 
(   33000,   50000 ]       25   0.000%  99.999% 
(   50000,   75000 ]        1   0.000% 100.000% 
(   75000,  110000 ]        3   0.000% 100.000% 
(  110000,  170000 ]       20   0.000% 100.000% 
(  170000,  250000 ]       33   0.000% 100.000% 
(  250000,  380000 ]       16   0.000% 100.000% 
(  570000,  860000 ]        8   0.000% 100.000% 


                               Compactions
Level  Files Size(MB) Time(sec) Read(MB) Write(MB)
--------------------------------------------------
  0        0        0        73        0      8116
  1        0        0        70     8116      8066
  2        0        0        69     8186      8093
  3        0        0        71     8491      8279
  4        0        0        76     9148      8606
  5      745       47        93    12149     10219
  6     9604    17099       153    22162     17328
WriteAmplification: 8.4661

-------------------------- Timer information ----------------------

-------------------------------------------------------------------
-------------------------- Individual static timer information 0 --------------------

-------------------------------------------------------------------
-------------------------- Individual static timer information 1 --------------------

-------------------------------------------------------------------
-------------------------- Individual static timer information 2 --------------------

-------------------------------------------------------------------
-------------------------- Individual static timer information 3 --------------------

-------------------------------------------------------------------
-------------------------- Cumulative static timer information --------------------

-------------------------------------------------------------------
