Determining if the pthread_create exist failed with the following output:
Change Dir: /mnt/shunzi/lsm/WipDB/kv/release/CMakeFiles/CMakeTmp

Run Build Command:"/usr/bin/make" "cmTC_ca088/fast"
/usr/bin/make -f CMakeFiles/cmTC_ca088.dir/build.make CMakeFiles/cmTC_ca088.dir/build
make[1]: Entering directory '/mnt/shunzi/lsm/WipDB/kv/release/CMakeFiles/CMakeTmp'
Building C object CMakeFiles/cmTC_ca088.dir/CheckSymbolExists.c.o
/usr/bin/cc    -o CMakeFiles/cmTC_ca088.dir/CheckSymbolExists.c.o   -c /mnt/shunzi/lsm/WipDB/kv/release/CMakeFiles/CMakeTmp/CheckSymbolExists.c
Linking C executable cmTC_ca088
/opt/cmake-3.13.0/bin/cmake -E cmake_link_script CMakeFiles/cmTC_ca088.dir/link.txt --verbose=1
/usr/bin/cc      CMakeFiles/cmTC_ca088.dir/CheckSymbolExists.c.o  -o cmTC_ca088 
CMakeFiles/cmTC_ca088.dir/CheckSymbolExists.c.o: In function `main':
CheckSymbolExists.c:(.text+0x16): undefined reference to `pthread_create'
collect2: error: ld returned 1 exit status
CMakeFiles/cmTC_ca088.dir/build.make:86: recipe for target 'cmTC_ca088' failed
make[1]: *** [cmTC_ca088] Error 1
make[1]: Leaving directory '/mnt/shunzi/lsm/WipDB/kv/release/CMakeFiles/CMakeTmp'
Makefile:121: recipe for target 'cmTC_ca088/fast' failed
make: *** [cmTC_ca088/fast] Error 2

File /mnt/shunzi/lsm/WipDB/kv/release/CMakeFiles/CMakeTmp/CheckSymbolExists.c:
/* */
#include <pthread.h>

int main(int argc, char** argv)
{
  (void)argv;
#ifndef pthread_create
  return ((int*)(&pthread_create))[argc];
#else
  (void)argc;
  return 0;
#endif
}

Determining if the function pthread_create exists in the pthreads failed with the following output:
Change Dir: /mnt/shunzi/lsm/WipDB/kv/release/CMakeFiles/CMakeTmp

Run Build Command:"/usr/bin/make" "cmTC_ffc0c/fast"
/usr/bin/make -f CMakeFiles/cmTC_ffc0c.dir/build.make CMakeFiles/cmTC_ffc0c.dir/build
make[1]: Entering directory '/mnt/shunzi/lsm/WipDB/kv/release/CMakeFiles/CMakeTmp'
Building C object CMakeFiles/cmTC_ffc0c.dir/CheckFunctionExists.c.o
/usr/bin/cc   -DCHECK_FUNCTION_EXISTS=pthread_create   -o CMakeFiles/cmTC_ffc0c.dir/CheckFunctionExists.c.o   -c /opt/cmake-3.13.0/share/cmake-3.13/Modules/CheckFunctionExists.c
Linking C executable cmTC_ffc0c
/opt/cmake-3.13.0/bin/cmake -E cmake_link_script CMakeFiles/cmTC_ffc0c.dir/link.txt --verbose=1
/usr/bin/cc  -DCHECK_FUNCTION_EXISTS=pthread_create    CMakeFiles/cmTC_ffc0c.dir/CheckFunctionExists.c.o  -o cmTC_ffc0c -lpthreads 
/usr/bin/ld: cannot find -lpthreads
collect2: error: ld returned 1 exit status
CMakeFiles/cmTC_ffc0c.dir/build.make:86: recipe for target 'cmTC_ffc0c' failed
make[1]: *** [cmTC_ffc0c] Error 1
make[1]: Leaving directory '/mnt/shunzi/lsm/WipDB/kv/release/CMakeFiles/CMakeTmp'
Makefile:121: recipe for target 'cmTC_ffc0c/fast' failed
make: *** [cmTC_ffc0c/fast] Error 2


