Determining if the function crc32c_value exists in the crc32c failed with the following output:
Change Dir: /mnt/shunzi/lsm/WipDB/leveldb/release/CMakeFiles/CMakeTmp

Run Build Command:"/usr/bin/make" "cmTC_3fb20/fast"
/usr/bin/make -f CMakeFiles/cmTC_3fb20.dir/build.make CMakeFiles/cmTC_3fb20.dir/build
make[1]: Entering directory '/mnt/shunzi/lsm/WipDB/leveldb/release/CMakeFiles/CMakeTmp'
Building C object CMakeFiles/cmTC_3fb20.dir/CheckFunctionExists.c.o
/usr/bin/cc   -DCHECK_FUNCTION_EXISTS=crc32c_value   -std=c11 -o CMakeFiles/cmTC_3fb20.dir/CheckFunctionExists.c.o   -c /opt/cmake-3.13.0/share/cmake-3.13/Modules/CheckFunctionExists.c
Linking C executable cmTC_3fb20
/opt/cmake-3.13.0/bin/cmake -E cmake_link_script CMakeFiles/cmTC_3fb20.dir/link.txt --verbose=1
/usr/bin/cc  -DCHECK_FUNCTION_EXISTS=crc32c_value    CMakeFiles/cmTC_3fb20.dir/CheckFunctionExists.c.o  -o cmTC_3fb20 -lcrc32c 
/usr/bin/ld: cannot find -lcrc32c
collect2: error: ld returned 1 exit status
CMakeFiles/cmTC_3fb20.dir/build.make:86: recipe for target 'cmTC_3fb20' failed
make[1]: *** [cmTC_3fb20] Error 1
make[1]: Leaving directory '/mnt/shunzi/lsm/WipDB/leveldb/release/CMakeFiles/CMakeTmp'
Makefile:121: recipe for target 'cmTC_3fb20/fast' failed
make: *** [cmTC_3fb20/fast] Error 2


Determining if the function malloc exists in the tcmalloc failed with the following output:
Change Dir: /mnt/shunzi/lsm/WipDB/leveldb/release/CMakeFiles/CMakeTmp

Run Build Command:"/usr/bin/make" "cmTC_97669/fast"
/usr/bin/make -f CMakeFiles/cmTC_97669.dir/build.make CMakeFiles/cmTC_97669.dir/build
make[1]: Entering directory '/mnt/shunzi/lsm/WipDB/leveldb/release/CMakeFiles/CMakeTmp'
Building C object CMakeFiles/cmTC_97669.dir/CheckFunctionExists.c.o
/usr/bin/cc   -DCHECK_FUNCTION_EXISTS=malloc   -std=c11 -o CMakeFiles/cmTC_97669.dir/CheckFunctionExists.c.o   -c /opt/cmake-3.13.0/share/cmake-3.13/Modules/CheckFunctionExists.c
<command-line>:0:23: warning: conflicting types for built-in function ‘malloc’ [-Wbuiltin-declaration-mismatch]
/opt/cmake-3.13.0/share/cmake-3.13/Modules/CheckFunctionExists.c:7:3: note: in expansion of macro ‘CHECK_FUNCTION_EXISTS’
   CHECK_FUNCTION_EXISTS(void);
   ^~~~~~~~~~~~~~~~~~~~~
Linking C executable cmTC_97669
/opt/cmake-3.13.0/bin/cmake -E cmake_link_script CMakeFiles/cmTC_97669.dir/link.txt --verbose=1
/usr/bin/cc  -DCHECK_FUNCTION_EXISTS=malloc    CMakeFiles/cmTC_97669.dir/CheckFunctionExists.c.o  -o cmTC_97669 -ltcmalloc 
/usr/bin/ld: cannot find -ltcmalloc
collect2: error: ld returned 1 exit status
CMakeFiles/cmTC_97669.dir/build.make:86: recipe for target 'cmTC_97669' failed
make[1]: *** [cmTC_97669] Error 1
make[1]: Leaving directory '/mnt/shunzi/lsm/WipDB/leveldb/release/CMakeFiles/CMakeTmp'
Makefile:121: recipe for target 'cmTC_97669/fast' failed
make: *** [cmTC_97669/fast] Error 2


Determining if the F_FULLFSYNC exist failed with the following output:
Change Dir: /mnt/shunzi/lsm/WipDB/leveldb/release/CMakeFiles/CMakeTmp

Run Build Command:"/usr/bin/make" "cmTC_380e0/fast"
/usr/bin/make -f CMakeFiles/cmTC_380e0.dir/build.make CMakeFiles/cmTC_380e0.dir/build
make[1]: Entering directory '/mnt/shunzi/lsm/WipDB/leveldb/release/CMakeFiles/CMakeTmp'
Building CXX object CMakeFiles/cmTC_380e0.dir/CheckSymbolExists.cxx.o
/usr/bin/c++    -std=c++11 -o CMakeFiles/cmTC_380e0.dir/CheckSymbolExists.cxx.o -c /mnt/shunzi/lsm/WipDB/leveldb/release/CMakeFiles/CMakeTmp/CheckSymbolExists.cxx
/mnt/shunzi/lsm/WipDB/leveldb/release/CMakeFiles/CMakeTmp/CheckSymbolExists.cxx: In function ‘int main(int, char**)’:
/mnt/shunzi/lsm/WipDB/leveldb/release/CMakeFiles/CMakeTmp/CheckSymbolExists.cxx:8:19: error: ‘F_FULLFSYNC’ was not declared in this scope
   return ((int*)(&F_FULLFSYNC))[argc];
                   ^~~~~~~~~~~
/mnt/shunzi/lsm/WipDB/leveldb/release/CMakeFiles/CMakeTmp/CheckSymbolExists.cxx:8:19: note: suggested alternative: ‘O_FSYNC’
   return ((int*)(&F_FULLFSYNC))[argc];
                   ^~~~~~~~~~~
                   O_FSYNC
CMakeFiles/cmTC_380e0.dir/build.make:65: recipe for target 'CMakeFiles/cmTC_380e0.dir/CheckSymbolExists.cxx.o' failed
make[1]: *** [CMakeFiles/cmTC_380e0.dir/CheckSymbolExists.cxx.o] Error 1
make[1]: Leaving directory '/mnt/shunzi/lsm/WipDB/leveldb/release/CMakeFiles/CMakeTmp'
Makefile:121: recipe for target 'cmTC_380e0/fast' failed
make: *** [cmTC_380e0/fast] Error 2

File /mnt/shunzi/lsm/WipDB/leveldb/release/CMakeFiles/CMakeTmp/CheckSymbolExists.cxx:
/* */
#include <fcntl.h>

int main(int argc, char** argv)
{
  (void)argv;
#ifndef F_FULLFSYNC
  return ((int*)(&F_FULLFSYNC))[argc];
#else
  (void)argc;
  return 0;
#endif
}

Performing C++ SOURCE FILE Test HAVE_CLANG_THREAD_SAFETY failed with the following output:
Change Dir: /mnt/shunzi/lsm/WipDB/leveldb/release/CMakeFiles/CMakeTmp

Run Build Command:"/usr/bin/make" "cmTC_69ba9/fast"
/usr/bin/make -f CMakeFiles/cmTC_69ba9.dir/build.make CMakeFiles/cmTC_69ba9.dir/build
make[1]: Entering directory '/mnt/shunzi/lsm/WipDB/leveldb/release/CMakeFiles/CMakeTmp'
Building CXX object CMakeFiles/cmTC_69ba9.dir/src.cxx.o
/usr/bin/c++    -DHAVE_CLANG_THREAD_SAFETY -Werror   -std=c++11 -o CMakeFiles/cmTC_69ba9.dir/src.cxx.o -c /mnt/shunzi/lsm/WipDB/leveldb/release/CMakeFiles/CMakeTmp/src.cxx
/mnt/shunzi/lsm/WipDB/leveldb/release/CMakeFiles/CMakeTmp/src.cxx:2:34: error: ‘lockable’ attribute directive ignored [-Werror=attributes]
 struct __attribute__((lockable)) Lock {
                                  ^~~~
/mnt/shunzi/lsm/WipDB/leveldb/release/CMakeFiles/CMakeTmp/src.cxx:3:59: error: ‘exclusive_lock_function’ attribute directive ignored [-Werror=attributes]
   void Acquire() __attribute__((exclusive_lock_function()));
                                                           ^
/mnt/shunzi/lsm/WipDB/leveldb/release/CMakeFiles/CMakeTmp/src.cxx:4:51: error: ‘unlock_function’ attribute directive ignored [-Werror=attributes]
   void Release() __attribute__((unlock_function()));
                                                   ^
/mnt/shunzi/lsm/WipDB/leveldb/release/CMakeFiles/CMakeTmp/src.cxx:8:46: error: ‘guarded_by’ attribute directive ignored [-Werror=attributes]
   int data_ __attribute__((guarded_by(lock_)));
                                              ^
cc1plus: all warnings being treated as errors
CMakeFiles/cmTC_69ba9.dir/build.make:65: recipe for target 'CMakeFiles/cmTC_69ba9.dir/src.cxx.o' failed
make[1]: *** [CMakeFiles/cmTC_69ba9.dir/src.cxx.o] Error 1
make[1]: Leaving directory '/mnt/shunzi/lsm/WipDB/leveldb/release/CMakeFiles/CMakeTmp'
Makefile:121: recipe for target 'cmTC_69ba9/fast' failed
make: *** [cmTC_69ba9/fast] Error 2

Source file was:

struct __attribute__((lockable)) Lock {
  void Acquire() __attribute__((exclusive_lock_function()));
  void Release() __attribute__((unlock_function()));
};
struct ThreadSafeType {
  Lock lock_;
  int data_ __attribute__((guarded_by(lock_)));
};
int main() { return 0; }

Determining if the pthread_create exist failed with the following output:
Change Dir: /mnt/shunzi/lsm/WipDB/leveldb/release/CMakeFiles/CMakeTmp

Run Build Command:"/usr/bin/make" "cmTC_aaab4/fast"
/usr/bin/make -f CMakeFiles/cmTC_aaab4.dir/build.make CMakeFiles/cmTC_aaab4.dir/build
make[1]: Entering directory '/mnt/shunzi/lsm/WipDB/leveldb/release/CMakeFiles/CMakeTmp'
Building C object CMakeFiles/cmTC_aaab4.dir/CheckSymbolExists.c.o
/usr/bin/cc   -std=c11 -o CMakeFiles/cmTC_aaab4.dir/CheckSymbolExists.c.o   -c /mnt/shunzi/lsm/WipDB/leveldb/release/CMakeFiles/CMakeTmp/CheckSymbolExists.c
Linking C executable cmTC_aaab4
/opt/cmake-3.13.0/bin/cmake -E cmake_link_script CMakeFiles/cmTC_aaab4.dir/link.txt --verbose=1
/usr/bin/cc      CMakeFiles/cmTC_aaab4.dir/CheckSymbolExists.c.o  -o cmTC_aaab4 
CMakeFiles/cmTC_aaab4.dir/CheckSymbolExists.c.o: In function `main':
CheckSymbolExists.c:(.text+0x16): undefined reference to `pthread_create'
collect2: error: ld returned 1 exit status
CMakeFiles/cmTC_aaab4.dir/build.make:86: recipe for target 'cmTC_aaab4' failed
make[1]: *** [cmTC_aaab4] Error 1
make[1]: Leaving directory '/mnt/shunzi/lsm/WipDB/leveldb/release/CMakeFiles/CMakeTmp'
Makefile:121: recipe for target 'cmTC_aaab4/fast' failed
make: *** [cmTC_aaab4/fast] Error 2

File /mnt/shunzi/lsm/WipDB/leveldb/release/CMakeFiles/CMakeTmp/CheckSymbolExists.c:
/* */
#include <pthread.h>

int main(int argc, char** argv)
{
  (void)argv;
#ifndef pthread_create
  return ((int*)(&pthread_create))[argc];
#else
  (void)argc;
  return 0;
#endif
}

Determining if the function pthread_create exists in the pthreads failed with the following output:
Change Dir: /mnt/shunzi/lsm/WipDB/leveldb/release/CMakeFiles/CMakeTmp

Run Build Command:"/usr/bin/make" "cmTC_3d891/fast"
/usr/bin/make -f CMakeFiles/cmTC_3d891.dir/build.make CMakeFiles/cmTC_3d891.dir/build
make[1]: Entering directory '/mnt/shunzi/lsm/WipDB/leveldb/release/CMakeFiles/CMakeTmp'
Building C object CMakeFiles/cmTC_3d891.dir/CheckFunctionExists.c.o
/usr/bin/cc   -DCHECK_FUNCTION_EXISTS=pthread_create   -std=c11 -o CMakeFiles/cmTC_3d891.dir/CheckFunctionExists.c.o   -c /opt/cmake-3.13.0/share/cmake-3.13/Modules/CheckFunctionExists.c
Linking C executable cmTC_3d891
/opt/cmake-3.13.0/bin/cmake -E cmake_link_script CMakeFiles/cmTC_3d891.dir/link.txt --verbose=1
/usr/bin/cc  -DCHECK_FUNCTION_EXISTS=pthread_create    CMakeFiles/cmTC_3d891.dir/CheckFunctionExists.c.o  -o cmTC_3d891 -lpthreads 
/usr/bin/ld: cannot find -lpthreads
collect2: error: ld returned 1 exit status
CMakeFiles/cmTC_3d891.dir/build.make:86: recipe for target 'cmTC_3d891' failed
make[1]: *** [cmTC_3d891] Error 1
make[1]: Leaving directory '/mnt/shunzi/lsm/WipDB/leveldb/release/CMakeFiles/CMakeTmp'
Makefile:121: recipe for target 'cmTC_3d891/fast' failed
make: *** [cmTC_3d891/fast] Error 2


Performing C++ SOURCE FILE Test HAVE_KYOTOCABINET failed with the following output:
Change Dir: /mnt/shunzi/lsm/WipDB/leveldb/release/CMakeFiles/CMakeTmp

Run Build Command:"/usr/bin/make" "cmTC_40775/fast"
/usr/bin/make -f CMakeFiles/cmTC_40775.dir/build.make CMakeFiles/cmTC_40775.dir/build
make[1]: Entering directory '/mnt/shunzi/lsm/WipDB/leveldb/release/CMakeFiles/CMakeTmp'
Building CXX object CMakeFiles/cmTC_40775.dir/src.cxx.o
/usr/bin/c++    -DHAVE_KYOTOCABINET   -std=c++11 -o CMakeFiles/cmTC_40775.dir/src.cxx.o -c /mnt/shunzi/lsm/WipDB/leveldb/release/CMakeFiles/CMakeTmp/src.cxx
/mnt/shunzi/lsm/WipDB/leveldb/release/CMakeFiles/CMakeTmp/src.cxx:2:10: fatal error: kcpolydb.h: No such file or directory
 #include <kcpolydb.h>
          ^~~~~~~~~~~~
compilation terminated.
CMakeFiles/cmTC_40775.dir/build.make:65: recipe for target 'CMakeFiles/cmTC_40775.dir/src.cxx.o' failed
make[1]: *** [CMakeFiles/cmTC_40775.dir/src.cxx.o] Error 1
make[1]: Leaving directory '/mnt/shunzi/lsm/WipDB/leveldb/release/CMakeFiles/CMakeTmp'
Makefile:121: recipe for target 'cmTC_40775/fast' failed
make: *** [cmTC_40775/fast] Error 2

Source file was:

#include <kcpolydb.h>

int main() {
  kyotocabinet::TreeDB* db = new kyotocabinet::TreeDB();
  delete db;
  return 0;
}
  
