The system is: Linux - 4.15.0 - x86_64
Compiling the C compiler identification source file "CMakeCCompilerId.c" succeeded.
Compiler: /usr/bin/cc 
Build flags: 
Id flags:  

The output was:
0


Compilation of the C compiler identification source "CMakeCCompilerId.c" produced "a.out"

The C compiler identification is GNU, found in "/mnt/shunzi/lsm/WipDB/leveldb/release/CMakeFiles/3.13.0/CompilerIdC/a.out"

Compiling the CXX compiler identification source file "CMakeCXXCompilerId.cpp" succeeded.
Compiler: /usr/bin/c++ 
Build flags: 
Id flags:  

The output was:
0


Compilation of the CXX compiler identification source "CMakeCXXCompilerId.cpp" produced "a.out"

The CXX compiler identification is GNU, found in "/mnt/shunzi/lsm/WipDB/leveldb/release/CMakeFiles/3.13.0/CompilerIdCXX/a.out"

Determining if the C compiler works passed with the following output:
Change Dir: /mnt/shunzi/lsm/WipDB/leveldb/release/CMakeFiles/CMakeTmp

Run Build Command:"/usr/bin/make" "cmTC_1d98c/fast"
/usr/bin/make -f CMakeFiles/cmTC_1d98c.dir/build.make CMakeFiles/cmTC_1d98c.dir/build
make[1]: Entering directory '/mnt/shunzi/lsm/WipDB/leveldb/release/CMakeFiles/CMakeTmp'
Building C object CMakeFiles/cmTC_1d98c.dir/testCCompiler.c.o
/usr/bin/cc    -o CMakeFiles/cmTC_1d98c.dir/testCCompiler.c.o   -c /mnt/shunzi/lsm/WipDB/leveldb/release/CMakeFiles/CMakeTmp/testCCompiler.c
Linking C executable cmTC_1d98c
/opt/cmake-3.13.0/bin/cmake -E cmake_link_script CMakeFiles/cmTC_1d98c.dir/link.txt --verbose=1
/usr/bin/cc      CMakeFiles/cmTC_1d98c.dir/testCCompiler.c.o  -o cmTC_1d98c 
make[1]: Leaving directory '/mnt/shunzi/lsm/WipDB/leveldb/release/CMakeFiles/CMakeTmp'


Detecting C compiler ABI info compiled with the following output:
Change Dir: /mnt/shunzi/lsm/WipDB/leveldb/release/CMakeFiles/CMakeTmp

Run Build Command:"/usr/bin/make" "cmTC_632a7/fast"
/usr/bin/make -f CMakeFiles/cmTC_632a7.dir/build.make CMakeFiles/cmTC_632a7.dir/build
make[1]: Entering directory '/mnt/shunzi/lsm/WipDB/leveldb/release/CMakeFiles/CMakeTmp'
Building C object CMakeFiles/cmTC_632a7.dir/CMakeCCompilerABI.c.o
/usr/bin/cc    -o CMakeFiles/cmTC_632a7.dir/CMakeCCompilerABI.c.o   -c /opt/cmake-3.13.0/share/cmake-3.13/Modules/CMakeCCompilerABI.c
Linking C executable cmTC_632a7
/opt/cmake-3.13.0/bin/cmake -E cmake_link_script CMakeFiles/cmTC_632a7.dir/link.txt --verbose=1
/usr/bin/cc     -v CMakeFiles/cmTC_632a7.dir/CMakeCCompilerABI.c.o  -o cmTC_632a7 
Using built-in specs.
COLLECT_GCC=/usr/bin/cc
COLLECT_LTO_WRAPPER=/usr/lib/gcc/x86_64-linux-gnu/7/lto-wrapper
OFFLOAD_TARGET_NAMES=nvptx-none
OFFLOAD_TARGET_DEFAULT=1
Target: x86_64-linux-gnu
Configured with: ../src/configure -v --with-pkgversion='Ubuntu 7.5.0-3ubuntu1~16.04' --with-bugurl=file:///usr/share/doc/gcc-7/README.Bugs --enable-languages=c,ada,c++,go,brig,d,fortran,objc,obj-c++ --prefix=/usr --with-gcc-major-version-only --program-suffix=-7 --program-prefix=x86_64-linux-gnu- --enable-shared --enable-linker-build-id --libexecdir=/usr/lib --without-included-gettext --enable-threads=posix --libdir=/usr/lib --enable-nls --enable-bootstrap --enable-clocale=gnu --enable-libstdcxx-debug --enable-libstdcxx-time=yes --with-default-libstdcxx-abi=new --enable-gnu-unique-object --disable-vtable-verify --enable-libmpx --enable-plugin --with-system-zlib --with-target-system-zlib --enable-objc-gc=auto --enable-multiarch --disable-werror --with-arch-32=i686 --with-abi=m64 --with-multilib-list=m32,m64,mx32 --enable-multilib --with-tune=generic --enable-offload-targets=nvptx-none --without-cuda-driver --enable-checking=release --build=x86_64-linux-gnu --host=x86_64-linux-gnu --target=x86_64-linux-gnu
Thread model: posix
gcc version 7.5.0 (Ubuntu 7.5.0-3ubuntu1~16.04) 
COMPILER_PATH=/usr/lib/gcc/x86_64-linux-gnu/7/:/usr/lib/gcc/x86_64-linux-gnu/7/:/usr/lib/gcc/x86_64-linux-gnu/:/usr/lib/gcc/x86_64-linux-gnu/7/:/usr/lib/gcc/x86_64-linux-gnu/
LIBRARY_PATH=/opt/intel/oneapi/compiler/2022.0.2/linux/lib/../lib/:/usr/lib/gcc/x86_64-linux-gnu/7/:/usr/lib/gcc/x86_64-linux-gnu/7/../../../x86_64-linux-gnu/:/usr/lib/gcc/x86_64-linux-gnu/7/../../../../lib/:/lib/x86_64-linux-gnu/:/lib/../lib/:/usr/lib/x86_64-linux-gnu/:/usr/lib/../lib/:/opt/intel/oneapi/tbb/2021.5.1/env/../lib/intel64/gcc4.8/:/opt/intel/oneapi/mkl/2022.0.2/lib/intel64/:/opt/intel/oneapi/compiler/2022.0.2/linux/compiler/lib/intel64_lin/:/opt/intel/oneapi/compiler/2022.0.2/linux/lib/:/usr/lib/gcc/x86_64-linux-gnu/7/../../../:/lib/:/usr/lib/
COLLECT_GCC_OPTIONS='-v' '-o' 'cmTC_632a7' '-mtune=generic' '-march=x86-64'
 /usr/lib/gcc/x86_64-linux-gnu/7/collect2 -plugin /usr/lib/gcc/x86_64-linux-gnu/7/liblto_plugin.so -plugin-opt=/usr/lib/gcc/x86_64-linux-gnu/7/lto-wrapper -plugin-opt=-fresolution=/tmp/ccmkn3YI.res -plugin-opt=-pass-through=-lgcc -plugin-opt=-pass-through=-lgcc_s -plugin-opt=-pass-through=-lc -plugin-opt=-pass-through=-lgcc -plugin-opt=-pass-through=-lgcc_s --build-id --eh-frame-hdr -m elf_x86_64 --hash-style=gnu --as-needed -dynamic-linker /lib64/ld-linux-x86-64.so.2 -z relro -o cmTC_632a7 /usr/lib/gcc/x86_64-linux-gnu/7/../../../x86_64-linux-gnu/crt1.o /usr/lib/gcc/x86_64-linux-gnu/7/../../../x86_64-linux-gnu/crti.o /usr/lib/gcc/x86_64-linux-gnu/7/crtbegin.o -L/opt/intel/oneapi/compiler/2022.0.2/linux/lib/../lib -L/usr/lib/gcc/x86_64-linux-gnu/7 -L/usr/lib/gcc/x86_64-linux-gnu/7/../../../x86_64-linux-gnu -L/usr/lib/gcc/x86_64-linux-gnu/7/../../../../lib -L/lib/x86_64-linux-gnu -L/lib/../lib -L/usr/lib/x86_64-linux-gnu -L/usr/lib/../lib -L/opt/intel/oneapi/tbb/2021.5.1/env/../lib/intel64/gcc4.8 -L/opt/intel/oneapi/mkl/2022.0.2/lib/intel64 -L/opt/intel/oneapi/compiler/2022.0.2/linux/compiler/lib/intel64_lin -L/opt/intel/oneapi/compiler/2022.0.2/linux/lib -L/usr/lib/gcc/x86_64-linux-gnu/7/../../.. CMakeFiles/cmTC_632a7.dir/CMakeCCompilerABI.c.o -lgcc --push-state --as-needed -lgcc_s --pop-state -lc -lgcc --push-state --as-needed -lgcc_s --pop-state /usr/lib/gcc/x86_64-linux-gnu/7/crtend.o /usr/lib/gcc/x86_64-linux-gnu/7/../../../x86_64-linux-gnu/crtn.o
COLLECT_GCC_OPTIONS='-v' '-o' 'cmTC_632a7' '-mtune=generic' '-march=x86-64'
make[1]: Leaving directory '/mnt/shunzi/lsm/WipDB/leveldb/release/CMakeFiles/CMakeTmp'


Parsed C implicit link information from above output:
  link line regex: [^( *|.*[/\])(ld|CMAKE_LINK_STARTFILE-NOTFOUND|([^/\]+-)?ld|collect2)[^/\]*( |$)]
  ignore line: [Change Dir: /mnt/shunzi/lsm/WipDB/leveldb/release/CMakeFiles/CMakeTmp]
  ignore line: []
  ignore line: [Run Build Command:"/usr/bin/make" "cmTC_632a7/fast"]
  ignore line: [/usr/bin/make -f CMakeFiles/cmTC_632a7.dir/build.make CMakeFiles/cmTC_632a7.dir/build]
  ignore line: [make[1]: Entering directory '/mnt/shunzi/lsm/WipDB/leveldb/release/CMakeFiles/CMakeTmp']
  ignore line: [Building C object CMakeFiles/cmTC_632a7.dir/CMakeCCompilerABI.c.o]
  ignore line: [/usr/bin/cc    -o CMakeFiles/cmTC_632a7.dir/CMakeCCompilerABI.c.o   -c /opt/cmake-3.13.0/share/cmake-3.13/Modules/CMakeCCompilerABI.c]
  ignore line: [Linking C executable cmTC_632a7]
  ignore line: [/opt/cmake-3.13.0/bin/cmake -E cmake_link_script CMakeFiles/cmTC_632a7.dir/link.txt --verbose=1]
  ignore line: [/usr/bin/cc     -v CMakeFiles/cmTC_632a7.dir/CMakeCCompilerABI.c.o  -o cmTC_632a7 ]
  ignore line: [Using built-in specs.]
  ignore line: [COLLECT_GCC=/usr/bin/cc]
  ignore line: [COLLECT_LTO_WRAPPER=/usr/lib/gcc/x86_64-linux-gnu/7/lto-wrapper]
  ignore line: [OFFLOAD_TARGET_NAMES=nvptx-none]
  ignore line: [OFFLOAD_TARGET_DEFAULT=1]
  ignore line: [Target: x86_64-linux-gnu]
  ignore line: [Configured with: ../src/configure -v --with-pkgversion='Ubuntu 7.5.0-3ubuntu1~16.04' --with-bugurl=file:///usr/share/doc/gcc-7/README.Bugs --enable-languages=c,ada,c++,go,brig,d,fortran,objc,obj-c++ --prefix=/usr --with-gcc-major-version-only --program-suffix=-7 --program-prefix=x86_64-linux-gnu- --enable-shared --enable-linker-build-id --libexecdir=/usr/lib --without-included-gettext --enable-threads=posix --libdir=/usr/lib --enable-nls --enable-bootstrap --enable-clocale=gnu --enable-libstdcxx-debug --enable-libstdcxx-time=yes --with-default-libstdcxx-abi=new --enable-gnu-unique-object --disable-vtable-verify --enable-libmpx --enable-plugin --with-system-zlib --with-target-system-zlib --enable-objc-gc=auto --enable-multiarch --disable-werror --with-arch-32=i686 --with-abi=m64 --with-multilib-list=m32,m64,mx32 --enable-multilib --with-tune=generic --enable-offload-targets=nvptx-none --without-cuda-driver --enable-checking=release --build=x86_64-linux-gnu --host=x86_64-linux-gnu --target=x86_64-linux-gnu]
  ignore line: [Thread model: posix]
  ignore line: [gcc version 7.5.0 (Ubuntu 7.5.0-3ubuntu1~16.04) ]
  ignore line: [COMPILER_PATH=/usr/lib/gcc/x86_64-linux-gnu/7/:/usr/lib/gcc/x86_64-linux-gnu/7/:/usr/lib/gcc/x86_64-linux-gnu/:/usr/lib/gcc/x86_64-linux-gnu/7/:/usr/lib/gcc/x86_64-linux-gnu/]
  ignore line: [LIBRARY_PATH=/opt/intel/oneapi/compiler/2022.0.2/linux/lib/../lib/:/usr/lib/gcc/x86_64-linux-gnu/7/:/usr/lib/gcc/x86_64-linux-gnu/7/../../../x86_64-linux-gnu/:/usr/lib/gcc/x86_64-linux-gnu/7/../../../../lib/:/lib/x86_64-linux-gnu/:/lib/../lib/:/usr/lib/x86_64-linux-gnu/:/usr/lib/../lib/:/opt/intel/oneapi/tbb/2021.5.1/env/../lib/intel64/gcc4.8/:/opt/intel/oneapi/mkl/2022.0.2/lib/intel64/:/opt/intel/oneapi/compiler/2022.0.2/linux/compiler/lib/intel64_lin/:/opt/intel/oneapi/compiler/2022.0.2/linux/lib/:/usr/lib/gcc/x86_64-linux-gnu/7/../../../:/lib/:/usr/lib/]
  ignore line: [COLLECT_GCC_OPTIONS='-v' '-o' 'cmTC_632a7' '-mtune=generic' '-march=x86-64']
  link line: [ /usr/lib/gcc/x86_64-linux-gnu/7/collect2 -plugin /usr/lib/gcc/x86_64-linux-gnu/7/liblto_plugin.so -plugin-opt=/usr/lib/gcc/x86_64-linux-gnu/7/lto-wrapper -plugin-opt=-fresolution=/tmp/ccmkn3YI.res -plugin-opt=-pass-through=-lgcc -plugin-opt=-pass-through=-lgcc_s -plugin-opt=-pass-through=-lc -plugin-opt=-pass-through=-lgcc -plugin-opt=-pass-through=-lgcc_s --build-id --eh-frame-hdr -m elf_x86_64 --hash-style=gnu --as-needed -dynamic-linker /lib64/ld-linux-x86-64.so.2 -z relro -o cmTC_632a7 /usr/lib/gcc/x86_64-linux-gnu/7/../../../x86_64-linux-gnu/crt1.o /usr/lib/gcc/x86_64-linux-gnu/7/../../../x86_64-linux-gnu/crti.o /usr/lib/gcc/x86_64-linux-gnu/7/crtbegin.o -L/opt/intel/oneapi/compiler/2022.0.2/linux/lib/../lib -L/usr/lib/gcc/x86_64-linux-gnu/7 -L/usr/lib/gcc/x86_64-linux-gnu/7/../../../x86_64-linux-gnu -L/usr/lib/gcc/x86_64-linux-gnu/7/../../../../lib -L/lib/x86_64-linux-gnu -L/lib/../lib -L/usr/lib/x86_64-linux-gnu -L/usr/lib/../lib -L/opt/intel/oneapi/tbb/2021.5.1/env/../lib/intel64/gcc4.8 -L/opt/intel/oneapi/mkl/2022.0.2/lib/intel64 -L/opt/intel/oneapi/compiler/2022.0.2/linux/compiler/lib/intel64_lin -L/opt/intel/oneapi/compiler/2022.0.2/linux/lib -L/usr/lib/gcc/x86_64-linux-gnu/7/../../.. CMakeFiles/cmTC_632a7.dir/CMakeCCompilerABI.c.o -lgcc --push-state --as-needed -lgcc_s --pop-state -lc -lgcc --push-state --as-needed -lgcc_s --pop-state /usr/lib/gcc/x86_64-linux-gnu/7/crtend.o /usr/lib/gcc/x86_64-linux-gnu/7/../../../x86_64-linux-gnu/crtn.o]
    arg [/usr/lib/gcc/x86_64-linux-gnu/7/collect2] ==> ignore
    arg [-plugin] ==> ignore
    arg [/usr/lib/gcc/x86_64-linux-gnu/7/liblto_plugin.so] ==> ignore
    arg [-plugin-opt=/usr/lib/gcc/x86_64-linux-gnu/7/lto-wrapper] ==> ignore
    arg [-plugin-opt=-fresolution=/tmp/ccmkn3YI.res] ==> ignore
    arg [-plugin-opt=-pass-through=-lgcc] ==> ignore
    arg [-plugin-opt=-pass-through=-lgcc_s] ==> ignore
    arg [-plugin-opt=-pass-through=-lc] ==> ignore
    arg [-plugin-opt=-pass-through=-lgcc] ==> ignore
    arg [-plugin-opt=-pass-through=-lgcc_s] ==> ignore
    arg [--build-id] ==> ignore
    arg [--eh-frame-hdr] ==> ignore
    arg [-m] ==> ignore
    arg [elf_x86_64] ==> ignore
    arg [--hash-style=gnu] ==> ignore
    arg [--as-needed] ==> ignore
    arg [-dynamic-linker] ==> ignore
    arg [/lib64/ld-linux-x86-64.so.2] ==> ignore
    arg [-zrelro] ==> ignore
    arg [-o] ==> ignore
    arg [cmTC_632a7] ==> ignore
    arg [/usr/lib/gcc/x86_64-linux-gnu/7/../../../x86_64-linux-gnu/crt1.o] ==> ignore
    arg [/usr/lib/gcc/x86_64-linux-gnu/7/../../../x86_64-linux-gnu/crti.o] ==> ignore
    arg [/usr/lib/gcc/x86_64-linux-gnu/7/crtbegin.o] ==> ignore
    arg [-L/opt/intel/oneapi/compiler/2022.0.2/linux/lib/../lib] ==> dir [/opt/intel/oneapi/compiler/2022.0.2/linux/lib/../lib]
    arg [-L/usr/lib/gcc/x86_64-linux-gnu/7] ==> dir [/usr/lib/gcc/x86_64-linux-gnu/7]
    arg [-L/usr/lib/gcc/x86_64-linux-gnu/7/../../../x86_64-linux-gnu] ==> dir [/usr/lib/gcc/x86_64-linux-gnu/7/../../../x86_64-linux-gnu]
    arg [-L/usr/lib/gcc/x86_64-linux-gnu/7/../../../../lib] ==> dir [/usr/lib/gcc/x86_64-linux-gnu/7/../../../../lib]
    arg [-L/lib/x86_64-linux-gnu] ==> dir [/lib/x86_64-linux-gnu]
    arg [-L/lib/../lib] ==> dir [/lib/../lib]
    arg [-L/usr/lib/x86_64-linux-gnu] ==> dir [/usr/lib/x86_64-linux-gnu]
    arg [-L/usr/lib/../lib] ==> dir [/usr/lib/../lib]
    arg [-L/opt/intel/oneapi/tbb/2021.5.1/env/../lib/intel64/gcc4.8] ==> dir [/opt/intel/oneapi/tbb/2021.5.1/env/../lib/intel64/gcc4.8]
    arg [-L/opt/intel/oneapi/mkl/2022.0.2/lib/intel64] ==> dir [/opt/intel/oneapi/mkl/2022.0.2/lib/intel64]
    arg [-L/opt/intel/oneapi/compiler/2022.0.2/linux/compiler/lib/intel64_lin] ==> dir [/opt/intel/oneapi/compiler/2022.0.2/linux/compiler/lib/intel64_lin]
    arg [-L/opt/intel/oneapi/compiler/2022.0.2/linux/lib] ==> dir [/opt/intel/oneapi/compiler/2022.0.2/linux/lib]
    arg [-L/usr/lib/gcc/x86_64-linux-gnu/7/../../..] ==> dir [/usr/lib/gcc/x86_64-linux-gnu/7/../../..]
    arg [CMakeFiles/cmTC_632a7.dir/CMakeCCompilerABI.c.o] ==> ignore
    arg [-lgcc] ==> lib [gcc]
    arg [--push-state] ==> ignore
    arg [--as-needed] ==> ignore
    arg [-lgcc_s] ==> lib [gcc_s]
    arg [--pop-state] ==> ignore
    arg [-lc] ==> lib [c]
    arg [-lgcc] ==> lib [gcc]
    arg [--push-state] ==> ignore
    arg [--as-needed] ==> ignore
    arg [-lgcc_s] ==> lib [gcc_s]
    arg [--pop-state] ==> ignore
    arg [/usr/lib/gcc/x86_64-linux-gnu/7/crtend.o] ==> ignore
    arg [/usr/lib/gcc/x86_64-linux-gnu/7/../../../x86_64-linux-gnu/crtn.o] ==> ignore
  collapse library dir [/opt/intel/oneapi/compiler/2022.0.2/linux/lib/../lib] ==> [/opt/intel/oneapi/compiler/2022.0.2/linux/lib]
  collapse library dir [/usr/lib/gcc/x86_64-linux-gnu/7] ==> [/usr/lib/gcc/x86_64-linux-gnu/7]
  collapse library dir [/usr/lib/gcc/x86_64-linux-gnu/7/../../../x86_64-linux-gnu] ==> [/usr/lib/x86_64-linux-gnu]
  collapse library dir [/usr/lib/gcc/x86_64-linux-gnu/7/../../../../lib] ==> [/usr/lib]
  collapse library dir [/lib/x86_64-linux-gnu] ==> [/lib/x86_64-linux-gnu]
  collapse library dir [/lib/../lib] ==> [/lib]
  collapse library dir [/usr/lib/x86_64-linux-gnu] ==> [/usr/lib/x86_64-linux-gnu]
  collapse library dir [/usr/lib/../lib] ==> [/usr/lib]
  collapse library dir [/opt/intel/oneapi/tbb/2021.5.1/env/../lib/intel64/gcc4.8] ==> [/opt/intel/oneapi/tbb/2021.5.1/lib/intel64/gcc4.8]
  collapse library dir [/opt/intel/oneapi/mkl/2022.0.2/lib/intel64] ==> [/opt/intel/oneapi/mkl/2022.0.2/lib/intel64]
  collapse library dir [/opt/intel/oneapi/compiler/2022.0.2/linux/compiler/lib/intel64_lin] ==> [/opt/intel/oneapi/compiler/2022.0.2/linux/compiler/lib/intel64_lin]
  collapse library dir [/opt/intel/oneapi/compiler/2022.0.2/linux/lib] ==> [/opt/intel/oneapi/compiler/2022.0.2/linux/lib]
  collapse library dir [/usr/lib/gcc/x86_64-linux-gnu/7/../../..] ==> [/usr/lib]
  implicit libs: [gcc;gcc_s;c;gcc;gcc_s]
  implicit dirs: [/opt/intel/oneapi/compiler/2022.0.2/linux/lib;/usr/lib/gcc/x86_64-linux-gnu/7;/usr/lib/x86_64-linux-gnu;/usr/lib;/lib/x86_64-linux-gnu;/lib;/opt/intel/oneapi/tbb/2021.5.1/lib/intel64/gcc4.8;/opt/intel/oneapi/mkl/2022.0.2/lib/intel64;/opt/intel/oneapi/compiler/2022.0.2/linux/compiler/lib/intel64_lin]
  implicit fwks: []




Detecting C [-std=c11] compiler features compiled with the following output:
Change Dir: /mnt/shunzi/lsm/WipDB/leveldb/release/CMakeFiles/CMakeTmp

Run Build Command:"/usr/bin/make" "cmTC_3a1a3/fast"
/usr/bin/make -f CMakeFiles/cmTC_3a1a3.dir/build.make CMakeFiles/cmTC_3a1a3.dir/build
make[1]: Entering directory '/mnt/shunzi/lsm/WipDB/leveldb/release/CMakeFiles/CMakeTmp'
Building C object CMakeFiles/cmTC_3a1a3.dir/feature_tests.c.o
/usr/bin/cc   -std=c11 -o CMakeFiles/cmTC_3a1a3.dir/feature_tests.c.o   -c /mnt/shunzi/lsm/WipDB/leveldb/release/CMakeFiles/feature_tests.c
Linking C executable cmTC_3a1a3
/opt/cmake-3.13.0/bin/cmake -E cmake_link_script CMakeFiles/cmTC_3a1a3.dir/link.txt --verbose=1
/usr/bin/cc      CMakeFiles/cmTC_3a1a3.dir/feature_tests.c.o  -o cmTC_3a1a3 
make[1]: Leaving directory '/mnt/shunzi/lsm/WipDB/leveldb/release/CMakeFiles/CMakeTmp'


    Feature record: C_FEATURE:1c_function_prototypes
    Feature record: C_FEATURE:1c_restrict
    Feature record: C_FEATURE:1c_static_assert
    Feature record: C_FEATURE:1c_variadic_macros


Detecting C [-std=c99] compiler features compiled with the following output:
Change Dir: /mnt/shunzi/lsm/WipDB/leveldb/release/CMakeFiles/CMakeTmp

Run Build Command:"/usr/bin/make" "cmTC_0a663/fast"
/usr/bin/make -f CMakeFiles/cmTC_0a663.dir/build.make CMakeFiles/cmTC_0a663.dir/build
make[1]: Entering directory '/mnt/shunzi/lsm/WipDB/leveldb/release/CMakeFiles/CMakeTmp'
Building C object CMakeFiles/cmTC_0a663.dir/feature_tests.c.o
/usr/bin/cc   -std=c99 -o CMakeFiles/cmTC_0a663.dir/feature_tests.c.o   -c /mnt/shunzi/lsm/WipDB/leveldb/release/CMakeFiles/feature_tests.c
Linking C executable cmTC_0a663
/opt/cmake-3.13.0/bin/cmake -E cmake_link_script CMakeFiles/cmTC_0a663.dir/link.txt --verbose=1
/usr/bin/cc      CMakeFiles/cmTC_0a663.dir/feature_tests.c.o  -o cmTC_0a663 
make[1]: Leaving directory '/mnt/shunzi/lsm/WipDB/leveldb/release/CMakeFiles/CMakeTmp'


    Feature record: C_FEATURE:1c_function_prototypes
    Feature record: C_FEATURE:1c_restrict
    Feature record: C_FEATURE:0c_static_assert
    Feature record: C_FEATURE:1c_variadic_macros


Detecting C [-std=c90] compiler features compiled with the following output:
Change Dir: /mnt/shunzi/lsm/WipDB/leveldb/release/CMakeFiles/CMakeTmp

Run Build Command:"/usr/bin/make" "cmTC_4f76e/fast"
/usr/bin/make -f CMakeFiles/cmTC_4f76e.dir/build.make CMakeFiles/cmTC_4f76e.dir/build
make[1]: Entering directory '/mnt/shunzi/lsm/WipDB/leveldb/release/CMakeFiles/CMakeTmp'
Building C object CMakeFiles/cmTC_4f76e.dir/feature_tests.c.o
/usr/bin/cc   -std=c90 -o CMakeFiles/cmTC_4f76e.dir/feature_tests.c.o   -c /mnt/shunzi/lsm/WipDB/leveldb/release/CMakeFiles/feature_tests.c
Linking C executable cmTC_4f76e
/opt/cmake-3.13.0/bin/cmake -E cmake_link_script CMakeFiles/cmTC_4f76e.dir/link.txt --verbose=1
/usr/bin/cc      CMakeFiles/cmTC_4f76e.dir/feature_tests.c.o  -o cmTC_4f76e 
make[1]: Leaving directory '/mnt/shunzi/lsm/WipDB/leveldb/release/CMakeFiles/CMakeTmp'


    Feature record: C_FEATURE:1c_function_prototypes
    Feature record: C_FEATURE:0c_restrict
    Feature record: C_FEATURE:0c_static_assert
    Feature record: C_FEATURE:0c_variadic_macros
Determining if the CXX compiler works passed with the following output:
Change Dir: /mnt/shunzi/lsm/WipDB/leveldb/release/CMakeFiles/CMakeTmp

Run Build Command:"/usr/bin/make" "cmTC_69f4a/fast"
/usr/bin/make -f CMakeFiles/cmTC_69f4a.dir/build.make CMakeFiles/cmTC_69f4a.dir/build
make[1]: Entering directory '/mnt/shunzi/lsm/WipDB/leveldb/release/CMakeFiles/CMakeTmp'
Building CXX object CMakeFiles/cmTC_69f4a.dir/testCXXCompiler.cxx.o
/usr/bin/c++     -o CMakeFiles/cmTC_69f4a.dir/testCXXCompiler.cxx.o -c /mnt/shunzi/lsm/WipDB/leveldb/release/CMakeFiles/CMakeTmp/testCXXCompiler.cxx
Linking CXX executable cmTC_69f4a
/opt/cmake-3.13.0/bin/cmake -E cmake_link_script CMakeFiles/cmTC_69f4a.dir/link.txt --verbose=1
/usr/bin/c++       CMakeFiles/cmTC_69f4a.dir/testCXXCompiler.cxx.o  -o cmTC_69f4a 
make[1]: Leaving directory '/mnt/shunzi/lsm/WipDB/leveldb/release/CMakeFiles/CMakeTmp'


Detecting CXX compiler ABI info compiled with the following output:
Change Dir: /mnt/shunzi/lsm/WipDB/leveldb/release/CMakeFiles/CMakeTmp

Run Build Command:"/usr/bin/make" "cmTC_b71a9/fast"
/usr/bin/make -f CMakeFiles/cmTC_b71a9.dir/build.make CMakeFiles/cmTC_b71a9.dir/build
make[1]: Entering directory '/mnt/shunzi/lsm/WipDB/leveldb/release/CMakeFiles/CMakeTmp'
Building CXX object CMakeFiles/cmTC_b71a9.dir/CMakeCXXCompilerABI.cpp.o
/usr/bin/c++     -o CMakeFiles/cmTC_b71a9.dir/CMakeCXXCompilerABI.cpp.o -c /opt/cmake-3.13.0/share/cmake-3.13/Modules/CMakeCXXCompilerABI.cpp
Linking CXX executable cmTC_b71a9
/opt/cmake-3.13.0/bin/cmake -E cmake_link_script CMakeFiles/cmTC_b71a9.dir/link.txt --verbose=1
/usr/bin/c++      -v CMakeFiles/cmTC_b71a9.dir/CMakeCXXCompilerABI.cpp.o  -o cmTC_b71a9 
Using built-in specs.
COLLECT_GCC=/usr/bin/c++
COLLECT_LTO_WRAPPER=/usr/lib/gcc/x86_64-linux-gnu/7/lto-wrapper
OFFLOAD_TARGET_NAMES=nvptx-none
OFFLOAD_TARGET_DEFAULT=1
Target: x86_64-linux-gnu
Configured with: ../src/configure -v --with-pkgversion='Ubuntu 7.5.0-3ubuntu1~16.04' --with-bugurl=file:///usr/share/doc/gcc-7/README.Bugs --enable-languages=c,ada,c++,go,brig,d,fortran,objc,obj-c++ --prefix=/usr --with-gcc-major-version-only --program-suffix=-7 --program-prefix=x86_64-linux-gnu- --enable-shared --enable-linker-build-id --libexecdir=/usr/lib --without-included-gettext --enable-threads=posix --libdir=/usr/lib --enable-nls --enable-bootstrap --enable-clocale=gnu --enable-libstdcxx-debug --enable-libstdcxx-time=yes --with-default-libstdcxx-abi=new --enable-gnu-unique-object --disable-vtable-verify --enable-libmpx --enable-plugin --with-system-zlib --with-target-system-zlib --enable-objc-gc=auto --enable-multiarch --disable-werror --with-arch-32=i686 --with-abi=m64 --with-multilib-list=m32,m64,mx32 --enable-multilib --with-tune=generic --enable-offload-targets=nvptx-none --without-cuda-driver --enable-checking=release --build=x86_64-linux-gnu --host=x86_64-linux-gnu --target=x86_64-linux-gnu
Thread model: posix
gcc version 7.5.0 (Ubuntu 7.5.0-3ubuntu1~16.04) 
COMPILER_PATH=/usr/lib/gcc/x86_64-linux-gnu/7/:/usr/lib/gcc/x86_64-linux-gnu/7/:/usr/lib/gcc/x86_64-linux-gnu/:/usr/lib/gcc/x86_64-linux-gnu/7/:/usr/lib/gcc/x86_64-linux-gnu/
LIBRARY_PATH=/opt/intel/oneapi/compiler/2022.0.2/linux/lib/../lib/:/usr/lib/gcc/x86_64-linux-gnu/7/:/usr/lib/gcc/x86_64-linux-gnu/7/../../../x86_64-linux-gnu/:/usr/lib/gcc/x86_64-linux-gnu/7/../../../../lib/:/lib/x86_64-linux-gnu/:/lib/../lib/:/usr/lib/x86_64-linux-gnu/:/usr/lib/../lib/:/opt/intel/oneapi/tbb/2021.5.1/env/../lib/intel64/gcc4.8/:/opt/intel/oneapi/mkl/2022.0.2/lib/intel64/:/opt/intel/oneapi/compiler/2022.0.2/linux/compiler/lib/intel64_lin/:/opt/intel/oneapi/compiler/2022.0.2/linux/lib/:/usr/lib/gcc/x86_64-linux-gnu/7/../../../:/lib/:/usr/lib/
COLLECT_GCC_OPTIONS='-v' '-o' 'cmTC_b71a9' '-shared-libgcc' '-mtune=generic' '-march=x86-64'
 /usr/lib/gcc/x86_64-linux-gnu/7/collect2 -plugin /usr/lib/gcc/x86_64-linux-gnu/7/liblto_plugin.so -plugin-opt=/usr/lib/gcc/x86_64-linux-gnu/7/lto-wrapper -plugin-opt=-fresolution=/tmp/ccgEqvXc.res -plugin-opt=-pass-through=-lgcc_s -plugin-opt=-pass-through=-lgcc -plugin-opt=-pass-through=-lc -plugin-opt=-pass-through=-lgcc_s -plugin-opt=-pass-through=-lgcc --build-id --eh-frame-hdr -m elf_x86_64 --hash-style=gnu --as-needed -dynamic-linker /lib64/ld-linux-x86-64.so.2 -z relro -o cmTC_b71a9 /usr/lib/gcc/x86_64-linux-gnu/7/../../../x86_64-linux-gnu/crt1.o /usr/lib/gcc/x86_64-linux-gnu/7/../../../x86_64-linux-gnu/crti.o /usr/lib/gcc/x86_64-linux-gnu/7/crtbegin.o -L/opt/intel/oneapi/compiler/2022.0.2/linux/lib/../lib -L/usr/lib/gcc/x86_64-linux-gnu/7 -L/usr/lib/gcc/x86_64-linux-gnu/7/../../../x86_64-linux-gnu -L/usr/lib/gcc/x86_64-linux-gnu/7/../../../../lib -L/lib/x86_64-linux-gnu -L/lib/../lib -L/usr/lib/x86_64-linux-gnu -L/usr/lib/../lib -L/opt/intel/oneapi/tbb/2021.5.1/env/../lib/intel64/gcc4.8 -L/opt/intel/oneapi/mkl/2022.0.2/lib/intel64 -L/opt/intel/oneapi/compiler/2022.0.2/linux/compiler/lib/intel64_lin -L/opt/intel/oneapi/compiler/2022.0.2/linux/lib -L/usr/lib/gcc/x86_64-linux-gnu/7/../../.. CMakeFiles/cmTC_b71a9.dir/CMakeCXXCompilerABI.cpp.o -lstdc++ -lm -lgcc_s -lgcc -lc -lgcc_s -lgcc /usr/lib/gcc/x86_64-linux-gnu/7/crtend.o /usr/lib/gcc/x86_64-linux-gnu/7/../../../x86_64-linux-gnu/crtn.o
COLLECT_GCC_OPTIONS='-v' '-o' 'cmTC_b71a9' '-shared-libgcc' '-mtune=generic' '-march=x86-64'
make[1]: Leaving directory '/mnt/shunzi/lsm/WipDB/leveldb/release/CMakeFiles/CMakeTmp'


Parsed CXX implicit link information from above output:
  link line regex: [^( *|.*[/\])(ld|CMAKE_LINK_STARTFILE-NOTFOUND|([^/\]+-)?ld|collect2)[^/\]*( |$)]
  ignore line: [Change Dir: /mnt/shunzi/lsm/WipDB/leveldb/release/CMakeFiles/CMakeTmp]
  ignore line: []
  ignore line: [Run Build Command:"/usr/bin/make" "cmTC_b71a9/fast"]
  ignore line: [/usr/bin/make -f CMakeFiles/cmTC_b71a9.dir/build.make CMakeFiles/cmTC_b71a9.dir/build]
  ignore line: [make[1]: Entering directory '/mnt/shunzi/lsm/WipDB/leveldb/release/CMakeFiles/CMakeTmp']
  ignore line: [Building CXX object CMakeFiles/cmTC_b71a9.dir/CMakeCXXCompilerABI.cpp.o]
  ignore line: [/usr/bin/c++     -o CMakeFiles/cmTC_b71a9.dir/CMakeCXXCompilerABI.cpp.o -c /opt/cmake-3.13.0/share/cmake-3.13/Modules/CMakeCXXCompilerABI.cpp]
  ignore line: [Linking CXX executable cmTC_b71a9]
  ignore line: [/opt/cmake-3.13.0/bin/cmake -E cmake_link_script CMakeFiles/cmTC_b71a9.dir/link.txt --verbose=1]
  ignore line: [/usr/bin/c++      -v CMakeFiles/cmTC_b71a9.dir/CMakeCXXCompilerABI.cpp.o  -o cmTC_b71a9 ]
  ignore line: [Using built-in specs.]
  ignore line: [COLLECT_GCC=/usr/bin/c++]
  ignore line: [COLLECT_LTO_WRAPPER=/usr/lib/gcc/x86_64-linux-gnu/7/lto-wrapper]
  ignore line: [OFFLOAD_TARGET_NAMES=nvptx-none]
  ignore line: [OFFLOAD_TARGET_DEFAULT=1]
  ignore line: [Target: x86_64-linux-gnu]
  ignore line: [Configured with: ../src/configure -v --with-pkgversion='Ubuntu 7.5.0-3ubuntu1~16.04' --with-bugurl=file:///usr/share/doc/gcc-7/README.Bugs --enable-languages=c,ada,c++,go,brig,d,fortran,objc,obj-c++ --prefix=/usr --with-gcc-major-version-only --program-suffix=-7 --program-prefix=x86_64-linux-gnu- --enable-shared --enable-linker-build-id --libexecdir=/usr/lib --without-included-gettext --enable-threads=posix --libdir=/usr/lib --enable-nls --enable-bootstrap --enable-clocale=gnu --enable-libstdcxx-debug --enable-libstdcxx-time=yes --with-default-libstdcxx-abi=new --enable-gnu-unique-object --disable-vtable-verify --enable-libmpx --enable-plugin --with-system-zlib --with-target-system-zlib --enable-objc-gc=auto --enable-multiarch --disable-werror --with-arch-32=i686 --with-abi=m64 --with-multilib-list=m32,m64,mx32 --enable-multilib --with-tune=generic --enable-offload-targets=nvptx-none --without-cuda-driver --enable-checking=release --build=x86_64-linux-gnu --host=x86_64-linux-gnu --target=x86_64-linux-gnu]
  ignore line: [Thread model: posix]
  ignore line: [gcc version 7.5.0 (Ubuntu 7.5.0-3ubuntu1~16.04) ]
  ignore line: [COMPILER_PATH=/usr/lib/gcc/x86_64-linux-gnu/7/:/usr/lib/gcc/x86_64-linux-gnu/7/:/usr/lib/gcc/x86_64-linux-gnu/:/usr/lib/gcc/x86_64-linux-gnu/7/:/usr/lib/gcc/x86_64-linux-gnu/]
  ignore line: [LIBRARY_PATH=/opt/intel/oneapi/compiler/2022.0.2/linux/lib/../lib/:/usr/lib/gcc/x86_64-linux-gnu/7/:/usr/lib/gcc/x86_64-linux-gnu/7/../../../x86_64-linux-gnu/:/usr/lib/gcc/x86_64-linux-gnu/7/../../../../lib/:/lib/x86_64-linux-gnu/:/lib/../lib/:/usr/lib/x86_64-linux-gnu/:/usr/lib/../lib/:/opt/intel/oneapi/tbb/2021.5.1/env/../lib/intel64/gcc4.8/:/opt/intel/oneapi/mkl/2022.0.2/lib/intel64/:/opt/intel/oneapi/compiler/2022.0.2/linux/compiler/lib/intel64_lin/:/opt/intel/oneapi/compiler/2022.0.2/linux/lib/:/usr/lib/gcc/x86_64-linux-gnu/7/../../../:/lib/:/usr/lib/]
  ignore line: [COLLECT_GCC_OPTIONS='-v' '-o' 'cmTC_b71a9' '-shared-libgcc' '-mtune=generic' '-march=x86-64']
  link line: [ /usr/lib/gcc/x86_64-linux-gnu/7/collect2 -plugin /usr/lib/gcc/x86_64-linux-gnu/7/liblto_plugin.so -plugin-opt=/usr/lib/gcc/x86_64-linux-gnu/7/lto-wrapper -plugin-opt=-fresolution=/tmp/ccgEqvXc.res -plugin-opt=-pass-through=-lgcc_s -plugin-opt=-pass-through=-lgcc -plugin-opt=-pass-through=-lc -plugin-opt=-pass-through=-lgcc_s -plugin-opt=-pass-through=-lgcc --build-id --eh-frame-hdr -m elf_x86_64 --hash-style=gnu --as-needed -dynamic-linker /lib64/ld-linux-x86-64.so.2 -z relro -o cmTC_b71a9 /usr/lib/gcc/x86_64-linux-gnu/7/../../../x86_64-linux-gnu/crt1.o /usr/lib/gcc/x86_64-linux-gnu/7/../../../x86_64-linux-gnu/crti.o /usr/lib/gcc/x86_64-linux-gnu/7/crtbegin.o -L/opt/intel/oneapi/compiler/2022.0.2/linux/lib/../lib -L/usr/lib/gcc/x86_64-linux-gnu/7 -L/usr/lib/gcc/x86_64-linux-gnu/7/../../../x86_64-linux-gnu -L/usr/lib/gcc/x86_64-linux-gnu/7/../../../../lib -L/lib/x86_64-linux-gnu -L/lib/../lib -L/usr/lib/x86_64-linux-gnu -L/usr/lib/../lib -L/opt/intel/oneapi/tbb/2021.5.1/env/../lib/intel64/gcc4.8 -L/opt/intel/oneapi/mkl/2022.0.2/lib/intel64 -L/opt/intel/oneapi/compiler/2022.0.2/linux/compiler/lib/intel64_lin -L/opt/intel/oneapi/compiler/2022.0.2/linux/lib -L/usr/lib/gcc/x86_64-linux-gnu/7/../../.. CMakeFiles/cmTC_b71a9.dir/CMakeCXXCompilerABI.cpp.o -lstdc++ -lm -lgcc_s -lgcc -lc -lgcc_s -lgcc /usr/lib/gcc/x86_64-linux-gnu/7/crtend.o /usr/lib/gcc/x86_64-linux-gnu/7/../../../x86_64-linux-gnu/crtn.o]
    arg [/usr/lib/gcc/x86_64-linux-gnu/7/collect2] ==> ignore
    arg [-plugin] ==> ignore
    arg [/usr/lib/gcc/x86_64-linux-gnu/7/liblto_plugin.so] ==> ignore
    arg [-plugin-opt=/usr/lib/gcc/x86_64-linux-gnu/7/lto-wrapper] ==> ignore
    arg [-plugin-opt=-fresolution=/tmp/ccgEqvXc.res] ==> ignore
    arg [-plugin-opt=-pass-through=-lgcc_s] ==> ignore
    arg [-plugin-opt=-pass-through=-lgcc] ==> ignore
    arg [-plugin-opt=-pass-through=-lc] ==> ignore
    arg [-plugin-opt=-pass-through=-lgcc_s] ==> ignore
    arg [-plugin-opt=-pass-through=-lgcc] ==> ignore
    arg [--build-id] ==> ignore
    arg [--eh-frame-hdr] ==> ignore
    arg [-m] ==> ignore
    arg [elf_x86_64] ==> ignore
    arg [--hash-style=gnu] ==> ignore
    arg [--as-needed] ==> ignore
    arg [-dynamic-linker] ==> ignore
    arg [/lib64/ld-linux-x86-64.so.2] ==> ignore
    arg [-zrelro] ==> ignore
    arg [-o] ==> ignore
    arg [cmTC_b71a9] ==> ignore
    arg [/usr/lib/gcc/x86_64-linux-gnu/7/../../../x86_64-linux-gnu/crt1.o] ==> ignore
    arg [/usr/lib/gcc/x86_64-linux-gnu/7/../../../x86_64-linux-gnu/crti.o] ==> ignore
    arg [/usr/lib/gcc/x86_64-linux-gnu/7/crtbegin.o] ==> ignore
    arg [-L/opt/intel/oneapi/compiler/2022.0.2/linux/lib/../lib] ==> dir [/opt/intel/oneapi/compiler/2022.0.2/linux/lib/../lib]
    arg [-L/usr/lib/gcc/x86_64-linux-gnu/7] ==> dir [/usr/lib/gcc/x86_64-linux-gnu/7]
    arg [-L/usr/lib/gcc/x86_64-linux-gnu/7/../../../x86_64-linux-gnu] ==> dir [/usr/lib/gcc/x86_64-linux-gnu/7/../../../x86_64-linux-gnu]
    arg [-L/usr/lib/gcc/x86_64-linux-gnu/7/../../../../lib] ==> dir [/usr/lib/gcc/x86_64-linux-gnu/7/../../../../lib]
    arg [-L/lib/x86_64-linux-gnu] ==> dir [/lib/x86_64-linux-gnu]
    arg [-L/lib/../lib] ==> dir [/lib/../lib]
    arg [-L/usr/lib/x86_64-linux-gnu] ==> dir [/usr/lib/x86_64-linux-gnu]
    arg [-L/usr/lib/../lib] ==> dir [/usr/lib/../lib]
    arg [-L/opt/intel/oneapi/tbb/2021.5.1/env/../lib/intel64/gcc4.8] ==> dir [/opt/intel/oneapi/tbb/2021.5.1/env/../lib/intel64/gcc4.8]
    arg [-L/opt/intel/oneapi/mkl/2022.0.2/lib/intel64] ==> dir [/opt/intel/oneapi/mkl/2022.0.2/lib/intel64]
    arg [-L/opt/intel/oneapi/compiler/2022.0.2/linux/compiler/lib/intel64_lin] ==> dir [/opt/intel/oneapi/compiler/2022.0.2/linux/compiler/lib/intel64_lin]
    arg [-L/opt/intel/oneapi/compiler/2022.0.2/linux/lib] ==> dir [/opt/intel/oneapi/compiler/2022.0.2/linux/lib]
    arg [-L/usr/lib/gcc/x86_64-linux-gnu/7/../../..] ==> dir [/usr/lib/gcc/x86_64-linux-gnu/7/../../..]
    arg [CMakeFiles/cmTC_b71a9.dir/CMakeCXXCompilerABI.cpp.o] ==> ignore
    arg [-lstdc++] ==> lib [stdc++]
    arg [-lm] ==> lib [m]
    arg [-lgcc_s] ==> lib [gcc_s]
    arg [-lgcc] ==> lib [gcc]
    arg [-lc] ==> lib [c]
    arg [-lgcc_s] ==> lib [gcc_s]
    arg [-lgcc] ==> lib [gcc]
    arg [/usr/lib/gcc/x86_64-linux-gnu/7/crtend.o] ==> ignore
    arg [/usr/lib/gcc/x86_64-linux-gnu/7/../../../x86_64-linux-gnu/crtn.o] ==> ignore
  collapse library dir [/opt/intel/oneapi/compiler/2022.0.2/linux/lib/../lib] ==> [/opt/intel/oneapi/compiler/2022.0.2/linux/lib]
  collapse library dir [/usr/lib/gcc/x86_64-linux-gnu/7] ==> [/usr/lib/gcc/x86_64-linux-gnu/7]
  collapse library dir [/usr/lib/gcc/x86_64-linux-gnu/7/../../../x86_64-linux-gnu] ==> [/usr/lib/x86_64-linux-gnu]
  collapse library dir [/usr/lib/gcc/x86_64-linux-gnu/7/../../../../lib] ==> [/usr/lib]
  collapse library dir [/lib/x86_64-linux-gnu] ==> [/lib/x86_64-linux-gnu]
  collapse library dir [/lib/../lib] ==> [/lib]
  collapse library dir [/usr/lib/x86_64-linux-gnu] ==> [/usr/lib/x86_64-linux-gnu]
  collapse library dir [/usr/lib/../lib] ==> [/usr/lib]
  collapse library dir [/opt/intel/oneapi/tbb/2021.5.1/env/../lib/intel64/gcc4.8] ==> [/opt/intel/oneapi/tbb/2021.5.1/lib/intel64/gcc4.8]
  collapse library dir [/opt/intel/oneapi/mkl/2022.0.2/lib/intel64] ==> [/opt/intel/oneapi/mkl/2022.0.2/lib/intel64]
  collapse library dir [/opt/intel/oneapi/compiler/2022.0.2/linux/compiler/lib/intel64_lin] ==> [/opt/intel/oneapi/compiler/2022.0.2/linux/compiler/lib/intel64_lin]
  collapse library dir [/opt/intel/oneapi/compiler/2022.0.2/linux/lib] ==> [/opt/intel/oneapi/compiler/2022.0.2/linux/lib]
  collapse library dir [/usr/lib/gcc/x86_64-linux-gnu/7/../../..] ==> [/usr/lib]
  implicit libs: [stdc++;m;gcc_s;gcc;c;gcc_s;gcc]
  implicit dirs: [/opt/intel/oneapi/compiler/2022.0.2/linux/lib;/usr/lib/gcc/x86_64-linux-gnu/7;/usr/lib/x86_64-linux-gnu;/usr/lib;/lib/x86_64-linux-gnu;/lib;/opt/intel/oneapi/tbb/2021.5.1/lib/intel64/gcc4.8;/opt/intel/oneapi/mkl/2022.0.2/lib/intel64;/opt/intel/oneapi/compiler/2022.0.2/linux/compiler/lib/intel64_lin]
  implicit fwks: []




Detecting CXX [-std=c++1z] compiler features compiled with the following output:
Change Dir: /mnt/shunzi/lsm/WipDB/leveldb/release/CMakeFiles/CMakeTmp

Run Build Command:"/usr/bin/make" "cmTC_81131/fast"
/usr/bin/make -f CMakeFiles/cmTC_81131.dir/build.make CMakeFiles/cmTC_81131.dir/build
make[1]: Entering directory '/mnt/shunzi/lsm/WipDB/leveldb/release/CMakeFiles/CMakeTmp'
Building CXX object CMakeFiles/cmTC_81131.dir/feature_tests.cxx.o
/usr/bin/c++    -std=c++1z -o CMakeFiles/cmTC_81131.dir/feature_tests.cxx.o -c /mnt/shunzi/lsm/WipDB/leveldb/release/CMakeFiles/feature_tests.cxx
Linking CXX executable cmTC_81131
/opt/cmake-3.13.0/bin/cmake -E cmake_link_script CMakeFiles/cmTC_81131.dir/link.txt --verbose=1
/usr/bin/c++       CMakeFiles/cmTC_81131.dir/feature_tests.cxx.o  -o cmTC_81131 
make[1]: Leaving directory '/mnt/shunzi/lsm/WipDB/leveldb/release/CMakeFiles/CMakeTmp'


    Feature record: CXX_FEATURE:1cxx_aggregate_default_initializers
    Feature record: CXX_FEATURE:1cxx_alias_templates
    Feature record: CXX_FEATURE:1cxx_alignas
    Feature record: CXX_FEATURE:1cxx_alignof
    Feature record: CXX_FEATURE:1cxx_attributes
    Feature record: CXX_FEATURE:1cxx_attribute_deprecated
    Feature record: CXX_FEATURE:1cxx_auto_type
    Feature record: CXX_FEATURE:1cxx_binary_literals
    Feature record: CXX_FEATURE:1cxx_constexpr
    Feature record: CXX_FEATURE:1cxx_contextual_conversions
    Feature record: CXX_FEATURE:1cxx_decltype
    Feature record: CXX_FEATURE:1cxx_decltype_auto
    Feature record: CXX_FEATURE:1cxx_decltype_incomplete_return_types
    Feature record: CXX_FEATURE:1cxx_default_function_template_args
    Feature record: CXX_FEATURE:1cxx_defaulted_functions
    Feature record: CXX_FEATURE:1cxx_defaulted_move_initializers
    Feature record: CXX_FEATURE:1cxx_delegating_constructors
    Feature record: CXX_FEATURE:1cxx_deleted_functions
    Feature record: CXX_FEATURE:1cxx_digit_separators
    Feature record: CXX_FEATURE:1cxx_enum_forward_declarations
    Feature record: CXX_FEATURE:1cxx_explicit_conversions
    Feature record: CXX_FEATURE:1cxx_extended_friend_declarations
    Feature record: CXX_FEATURE:1cxx_extern_templates
    Feature record: CXX_FEATURE:1cxx_final
    Feature record: CXX_FEATURE:1cxx_func_identifier
    Feature record: CXX_FEATURE:1cxx_generalized_initializers
    Feature record: CXX_FEATURE:1cxx_generic_lambdas
    Feature record: CXX_FEATURE:1cxx_inheriting_constructors
    Feature record: CXX_FEATURE:1cxx_inline_namespaces
    Feature record: CXX_FEATURE:1cxx_lambdas
    Feature record: CXX_FEATURE:1cxx_lambda_init_captures
    Feature record: CXX_FEATURE:1cxx_local_type_template_args
    Feature record: CXX_FEATURE:1cxx_long_long_type
    Feature record: CXX_FEATURE:1cxx_noexcept
    Feature record: CXX_FEATURE:1cxx_nonstatic_member_init
    Feature record: CXX_FEATURE:1cxx_nullptr
    Feature record: CXX_FEATURE:1cxx_override
    Feature record: CXX_FEATURE:1cxx_range_for
    Feature record: CXX_FEATURE:1cxx_raw_string_literals
    Feature record: CXX_FEATURE:1cxx_reference_qualified_functions
    Feature record: CXX_FEATURE:1cxx_relaxed_constexpr
    Feature record: CXX_FEATURE:1cxx_return_type_deduction
    Feature record: CXX_FEATURE:1cxx_right_angle_brackets
    Feature record: CXX_FEATURE:1cxx_rvalue_references
    Feature record: CXX_FEATURE:1cxx_sizeof_member
    Feature record: CXX_FEATURE:1cxx_static_assert
    Feature record: CXX_FEATURE:1cxx_strong_enums
    Feature record: CXX_FEATURE:1cxx_template_template_parameters
    Feature record: CXX_FEATURE:1cxx_thread_local
    Feature record: CXX_FEATURE:1cxx_trailing_return_types
    Feature record: CXX_FEATURE:1cxx_unicode_literals
    Feature record: CXX_FEATURE:1cxx_uniform_initialization
    Feature record: CXX_FEATURE:1cxx_unrestricted_unions
    Feature record: CXX_FEATURE:1cxx_user_literals
    Feature record: CXX_FEATURE:1cxx_variable_templates
    Feature record: CXX_FEATURE:1cxx_variadic_macros
    Feature record: CXX_FEATURE:1cxx_variadic_templates


Detecting CXX [-std=c++14] compiler features compiled with the following output:
Change Dir: /mnt/shunzi/lsm/WipDB/leveldb/release/CMakeFiles/CMakeTmp

Run Build Command:"/usr/bin/make" "cmTC_b5398/fast"
/usr/bin/make -f CMakeFiles/cmTC_b5398.dir/build.make CMakeFiles/cmTC_b5398.dir/build
make[1]: Entering directory '/mnt/shunzi/lsm/WipDB/leveldb/release/CMakeFiles/CMakeTmp'
Building CXX object CMakeFiles/cmTC_b5398.dir/feature_tests.cxx.o
/usr/bin/c++    -std=c++14 -o CMakeFiles/cmTC_b5398.dir/feature_tests.cxx.o -c /mnt/shunzi/lsm/WipDB/leveldb/release/CMakeFiles/feature_tests.cxx
Linking CXX executable cmTC_b5398
/opt/cmake-3.13.0/bin/cmake -E cmake_link_script CMakeFiles/cmTC_b5398.dir/link.txt --verbose=1
/usr/bin/c++       CMakeFiles/cmTC_b5398.dir/feature_tests.cxx.o  -o cmTC_b5398 
make[1]: Leaving directory '/mnt/shunzi/lsm/WipDB/leveldb/release/CMakeFiles/CMakeTmp'


    Feature record: CXX_FEATURE:1cxx_aggregate_default_initializers
    Feature record: CXX_FEATURE:1cxx_alias_templates
    Feature record: CXX_FEATURE:1cxx_alignas
    Feature record: CXX_FEATURE:1cxx_alignof
    Feature record: CXX_FEATURE:1cxx_attributes
    Feature record: CXX_FEATURE:1cxx_attribute_deprecated
    Feature record: CXX_FEATURE:1cxx_auto_type
    Feature record: CXX_FEATURE:1cxx_binary_literals
    Feature record: CXX_FEATURE:1cxx_constexpr
    Feature record: CXX_FEATURE:1cxx_contextual_conversions
    Feature record: CXX_FEATURE:1cxx_decltype
    Feature record: CXX_FEATURE:1cxx_decltype_auto
    Feature record: CXX_FEATURE:1cxx_decltype_incomplete_return_types
    Feature record: CXX_FEATURE:1cxx_default_function_template_args
    Feature record: CXX_FEATURE:1cxx_defaulted_functions
    Feature record: CXX_FEATURE:1cxx_defaulted_move_initializers
    Feature record: CXX_FEATURE:1cxx_delegating_constructors
    Feature record: CXX_FEATURE:1cxx_deleted_functions
    Feature record: CXX_FEATURE:1cxx_digit_separators
    Feature record: CXX_FEATURE:1cxx_enum_forward_declarations
    Feature record: CXX_FEATURE:1cxx_explicit_conversions
    Feature record: CXX_FEATURE:1cxx_extended_friend_declarations
    Feature record: CXX_FEATURE:1cxx_extern_templates
    Feature record: CXX_FEATURE:1cxx_final
    Feature record: CXX_FEATURE:1cxx_func_identifier
    Feature record: CXX_FEATURE:1cxx_generalized_initializers
    Feature record: CXX_FEATURE:1cxx_generic_lambdas
    Feature record: CXX_FEATURE:1cxx_inheriting_constructors
    Feature record: CXX_FEATURE:1cxx_inline_namespaces
    Feature record: CXX_FEATURE:1cxx_lambdas
    Feature record: CXX_FEATURE:1cxx_lambda_init_captures
    Feature record: CXX_FEATURE:1cxx_local_type_template_args
    Feature record: CXX_FEATURE:1cxx_long_long_type
    Feature record: CXX_FEATURE:1cxx_noexcept
    Feature record: CXX_FEATURE:1cxx_nonstatic_member_init
    Feature record: CXX_FEATURE:1cxx_nullptr
    Feature record: CXX_FEATURE:1cxx_override
    Feature record: CXX_FEATURE:1cxx_range_for
    Feature record: CXX_FEATURE:1cxx_raw_string_literals
    Feature record: CXX_FEATURE:1cxx_reference_qualified_functions
    Feature record: CXX_FEATURE:1cxx_relaxed_constexpr
    Feature record: CXX_FEATURE:1cxx_return_type_deduction
    Feature record: CXX_FEATURE:1cxx_right_angle_brackets
    Feature record: CXX_FEATURE:1cxx_rvalue_references
    Feature record: CXX_FEATURE:1cxx_sizeof_member
    Feature record: CXX_FEATURE:1cxx_static_assert
    Feature record: CXX_FEATURE:1cxx_strong_enums
    Feature record: CXX_FEATURE:1cxx_template_template_parameters
    Feature record: CXX_FEATURE:1cxx_thread_local
    Feature record: CXX_FEATURE:1cxx_trailing_return_types
    Feature record: CXX_FEATURE:1cxx_unicode_literals
    Feature record: CXX_FEATURE:1cxx_uniform_initialization
    Feature record: CXX_FEATURE:1cxx_unrestricted_unions
    Feature record: CXX_FEATURE:1cxx_user_literals
    Feature record: CXX_FEATURE:1cxx_variable_templates
    Feature record: CXX_FEATURE:1cxx_variadic_macros
    Feature record: CXX_FEATURE:1cxx_variadic_templates


Detecting CXX [-std=c++11] compiler features compiled with the following output:
Change Dir: /mnt/shunzi/lsm/WipDB/leveldb/release/CMakeFiles/CMakeTmp

Run Build Command:"/usr/bin/make" "cmTC_fb557/fast"
/usr/bin/make -f CMakeFiles/cmTC_fb557.dir/build.make CMakeFiles/cmTC_fb557.dir/build
make[1]: Entering directory '/mnt/shunzi/lsm/WipDB/leveldb/release/CMakeFiles/CMakeTmp'
Building CXX object CMakeFiles/cmTC_fb557.dir/feature_tests.cxx.o
/usr/bin/c++    -std=c++11 -o CMakeFiles/cmTC_fb557.dir/feature_tests.cxx.o -c /mnt/shunzi/lsm/WipDB/leveldb/release/CMakeFiles/feature_tests.cxx
Linking CXX executable cmTC_fb557
/opt/cmake-3.13.0/bin/cmake -E cmake_link_script CMakeFiles/cmTC_fb557.dir/link.txt --verbose=1
/usr/bin/c++       CMakeFiles/cmTC_fb557.dir/feature_tests.cxx.o  -o cmTC_fb557 
make[1]: Leaving directory '/mnt/shunzi/lsm/WipDB/leveldb/release/CMakeFiles/CMakeTmp'


    Feature record: CXX_FEATURE:0cxx_aggregate_default_initializers
    Feature record: CXX_FEATURE:1cxx_alias_templates
    Feature record: CXX_FEATURE:1cxx_alignas
    Feature record: CXX_FEATURE:1cxx_alignof
    Feature record: CXX_FEATURE:1cxx_attributes
    Feature record: CXX_FEATURE:0cxx_attribute_deprecated
    Feature record: CXX_FEATURE:1cxx_auto_type
    Feature record: CXX_FEATURE:0cxx_binary_literals
    Feature record: CXX_FEATURE:1cxx_constexpr
    Feature record: CXX_FEATURE:0cxx_contextual_conversions
    Feature record: CXX_FEATURE:1cxx_decltype
    Feature record: CXX_FEATURE:0cxx_decltype_auto
    Feature record: CXX_FEATURE:1cxx_decltype_incomplete_return_types
    Feature record: CXX_FEATURE:1cxx_default_function_template_args
    Feature record: CXX_FEATURE:1cxx_defaulted_functions
    Feature record: CXX_FEATURE:1cxx_defaulted_move_initializers
    Feature record: CXX_FEATURE:1cxx_delegating_constructors
    Feature record: CXX_FEATURE:1cxx_deleted_functions
    Feature record: CXX_FEATURE:0cxx_digit_separators
    Feature record: CXX_FEATURE:1cxx_enum_forward_declarations
    Feature record: CXX_FEATURE:1cxx_explicit_conversions
    Feature record: CXX_FEATURE:1cxx_extended_friend_declarations
    Feature record: CXX_FEATURE:1cxx_extern_templates
    Feature record: CXX_FEATURE:1cxx_final
    Feature record: CXX_FEATURE:1cxx_func_identifier
    Feature record: CXX_FEATURE:1cxx_generalized_initializers
    Feature record: CXX_FEATURE:0cxx_generic_lambdas
    Feature record: CXX_FEATURE:1cxx_inheriting_constructors
    Feature record: CXX_FEATURE:1cxx_inline_namespaces
    Feature record: CXX_FEATURE:1cxx_lambdas
    Feature record: CXX_FEATURE:0cxx_lambda_init_captures
    Feature record: CXX_FEATURE:1cxx_local_type_template_args
    Feature record: CXX_FEATURE:1cxx_long_long_type
    Feature record: CXX_FEATURE:1cxx_noexcept
    Feature record: CXX_FEATURE:1cxx_nonstatic_member_init
    Feature record: CXX_FEATURE:1cxx_nullptr
    Feature record: CXX_FEATURE:1cxx_override
    Feature record: CXX_FEATURE:1cxx_range_for
    Feature record: CXX_FEATURE:1cxx_raw_string_literals
    Feature record: CXX_FEATURE:1cxx_reference_qualified_functions
    Feature record: CXX_FEATURE:0cxx_relaxed_constexpr
    Feature record: CXX_FEATURE:0cxx_return_type_deduction
    Feature record: CXX_FEATURE:1cxx_right_angle_brackets
    Feature record: CXX_FEATURE:1cxx_rvalue_references
    Feature record: CXX_FEATURE:1cxx_sizeof_member
    Feature record: CXX_FEATURE:1cxx_static_assert
    Feature record: CXX_FEATURE:1cxx_strong_enums
    Feature record: CXX_FEATURE:1cxx_template_template_parameters
    Feature record: CXX_FEATURE:1cxx_thread_local
    Feature record: CXX_FEATURE:1cxx_trailing_return_types
    Feature record: CXX_FEATURE:1cxx_unicode_literals
    Feature record: CXX_FEATURE:1cxx_uniform_initialization
    Feature record: CXX_FEATURE:1cxx_unrestricted_unions
    Feature record: CXX_FEATURE:1cxx_user_literals
    Feature record: CXX_FEATURE:0cxx_variable_templates
    Feature record: CXX_FEATURE:1cxx_variadic_macros
    Feature record: CXX_FEATURE:1cxx_variadic_templates


Detecting CXX [-std=c++98] compiler features compiled with the following output:
Change Dir: /mnt/shunzi/lsm/WipDB/leveldb/release/CMakeFiles/CMakeTmp

Run Build Command:"/usr/bin/make" "cmTC_b9e44/fast"
/usr/bin/make -f CMakeFiles/cmTC_b9e44.dir/build.make CMakeFiles/cmTC_b9e44.dir/build
make[1]: Entering directory '/mnt/shunzi/lsm/WipDB/leveldb/release/CMakeFiles/CMakeTmp'
Building CXX object CMakeFiles/cmTC_b9e44.dir/feature_tests.cxx.o
/usr/bin/c++    -std=c++98 -o CMakeFiles/cmTC_b9e44.dir/feature_tests.cxx.o -c /mnt/shunzi/lsm/WipDB/leveldb/release/CMakeFiles/feature_tests.cxx
Linking CXX executable cmTC_b9e44
/opt/cmake-3.13.0/bin/cmake -E cmake_link_script CMakeFiles/cmTC_b9e44.dir/link.txt --verbose=1
/usr/bin/c++       CMakeFiles/cmTC_b9e44.dir/feature_tests.cxx.o  -o cmTC_b9e44 
make[1]: Leaving directory '/mnt/shunzi/lsm/WipDB/leveldb/release/CMakeFiles/CMakeTmp'


    Feature record: CXX_FEATURE:0cxx_aggregate_default_initializers
    Feature record: CXX_FEATURE:0cxx_alias_templates
    Feature record: CXX_FEATURE:0cxx_alignas
    Feature record: CXX_FEATURE:0cxx_alignof
    Feature record: CXX_FEATURE:0cxx_attributes
    Feature record: CXX_FEATURE:0cxx_attribute_deprecated
    Feature record: CXX_FEATURE:0cxx_auto_type
    Feature record: CXX_FEATURE:0cxx_binary_literals
    Feature record: CXX_FEATURE:0cxx_constexpr
    Feature record: CXX_FEATURE:0cxx_contextual_conversions
    Feature record: CXX_FEATURE:0cxx_decltype
    Feature record: CXX_FEATURE:0cxx_decltype_auto
    Feature record: CXX_FEATURE:0cxx_decltype_incomplete_return_types
    Feature record: CXX_FEATURE:0cxx_default_function_template_args
    Feature record: CXX_FEATURE:0cxx_defaulted_functions
    Feature record: CXX_FEATURE:0cxx_defaulted_move_initializers
    Feature record: CXX_FEATURE:0cxx_delegating_constructors
    Feature record: CXX_FEATURE:0cxx_deleted_functions
    Feature record: CXX_FEATURE:0cxx_digit_separators
    Feature record: CXX_FEATURE:0cxx_enum_forward_declarations
    Feature record: CXX_FEATURE:0cxx_explicit_conversions
    Feature record: CXX_FEATURE:0cxx_extended_friend_declarations
    Feature record: CXX_FEATURE:0cxx_extern_templates
    Feature record: CXX_FEATURE:0cxx_final
    Feature record: CXX_FEATURE:0cxx_func_identifier
    Feature record: CXX_FEATURE:0cxx_generalized_initializers
    Feature record: CXX_FEATURE:0cxx_generic_lambdas
    Feature record: CXX_FEATURE:0cxx_inheriting_constructors
    Feature record: CXX_FEATURE:0cxx_inline_namespaces
    Feature record: CXX_FEATURE:0cxx_lambdas
    Feature record: CXX_FEATURE:0cxx_lambda_init_captures
    Feature record: CXX_FEATURE:0cxx_local_type_template_args
    Feature record: CXX_FEATURE:0cxx_long_long_type
    Feature record: CXX_FEATURE:0cxx_noexcept
    Feature record: CXX_FEATURE:0cxx_nonstatic_member_init
    Feature record: CXX_FEATURE:0cxx_nullptr
    Feature record: CXX_FEATURE:0cxx_override
    Feature record: CXX_FEATURE:0cxx_range_for
    Feature record: CXX_FEATURE:0cxx_raw_string_literals
    Feature record: CXX_FEATURE:0cxx_reference_qualified_functions
    Feature record: CXX_FEATURE:0cxx_relaxed_constexpr
    Feature record: CXX_FEATURE:0cxx_return_type_deduction
    Feature record: CXX_FEATURE:0cxx_right_angle_brackets
    Feature record: CXX_FEATURE:0cxx_rvalue_references
    Feature record: CXX_FEATURE:0cxx_sizeof_member
    Feature record: CXX_FEATURE:0cxx_static_assert
    Feature record: CXX_FEATURE:0cxx_strong_enums
    Feature record: CXX_FEATURE:1cxx_template_template_parameters
    Feature record: CXX_FEATURE:0cxx_thread_local
    Feature record: CXX_FEATURE:0cxx_trailing_return_types
    Feature record: CXX_FEATURE:0cxx_unicode_literals
    Feature record: CXX_FEATURE:0cxx_uniform_initialization
    Feature record: CXX_FEATURE:0cxx_unrestricted_unions
    Feature record: CXX_FEATURE:0cxx_user_literals
    Feature record: CXX_FEATURE:0cxx_variable_templates
    Feature record: CXX_FEATURE:0cxx_variadic_macros
    Feature record: CXX_FEATURE:0cxx_variadic_templates
Determining if the include file sys/types.h exists passed with the following output:
Change Dir: /mnt/shunzi/lsm/WipDB/leveldb/release/CMakeFiles/CMakeTmp

Run Build Command:"/usr/bin/make" "cmTC_922ce/fast"
/usr/bin/make -f CMakeFiles/cmTC_922ce.dir/build.make CMakeFiles/cmTC_922ce.dir/build
make[1]: Entering directory '/mnt/shunzi/lsm/WipDB/leveldb/release/CMakeFiles/CMakeTmp'
Building C object CMakeFiles/cmTC_922ce.dir/CheckIncludeFile.c.o
/usr/bin/cc   -std=c11 -o CMakeFiles/cmTC_922ce.dir/CheckIncludeFile.c.o   -c /mnt/shunzi/lsm/WipDB/leveldb/release/CMakeFiles/CMakeTmp/CheckIncludeFile.c
Linking C executable cmTC_922ce
/opt/cmake-3.13.0/bin/cmake -E cmake_link_script CMakeFiles/cmTC_922ce.dir/link.txt --verbose=1
/usr/bin/cc      CMakeFiles/cmTC_922ce.dir/CheckIncludeFile.c.o  -o cmTC_922ce 
make[1]: Leaving directory '/mnt/shunzi/lsm/WipDB/leveldb/release/CMakeFiles/CMakeTmp'


Determining if the include file stdint.h exists passed with the following output:
Change Dir: /mnt/shunzi/lsm/WipDB/leveldb/release/CMakeFiles/CMakeTmp

Run Build Command:"/usr/bin/make" "cmTC_8d8d9/fast"
/usr/bin/make -f CMakeFiles/cmTC_8d8d9.dir/build.make CMakeFiles/cmTC_8d8d9.dir/build
make[1]: Entering directory '/mnt/shunzi/lsm/WipDB/leveldb/release/CMakeFiles/CMakeTmp'
Building C object CMakeFiles/cmTC_8d8d9.dir/CheckIncludeFile.c.o
/usr/bin/cc   -std=c11 -o CMakeFiles/cmTC_8d8d9.dir/CheckIncludeFile.c.o   -c /mnt/shunzi/lsm/WipDB/leveldb/release/CMakeFiles/CMakeTmp/CheckIncludeFile.c
Linking C executable cmTC_8d8d9
/opt/cmake-3.13.0/bin/cmake -E cmake_link_script CMakeFiles/cmTC_8d8d9.dir/link.txt --verbose=1
/usr/bin/cc      CMakeFiles/cmTC_8d8d9.dir/CheckIncludeFile.c.o  -o cmTC_8d8d9 
make[1]: Leaving directory '/mnt/shunzi/lsm/WipDB/leveldb/release/CMakeFiles/CMakeTmp'


Determining if the include file stddef.h exists passed with the following output:
Change Dir: /mnt/shunzi/lsm/WipDB/leveldb/release/CMakeFiles/CMakeTmp

Run Build Command:"/usr/bin/make" "cmTC_c636f/fast"
/usr/bin/make -f CMakeFiles/cmTC_c636f.dir/build.make CMakeFiles/cmTC_c636f.dir/build
make[1]: Entering directory '/mnt/shunzi/lsm/WipDB/leveldb/release/CMakeFiles/CMakeTmp'
Building C object CMakeFiles/cmTC_c636f.dir/CheckIncludeFile.c.o
/usr/bin/cc   -std=c11 -o CMakeFiles/cmTC_c636f.dir/CheckIncludeFile.c.o   -c /mnt/shunzi/lsm/WipDB/leveldb/release/CMakeFiles/CMakeTmp/CheckIncludeFile.c
Linking C executable cmTC_c636f
/opt/cmake-3.13.0/bin/cmake -E cmake_link_script CMakeFiles/cmTC_c636f.dir/link.txt --verbose=1
/usr/bin/cc      CMakeFiles/cmTC_c636f.dir/CheckIncludeFile.c.o  -o cmTC_c636f 
make[1]: Leaving directory '/mnt/shunzi/lsm/WipDB/leveldb/release/CMakeFiles/CMakeTmp'


Determining size of unsigned short passed with the following output:
Change Dir: /mnt/shunzi/lsm/WipDB/leveldb/release/CMakeFiles/CMakeTmp

Run Build Command:"/usr/bin/make" "cmTC_307a5/fast"
/usr/bin/make -f CMakeFiles/cmTC_307a5.dir/build.make CMakeFiles/cmTC_307a5.dir/build
make[1]: Entering directory '/mnt/shunzi/lsm/WipDB/leveldb/release/CMakeFiles/CMakeTmp'
Building C object CMakeFiles/cmTC_307a5.dir/CMAKE_SIZEOF_UNSIGNED_SHORT.c.o
/usr/bin/cc   -std=c11 -o CMakeFiles/cmTC_307a5.dir/CMAKE_SIZEOF_UNSIGNED_SHORT.c.o   -c /mnt/shunzi/lsm/WipDB/leveldb/release/CMakeFiles/CheckTypeSize/CMAKE_SIZEOF_UNSIGNED_SHORT.c
Linking C executable cmTC_307a5
/opt/cmake-3.13.0/bin/cmake -E cmake_link_script CMakeFiles/cmTC_307a5.dir/link.txt --verbose=1
/usr/bin/cc      CMakeFiles/cmTC_307a5.dir/CMAKE_SIZEOF_UNSIGNED_SHORT.c.o  -o cmTC_307a5 
make[1]: Leaving directory '/mnt/shunzi/lsm/WipDB/leveldb/release/CMakeFiles/CMakeTmp'


Determining if the system is big endian passed with the following output:
Change Dir: /mnt/shunzi/lsm/WipDB/leveldb/release/CMakeFiles/CMakeTmp

Run Build Command:"/usr/bin/make" "cmTC_aa9d7/fast"
/usr/bin/make -f CMakeFiles/cmTC_aa9d7.dir/build.make CMakeFiles/cmTC_aa9d7.dir/build
make[1]: Entering directory '/mnt/shunzi/lsm/WipDB/leveldb/release/CMakeFiles/CMakeTmp'
Building C object CMakeFiles/cmTC_aa9d7.dir/TestEndianess.c.o
/usr/bin/cc   -std=c11 -o CMakeFiles/cmTC_aa9d7.dir/TestEndianess.c.o   -c /mnt/shunzi/lsm/WipDB/leveldb/release/CMakeFiles/CMakeTmp/TestEndianess.c
Linking C executable cmTC_aa9d7
/opt/cmake-3.13.0/bin/cmake -E cmake_link_script CMakeFiles/cmTC_aa9d7.dir/link.txt --verbose=1
/usr/bin/cc      CMakeFiles/cmTC_aa9d7.dir/TestEndianess.c.o  -o cmTC_aa9d7 
make[1]: Leaving directory '/mnt/shunzi/lsm/WipDB/leveldb/release/CMakeFiles/CMakeTmp'

TestEndianess.c:
/* A 16 bit integer is required. */
typedef unsigned short cmakeint16;

/* On a little endian machine, these 16bit ints will give "THIS IS LITTLE ENDIAN."
   On a big endian machine the characters will be exchanged pairwise. */
const cmakeint16 info_little[] =  {0x4854, 0x5349, 0x4920, 0x2053, 0x494c, 0x5454, 0x454c, 0x4520, 0x444e, 0x4149, 0x2e4e, 0x0000};

/* on a big endian machine, these 16bit ints will give "THIS IS BIG ENDIAN."
   On a little endian machine the characters will be exchanged pairwise. */
const cmakeint16 info_big[] =     {0x5448, 0x4953, 0x2049, 0x5320, 0x4249, 0x4720, 0x454e, 0x4449, 0x414e, 0x2e2e, 0x0000};

#ifdef __CLASSIC_C__
int main(argc, argv) int argc; char *argv[];
#else
int main(int argc, char *argv[])
#endif
{
  int require = 0;
  require += info_little[argc];
  require += info_big[argc];
  (void)argv;
  return require;
}


Determining if the include file unistd.h exists passed with the following output:
Change Dir: /mnt/shunzi/lsm/WipDB/leveldb/release/CMakeFiles/CMakeTmp

Run Build Command:"/usr/bin/make" "cmTC_c56e8/fast"
/usr/bin/make -f CMakeFiles/cmTC_c56e8.dir/build.make CMakeFiles/cmTC_c56e8.dir/build
make[1]: Entering directory '/mnt/shunzi/lsm/WipDB/leveldb/release/CMakeFiles/CMakeTmp'
Building C object CMakeFiles/cmTC_c56e8.dir/CheckIncludeFile.c.o
/usr/bin/cc   -std=c11 -o CMakeFiles/cmTC_c56e8.dir/CheckIncludeFile.c.o   -c /mnt/shunzi/lsm/WipDB/leveldb/release/CMakeFiles/CMakeTmp/CheckIncludeFile.c
Linking C executable cmTC_c56e8
/opt/cmake-3.13.0/bin/cmake -E cmake_link_script CMakeFiles/cmTC_c56e8.dir/link.txt --verbose=1
/usr/bin/cc      CMakeFiles/cmTC_c56e8.dir/CheckIncludeFile.c.o  -o cmTC_c56e8 
make[1]: Leaving directory '/mnt/shunzi/lsm/WipDB/leveldb/release/CMakeFiles/CMakeTmp'


Determining if the function snappy_compress exists in the snappy passed with the following output:
Change Dir: /mnt/shunzi/lsm/WipDB/leveldb/release/CMakeFiles/CMakeTmp

Run Build Command:"/usr/bin/make" "cmTC_547ba/fast"
/usr/bin/make -f CMakeFiles/cmTC_547ba.dir/build.make CMakeFiles/cmTC_547ba.dir/build
make[1]: Entering directory '/mnt/shunzi/lsm/WipDB/leveldb/release/CMakeFiles/CMakeTmp'
Building C object CMakeFiles/cmTC_547ba.dir/CheckFunctionExists.c.o
/usr/bin/cc   -DCHECK_FUNCTION_EXISTS=snappy_compress   -std=c11 -o CMakeFiles/cmTC_547ba.dir/CheckFunctionExists.c.o   -c /opt/cmake-3.13.0/share/cmake-3.13/Modules/CheckFunctionExists.c
Linking C executable cmTC_547ba
/opt/cmake-3.13.0/bin/cmake -E cmake_link_script CMakeFiles/cmTC_547ba.dir/link.txt --verbose=1
/usr/bin/cc  -DCHECK_FUNCTION_EXISTS=snappy_compress    CMakeFiles/cmTC_547ba.dir/CheckFunctionExists.c.o  -o cmTC_547ba -lsnappy 
make[1]: Leaving directory '/mnt/shunzi/lsm/WipDB/leveldb/release/CMakeFiles/CMakeTmp'


Determining if the fdatasync exist passed with the following output:
Change Dir: /mnt/shunzi/lsm/WipDB/leveldb/release/CMakeFiles/CMakeTmp

Run Build Command:"/usr/bin/make" "cmTC_40e22/fast"
/usr/bin/make -f CMakeFiles/cmTC_40e22.dir/build.make CMakeFiles/cmTC_40e22.dir/build
make[1]: Entering directory '/mnt/shunzi/lsm/WipDB/leveldb/release/CMakeFiles/CMakeTmp'
Building CXX object CMakeFiles/cmTC_40e22.dir/CheckSymbolExists.cxx.o
/usr/bin/c++    -std=c++11 -o CMakeFiles/cmTC_40e22.dir/CheckSymbolExists.cxx.o -c /mnt/shunzi/lsm/WipDB/leveldb/release/CMakeFiles/CMakeTmp/CheckSymbolExists.cxx
Linking CXX executable cmTC_40e22
/opt/cmake-3.13.0/bin/cmake -E cmake_link_script CMakeFiles/cmTC_40e22.dir/link.txt --verbose=1
/usr/bin/c++       CMakeFiles/cmTC_40e22.dir/CheckSymbolExists.cxx.o  -o cmTC_40e22 
make[1]: Leaving directory '/mnt/shunzi/lsm/WipDB/leveldb/release/CMakeFiles/CMakeTmp'

File /mnt/shunzi/lsm/WipDB/leveldb/release/CMakeFiles/CMakeTmp/CheckSymbolExists.cxx:
/* */
#include <unistd.h>

int main(int argc, char** argv)
{
  (void)argv;
#ifndef fdatasync
  return ((int*)(&fdatasync))[argc];
#else
  (void)argc;
  return 0;
#endif
}

Performing C++ SOURCE FILE Test HAVE_CXX17_HAS_INCLUDE succeeded with the following output:
Change Dir: /mnt/shunzi/lsm/WipDB/leveldb/release/CMakeFiles/CMakeTmp

Run Build Command:"/usr/bin/make" "cmTC_81328/fast"
/usr/bin/make -f CMakeFiles/cmTC_81328.dir/build.make CMakeFiles/cmTC_81328.dir/build
make[1]: Entering directory '/mnt/shunzi/lsm/WipDB/leveldb/release/CMakeFiles/CMakeTmp'
Building CXX object CMakeFiles/cmTC_81328.dir/src.cxx.o
/usr/bin/c++    -DHAVE_CXX17_HAS_INCLUDE   -std=c++11 -o CMakeFiles/cmTC_81328.dir/src.cxx.o -c /mnt/shunzi/lsm/WipDB/leveldb/release/CMakeFiles/CMakeTmp/src.cxx
Linking CXX executable cmTC_81328
/opt/cmake-3.13.0/bin/cmake -E cmake_link_script CMakeFiles/cmTC_81328.dir/link.txt --verbose=1
/usr/bin/c++   -DHAVE_CXX17_HAS_INCLUDE    CMakeFiles/cmTC_81328.dir/src.cxx.o  -o cmTC_81328 
make[1]: Leaving directory '/mnt/shunzi/lsm/WipDB/leveldb/release/CMakeFiles/CMakeTmp'

Source file was:

#if defined(__has_include) &&  __has_include(<string>)
#include <string>
#endif
int main() { std::string str; return 0; }

Determining if the include file pthread.h exists passed with the following output:
Change Dir: /mnt/shunzi/lsm/WipDB/leveldb/release/CMakeFiles/CMakeTmp

Run Build Command:"/usr/bin/make" "cmTC_17623/fast"
/usr/bin/make -f CMakeFiles/cmTC_17623.dir/build.make CMakeFiles/cmTC_17623.dir/build
make[1]: Entering directory '/mnt/shunzi/lsm/WipDB/leveldb/release/CMakeFiles/CMakeTmp'
Building C object CMakeFiles/cmTC_17623.dir/CheckIncludeFile.c.o
/usr/bin/cc   -std=c11 -o CMakeFiles/cmTC_17623.dir/CheckIncludeFile.c.o   -c /mnt/shunzi/lsm/WipDB/leveldb/release/CMakeFiles/CMakeTmp/CheckIncludeFile.c
Linking C executable cmTC_17623
/opt/cmake-3.13.0/bin/cmake -E cmake_link_script CMakeFiles/cmTC_17623.dir/link.txt --verbose=1
/usr/bin/cc      CMakeFiles/cmTC_17623.dir/CheckIncludeFile.c.o  -o cmTC_17623 
make[1]: Leaving directory '/mnt/shunzi/lsm/WipDB/leveldb/release/CMakeFiles/CMakeTmp'


Determining if the function pthread_create exists in the pthread passed with the following output:
Change Dir: /mnt/shunzi/lsm/WipDB/leveldb/release/CMakeFiles/CMakeTmp

Run Build Command:"/usr/bin/make" "cmTC_2f0bf/fast"
/usr/bin/make -f CMakeFiles/cmTC_2f0bf.dir/build.make CMakeFiles/cmTC_2f0bf.dir/build
make[1]: Entering directory '/mnt/shunzi/lsm/WipDB/leveldb/release/CMakeFiles/CMakeTmp'
Building C object CMakeFiles/cmTC_2f0bf.dir/CheckFunctionExists.c.o
/usr/bin/cc   -DCHECK_FUNCTION_EXISTS=pthread_create   -std=c11 -o CMakeFiles/cmTC_2f0bf.dir/CheckFunctionExists.c.o   -c /opt/cmake-3.13.0/share/cmake-3.13/Modules/CheckFunctionExists.c
Linking C executable cmTC_2f0bf
/opt/cmake-3.13.0/bin/cmake -E cmake_link_script CMakeFiles/cmTC_2f0bf.dir/link.txt --verbose=1
/usr/bin/cc  -DCHECK_FUNCTION_EXISTS=pthread_create    CMakeFiles/cmTC_2f0bf.dir/CheckFunctionExists.c.o  -o cmTC_2f0bf -lpthread 
make[1]: Leaving directory '/mnt/shunzi/lsm/WipDB/leveldb/release/CMakeFiles/CMakeTmp'


